<?xml version="1.0" encoding="UTF-8"?>
<testsuites name="jest tests" tests="136" failures="63" errors="0" time="30.79">
  <testsuite name="src/app/lib/__tests__/api-integration.test.ts" errors="0" failures="0" skipped="0" timestamp="2025-12-07T09:22:43" time="1.92" tests="19">
    <testcase classname="API Integration Tests › TicketApi › getTickets" name="should fetch tickets successfully" time="0.21">
    </testcase>
    <testcase classname="API Integration Tests › TicketApi › getTickets" name="should handle API error responses" time="0.076">
    </testcase>
    <testcase classname="API Integration Tests › TicketApi › getTickets" name="should handle network errors" time="0.017">
    </testcase>
    <testcase classname="API Integration Tests › TicketApi › getTickets" name="should include query parameters correctly" time="0.025">
    </testcase>
    <testcase classname="API Integration Tests › TicketApi › createTicket" name="should create ticket successfully" time="0.01">
    </testcase>
    <testcase classname="API Integration Tests › TicketApi › createTicket" name="should handle validation errors" time="0.008">
    </testcase>
    <testcase classname="API Integration Tests › DashboardAPI › getDashboardConfig" name="should fetch dashboard config successfully" time="0.005">
    </testcase>
    <testcase classname="API Integration Tests › DashboardAPI › getTicketStats" name="should fetch ticket statistics successfully" time="0.003">
    </testcase>
    <testcase classname="API Integration Tests › Error Handling" name="should handle HTTP error status codes" time="0.01">
    </testcase>
    <testcase classname="API Integration Tests › Error Handling" name="should handle malformed JSON responses" time="0.009">
    </testcase>
    <testcase classname="API Integration Tests › Error Handling" name="should handle timeout errors" time="0.113">
    </testcase>
    <testcase classname="API Integration Tests › Error Handling" name="should handle CORS errors" time="0.01">
    </testcase>
    <testcase classname="API Integration Tests › Authentication Integration" name="should include authorization header when token exists" time="0.008">
    </testcase>
    <testcase classname="API Integration Tests › Authentication Integration" name="should handle token expiration" time="0.01">
    </testcase>
    <testcase classname="API Integration Tests › Authentication Integration" name="should handle unauthorized access" time="0.049">
    </testcase>
    <testcase classname="API Integration Tests › Performance and Caching" name="should handle concurrent requests" time="0.039">
    </testcase>
    <testcase classname="API Integration Tests › Performance and Caching" name="should handle large response payloads" time="0.019">
    </testcase>
    <testcase classname="API Integration Tests › Data Validation" name="should handle missing response fields" time="0.007">
    </testcase>
    <testcase classname="API Integration Tests › Data Validation" name="should validate response data structure" time="0.006">
    </testcase>
  </testsuite>
  <testsuite name="src/app/components/__tests__/LoadingEmptyError.test.tsx" errors="0" failures="0" skipped="0" timestamp="2025-12-07T09:22:43" time="2.462" tests="17">
    <testcase classname="LoadingEmptyError Component › Loading State" name="should render loading spinner with default text" time="0.093">
    </testcase>
    <testcase classname="LoadingEmptyError Component › Loading State" name="should render loading spinner with custom text" time="0.079">
    </testcase>
    <testcase classname="LoadingEmptyError Component › Loading State" name="should apply custom minHeight and className" time="0.011">
    </testcase>
    <testcase classname="LoadingEmptyError Component › Empty State" name="should render empty state with default configuration" time="0.013">
    </testcase>
    <testcase classname="LoadingEmptyError Component › Empty State" name="should render empty state with custom configuration" time="0.04">
    </testcase>
    <testcase classname="LoadingEmptyError Component › Empty State" name="should not render action button when showAction is false" time="0.028">
    </testcase>
    <testcase classname="LoadingEmptyError Component › Empty State" name="should render custom icon when provided" time="0.008">
    </testcase>
    <testcase classname="LoadingEmptyError Component › Error State" name="should render error state with default configuration" time="0.011">
    </testcase>
    <testcase classname="LoadingEmptyError Component › Error State" name="should render error state with custom configuration and retry action" time="0.014">
    </testcase>
    <testcase classname="LoadingEmptyError Component › Error State" name="should not render retry button when showRetry is false" time="0.006">
    </testcase>
    <testcase classname="LoadingEmptyError Component › Success State" name="should render children when state is success" time="0.005">
    </testcase>
    <testcase classname="LoadingEmptyError Component › Success State" name="should render success configuration when provided" time="0.008">
    </testcase>
    <testcase classname="LoadingEmptyError Component › Success State" name="should render both success config and children" time="0.006">
    </testcase>
    <testcase classname="LoadingEmptyError Component › Custom Styling" name="should apply custom className to different states" time="0.02">
    </testcase>
    <testcase classname="LoadingEmptyError Component › Custom Styling" name="should apply custom minHeight to loading and empty states" time="0.01">
    </testcase>
    <testcase classname="LoadingEmptyError Component › Edge Cases" name="should return null for invalid state" time="0.003">
    </testcase>
    <testcase classname="LoadingEmptyError Component › Edge Cases" name="should handle missing onAction gracefully" time="0.007">
    </testcase>
  </testsuite>
  <testsuite name="src/app/components/__tests__/TicketCard.test.tsx" errors="0" failures="2" skipped="0" timestamp="2025-12-07T09:22:43" time="2.734" tests="28">
    <testcase classname="TicketCard › Rendering" name="should render ticket card with basic information" time="0.173">
    </testcase>
    <testcase classname="TicketCard › Rendering" name="should display priority badge correctly" time="0.014">
    </testcase>
    <testcase classname="TicketCard › Rendering" name="should show appropriate icon for priority" time="0.011">
    </testcase>
    <testcase classname="TicketCard › Rendering" name="should display clock icon and last update time" time="0.018">
    </testcase>
    <testcase classname="TicketCard › Priority Variants" name="should render P1 priority correctly with Zap icon" time="0.029">
    </testcase>
    <testcase classname="TicketCard › Priority Variants" name="should render P2 priority correctly with AlertCircle icon" time="0.032">
    </testcase>
    <testcase classname="TicketCard › Priority Variants" name="should render P3 priority correctly with Info icon" time="0.008">
    </testcase>
    <testcase classname="TicketCard › Priority Variants" name="should render P4 priority correctly with ChevronsDown icon" time="0.008">
    </testcase>
    <testcase classname="TicketCard › P1 Priority Alert Behavior" name="should play alert sound for P1 priority tickets" time="0.011">
      <failure>Error: expect(jest.fn()).toHaveBeenCalledWith(...expected)

Expected: &quot;/alert.mp3&quot;

Number of calls: 0
    at Object.toHaveBeenCalledWith (/Users/heidsoft/Downloads/research/itsm/itsm-prototype/src/app/components/__tests__/TicketCard.test.tsx:111:28)
    at Promise.then.completed (/Users/heidsoft/Downloads/research/itsm/itsm-prototype/node_modules/jest-circus/build/utils.js:298:28)
    at new Promise (&lt;anonymous&gt;)
    at callAsyncCircusFn (/Users/heidsoft/Downloads/research/itsm/itsm-prototype/node_modules/jest-circus/build/utils.js:231:10)
    at _callCircusTest (/Users/heidsoft/Downloads/research/itsm/itsm-prototype/node_modules/jest-circus/build/run.js:316:40)
    at processTicksAndRejections (node:internal/process/task_queues:105:5)
    at _runTest (/Users/heidsoft/Downloads/research/itsm/itsm-prototype/node_modules/jest-circus/build/run.js:252:3)
    at _runTestsForDescribeBlock (/Users/heidsoft/Downloads/research/itsm/itsm-prototype/node_modules/jest-circus/build/run.js:126:9)
    at _runTestsForDescribeBlock (/Users/heidsoft/Downloads/research/itsm/itsm-prototype/node_modules/jest-circus/build/run.js:121:9)
    at _runTestsForDescribeBlock (/Users/heidsoft/Downloads/research/itsm/itsm-prototype/node_modules/jest-circus/build/run.js:121:9)
    at run (/Users/heidsoft/Downloads/research/itsm/itsm-prototype/node_modules/jest-circus/build/run.js:71:3)
    at runAndTransformResultsToJestFormat (/Users/heidsoft/Downloads/research/itsm/itsm-prototype/node_modules/jest-circus/build/legacy-code-todo-rewrite/jestAdapterInit.js:122:21)
    at jestAdapter (/Users/heidsoft/Downloads/research/itsm/itsm-prototype/node_modules/jest-circus/build/legacy-code-todo-rewrite/jestAdapter.js:79:19)
    at runTestInternal (/Users/heidsoft/Downloads/research/itsm/itsm-prototype/node_modules/jest-runner/build/runTest.js:367:16)
    at runTest (/Users/heidsoft/Downloads/research/itsm/itsm-prototype/node_modules/jest-runner/build/runTest.js:444:34)
    at Object.worker (/Users/heidsoft/Downloads/research/itsm/itsm-prototype/node_modules/jest-runner/build/testWorker.js:106:12)</failure>
    </testcase>
    <testcase classname="TicketCard › P1 Priority Alert Behavior" name="should add pulse animation class for P1 priority" time="0.009">
    </testcase>
    <testcase classname="TicketCard › P1 Priority Alert Behavior" name="should not play sound for non-P1 priorities" time="0.009">
    </testcase>
    <testcase classname="TicketCard › Type Variants" name="should display custom type when provided" time="0.016">
    </testcase>
    <testcase classname="TicketCard › Type Variants" name="should use default type when not provided" time="0.01">
    </testcase>
    <testcase classname="TicketCard › ID Variants" name="should handle string ID" time="0.007">
    </testcase>
    <testcase classname="TicketCard › ID Variants" name="should handle numeric ID" time="0.017">
    </testcase>
    <testcase classname="TicketCard › Styling and Layout" name="should have proper CSS classes for layout" time="0.008">
    </testcase>
    <testcase classname="TicketCard › Styling and Layout" name="should have hover effects" time="0.006">
    </testcase>
    <testcase classname="TicketCard › Styling and Layout" name="should have priority-based border color" time="0.006">
    </testcase>
    <testcase classname="TicketCard › Accessibility" name="should have proper semantic structure" time="0.079">
    </testcase>
    <testcase classname="TicketCard › Accessibility" name="应该支持键盘导航" time="0.012">
    </testcase>
    <testcase classname="TicketCard › Edge Cases" name="should handle very long titles" time="0.006">
    </testcase>
    <testcase classname="TicketCard › Edge Cases" name="should handle empty status" time="0.006">
    </testcase>
    <testcase classname="TicketCard › Edge Cases" name="should handle invalid priority gracefully" time="0.007">
    </testcase>
    <testcase classname="TicketCard › Performance" name="should not re-render unnecessarily" time="0.01">
    </testcase>
    <testcase classname="TicketCard › Performance" name="should handle priority changes correctly" time="0.017">
      <failure>Error: expect(jest.fn()).toHaveBeenCalledWith(...expected)

Expected: &quot;/alert.mp3&quot;

Number of calls: 0
    at Object.toHaveBeenCalledWith (/Users/heidsoft/Downloads/research/itsm/itsm-prototype/src/app/components/__tests__/TicketCard.test.tsx:254:28)
    at Promise.then.completed (/Users/heidsoft/Downloads/research/itsm/itsm-prototype/node_modules/jest-circus/build/utils.js:298:28)
    at new Promise (&lt;anonymous&gt;)
    at callAsyncCircusFn (/Users/heidsoft/Downloads/research/itsm/itsm-prototype/node_modules/jest-circus/build/utils.js:231:10)
    at _callCircusTest (/Users/heidsoft/Downloads/research/itsm/itsm-prototype/node_modules/jest-circus/build/run.js:316:40)
    at processTicksAndRejections (node:internal/process/task_queues:105:5)
    at _runTest (/Users/heidsoft/Downloads/research/itsm/itsm-prototype/node_modules/jest-circus/build/run.js:252:3)
    at _runTestsForDescribeBlock (/Users/heidsoft/Downloads/research/itsm/itsm-prototype/node_modules/jest-circus/build/run.js:126:9)
    at _runTestsForDescribeBlock (/Users/heidsoft/Downloads/research/itsm/itsm-prototype/node_modules/jest-circus/build/run.js:121:9)
    at _runTestsForDescribeBlock (/Users/heidsoft/Downloads/research/itsm/itsm-prototype/node_modules/jest-circus/build/run.js:121:9)
    at run (/Users/heidsoft/Downloads/research/itsm/itsm-prototype/node_modules/jest-circus/build/run.js:71:3)
    at runAndTransformResultsToJestFormat (/Users/heidsoft/Downloads/research/itsm/itsm-prototype/node_modules/jest-circus/build/legacy-code-todo-rewrite/jestAdapterInit.js:122:21)
    at jestAdapter (/Users/heidsoft/Downloads/research/itsm/itsm-prototype/node_modules/jest-circus/build/legacy-code-todo-rewrite/jestAdapter.js:79:19)
    at runTestInternal (/Users/heidsoft/Downloads/research/itsm/itsm-prototype/node_modules/jest-runner/build/runTest.js:367:16)
    at runTest (/Users/heidsoft/Downloads/research/itsm/itsm-prototype/node_modules/jest-runner/build/runTest.js:444:34)
    at Object.worker (/Users/heidsoft/Downloads/research/itsm/itsm-prototype/node_modules/jest-runner/build/testWorker.js:106:12)</failure>
    </testcase>
    <testcase classname="TicketCard › Audio Error Handling" name="should handle audio play errors gracefully" time="0.007">
    </testcase>
    <testcase classname="TicketCard › Component Lifecycle" name="should clean up animation classes on unmount" time="0.009">
    </testcase>
    <testcase classname="TicketCard › Component Lifecycle" name="should handle priority changes during component lifecycle" time="0.027">
    </testcase>
  </testsuite>
  <testsuite name="src/components/__tests__/EnterpriseLoginForm.test.tsx" errors="0" failures="24" skipped="0" timestamp="2025-12-07T09:22:43" time="4.726" tests="33">
    <testcase classname="EnterpriseLoginForm › 基础渲染测试" name="应该正确渲染登录表单" time="0.399">
      <failure>TestingLibraryElementError: Unable to find a label with the text of: 密码

Ignored nodes: comments, script, style
&lt;body&gt;
  &lt;div&gt;
    &lt;div
      class=&quot;w-full max-w-md mx-auto &quot;
    &gt;
      &lt;div
        aria-atomic=&quot;true&quot;
        aria-live=&quot;assertive&quot;
        class=&quot;sr-only&quot;
      /&gt;
      &lt;div
        class=&quot;text-center mb-8&quot;
      &gt;
        &lt;h1
          class=&quot;text-3xl font-bold text-gray-900 mb-2&quot;
        &gt;
          系统登录
        &lt;/h1&gt;
        &lt;p
          class=&quot;text-gray-600&quot;
        &gt;
          请输入您的账户信息
        &lt;/p&gt;
      &lt;/div&gt;
      &lt;form
        class=&quot;space-y-6&quot;
        novalidate=&quot;&quot;
      &gt;
        &lt;input
          name=&quot;_token&quot;
          type=&quot;hidden&quot;
          value=&quot;mock-csrf-token&quot;
        /&gt;
        &lt;div&gt;
          &lt;label
            class=&quot;block text-sm font-medium text-gray-700 mb-2&quot;
            for=&quot;username&quot;
          &gt;
            用户名/邮箱
            &lt;span
              aria-label=&quot;必填&quot;
              class=&quot;text-red-500 ml-1&quot;
            &gt;
              *
            &lt;/span&gt;
          &lt;/label&gt;
          &lt;div
            class=&quot;relative&quot;
          &gt;
            &lt;div
              class=&quot;absolute inset-y-0 left-0 pl-3 flex items-center pointer-events-none&quot;
            &gt;
              &lt;svg
                aria-hidden=&quot;true&quot;
                class=&quot;lucide lucide-user h-5 w-5 text-gray-400&quot;
                fill=&quot;none&quot;
                height=&quot;24&quot;
                stroke=&quot;currentColor&quot;
                stroke-linecap=&quot;round&quot;
                stroke-linejoin=&quot;round&quot;
                stroke-width=&quot;2&quot;
                viewBox=&quot;0 0 24 24&quot;
                width=&quot;24&quot;
                xmlns=&quot;http://www.w3.org/2000/svg&quot;
              &gt;
                &lt;path
                  d=&quot;M19 21v-2a4 4 0 0 0-4-4H9a4 4 0 0 0-4 4v2&quot;
                /&gt;
                &lt;circle
                  cx=&quot;12&quot;
                  cy=&quot;7&quot;
                  r=&quot;4&quot;
                /&gt;
              &lt;/svg&gt;
            &lt;/div&gt;
            &lt;input
              aria-invalid=&quot;false&quot;
              autocomplete=&quot;username&quot;
              class=&quot;block w-full pl-10 pr-3 py-3 border rounded-lg focus:ring-2 focus:ring-blue-500 focus:border-blue-500 transition-colors border-gray-300 bg-white&quot;
              id=&quot;username&quot;
              name=&quot;username&quot;
              placeholder=&quot;请输入用户名或邮箱&quot;
              required=&quot;&quot;
              type=&quot;text&quot;
              value=&quot;&quot;
            /&gt;
          &lt;/div&gt;
        &lt;/div&gt;
        &lt;div&gt;
          &lt;label
            class=&quot;block text-sm font-medium text-gray-700 mb-2&quot;
            for=&quot;password&quot;
          &gt;
            密码
            &lt;span
              aria-label=&quot;必填&quot;
              class=&quot;text-red-500 ml-1&quot;
            &gt;
              *
            &lt;/span&gt;
          &lt;/label&gt;
          &lt;div
            class=&quot;relative&quot;
          &gt;
            &lt;div
              class=&quot;absolute inset-y-0 left-0 pl-3 flex items-center pointer-events-none&quot;
            &gt;
              &lt;svg
                aria-hidden=&quot;true&quot;
                class=&quot;lucide lucide-lock h-5 w-5 text-gray-400&quot;
                fill=&quot;none&quot;
                height=&quot;24&quot;
                stroke=&quot;currentColor&quot;
                stroke-linecap=&quot;round&quot;
                stroke-linejoin=&quot;round&quot;
                stroke-width=&quot;2&quot;
                viewBox=&quot;0 0 24 24&quot;
                width=&quot;24&quot;
                xmlns=&quot;http://www.w3.org/2000/svg&quot;
              &gt;
                &lt;rect
                  height=&quot;11&quot;
                  rx=&quot;2&quot;
                  ry=&quot;2&quot;
                  width=&quot;18&quot;
                  x=&quot;3&quot;
                  y=&quot;11&quot;
                /&gt;
                &lt;path
                  d=&quot;M7 11V7a5 5 0 0 1 10 0v4&quot;
                /&gt;
              &lt;/svg&gt;
            &lt;/div&gt;
            &lt;input
              aria-invalid=&quot;false&quot;
              autocomplete=&quot;current-password&quot;
              class=&quot;block w-full pl-10 pr-12 py-3 border rounded-lg focus:ring-2 focus:ring-blue-500 focus:border-blue-500 transition-colors border-gray-300 bg-white&quot;
              id=&quot;password&quot;
              name=&quot;password&quot;
              placeholder=&quot;请输入密码&quot;
              required=&quot;&quot;
              type=&quot;password&quot;
              value=&quot;&quot;
            /&gt;
            &lt;button
              aria-label=&quot;显示密码&quot;
              class=&quot;absolute inset-y-0 right-0 pr-3 flex items-center&quot;
              type=&quot;button&quot;
            &gt;
              &lt;svg
                aria-hidden=&quot;true&quot;
                class=&quot;lucide lucide-eye h-5 w-5 text-gray-400 hover:text-gray-600&quot;
                fill=&quot;none&quot;
                height=&quot;24&quot;
                stroke=&quot;currentColor&quot;
                stroke-linecap=&quot;round&quot;
                stroke-linejoin=&quot;round&quot;
                stroke-width=&quot;2&quot;
                viewBox=&quot;0 0 24 24&quot;
                width=&quot;24&quot;
                xmlns=&quot;http://www.w3.org/2000/svg&quot;
              &gt;
                &lt;path
                  d=&quot;M2.062 12.348a1 1 0 0 1 0-.696 10.75 10.75 0 0 1 19.876 0 1 1 0 0 1 0 .696 10.75 10.75 0 0 1-19.876 0&quot;
                /&gt;
                &lt;circle
                  cx=&quot;12&quot;
                  cy=&quot;12&quot;
                  r=&quot;3&quot;
                /&gt;
              &lt;/svg&gt;
            &lt;/button&gt;
          &lt;/div&gt;
        &lt;/div&gt;
        &lt;div
          class=&quot;flex items-center justify-between&quot;
        &gt;
          &lt;div
            class=&quot;flex items-center&quot;
          &gt;
            &lt;input
              class=&quot;h-4 w-4 text-blue-600 focus:ring-blue-500 border-gray-300 rounded&quot;
              id=&quot;remember-me&quot;
              name=&quot;remember-me&quot;
              type=&quot;checkbox&quot;
            /&gt;
            &lt;label
              class=&quot;ml-2 block text-sm text-gray-700&quot;
              for=&quot;remember-me&quot;
            &gt;
              记住我
            &lt;/label&gt;
          &lt;/div&gt;
          &lt;button
            class=&quot;text-sm text-blue-600 hover:text-blue-700 focus:outline-none focus:underline transition-colors&quot;
            type=&quot;button&quot;
          &gt;
            忘记密码？
          &lt;/button&gt;
        &lt;/div&gt;
        &lt;button
          class=&quot;w-full flex justify-center items-center px-4 py-3 border border-transparent rounded-lg shadow-sm text-sm font-medium text-white bg-blue-600 hover:bg-blue-700 focus:outline-none focus:ring-2 focus:ring-offset-2 focus:ring-blue-500 disabled:opacity-50 disabled:cursor-not-allowed transition-colors&quot;
          type=&quot;submit&quot;
        &gt;
          &lt;span&gt;
            登录
          &lt;/span&gt;
          &lt;svg
            aria-hidden=&quot;true&quot;
            class=&quot;lucide lucide-arrow-right w-5 h-5 ml-2&quot;
            fill=&quot;none&quot;
            height=&quot;24&quot;
            stroke=&quot;currentColor&quot;
            stroke-linecap=&quot;round&quot;
            stroke-linejoin=&quot;round&quot;
            stroke-width=&quot;2&quot;
            viewBox=&quot;0 0 24 24&quot;
            width=&quot;24&quot;
            xmlns=&quot;http://www.w3.org/2000/svg&quot;
          &gt;
            &lt;path
              d=&quot;M5 12h14&quot;
            /&gt;
            &lt;path
              d=&quot;m12 5 7 7-7 7&quot;
            /&gt;
          &lt;/svg&gt;
        &lt;/button&gt;
        &lt;div
          class=&quot;relative&quot;
        &gt;
          &lt;div
            class=&quot;absolute inset-0 flex items-center&quot;
          &gt;
            &lt;div
              class=&quot;w-full border-t border-gray-300&quot;
            /&gt;
          &lt;/div&gt;
          &lt;div
            class=&quot;relative flex justify-center text-sm&quot;
          &gt;
            &lt;span
              class=&quot;px-2 bg-white text-gray-500&quot;
            &gt;
              或
            &lt;/span&gt;
          &lt;/div&gt;
        &lt;/div&gt;
        &lt;button
          class=&quot;w-full flex justify-center items-center px-4 py-3 border border-gray-300 rounded-lg shadow-sm text-sm font-medium text-gray-700 bg-white hover:bg-gray-50 focus:outline-none focus:ring-2 focus:ring-offset-2 focus:ring-blue-500 disabled:opacity-50 disabled:cursor-not-allowed transition-colors&quot;
          type=&quot;button&quot;
        &gt;
          &lt;svg
            aria-hidden=&quot;true&quot;
            class=&quot;lucide lucide-globe w-5 h-5 mr-2&quot;
            fill=&quot;none&quot;
            height=&quot;24&quot;
            stroke=&quot;currentColor&quot;
            stroke-linecap=&quot;round&quot;
            stroke-linejoin=&quot;round&quot;
            stroke-width=&quot;2&quot;
            viewBox=&quot;0 0 24 24&quot;
            width=&quot;24&quot;
            xmlns=&quot;http://www.w3.org/2000/svg&quot;
          &gt;
            &lt;circle
              cx=&quot;12&quot;
              cy=&quot;12&quot;
              r=&quot;10&quot;
            /&gt;
            &lt;path
              d=&quot;M12 2a14.5 14.5 0 0 0 0 20 14.5 14.5 0 0 0 0-20&quot;
            /&gt;
            &lt;path
              d=&quot;M2 12h20&quot;
            /&gt;
          &lt;/svg&gt;
          &lt;span&gt;
            SSO 单点登录
          &lt;/span&gt;
        &lt;/button&gt;
        &lt;button
          class=&quot;w-full flex justify-center items-center px-4 py-3 border border-gray-300 rounded-lg shadow-sm text-sm font-medium text-gray-700 bg-white hover:bg-gray-50 focus:outline-none focus:ring-2 focus:ring-offset-2 focus:ring-blue-500 disabled:opacity-50 disabled:cursor-not-allowed transition-colors&quot;
          type=&quot;button&quot;
        &gt;
          &lt;svg
            aria-hidden=&quot;true&quot;
            class=&quot;lucide lucide-fingerprint w-5 h-5 mr-2&quot;
            fill=&quot;none&quot;
            height=&quot;24&quot;
            stroke=&quot;currentColor&quot;
            stroke-linecap=&quot;round&quot;
            stroke-linejoin=&quot;round&quot;
            stroke-width=&quot;2&quot;
            viewBox=&quot;0 0 24 24&quot;
            width=&quot;24&quot;
            xmlns=&quot;http://www.w3.org/2000/svg&quot;
          &gt;
            &lt;path
              d=&quot;M12 10a2 2 0 0 0-2 2c0 1.02-.1 2.51-.26 4&quot;
            /&gt;
            &lt;path
              d=&quot;M14 13.12c0 2.38 0 6.38-1 8.88&quot;
            /&gt;
            &lt;path
              d=&quot;M17.29 21.02c.12-.6.43-2.3.5-3.02&quot;
            /&gt;
            &lt;path
              d=&quot;M2 12a10 10 0 0 1 18-6&quot;
            /&gt;
            &lt;path
              d=&quot;M2 16h.01&quot;
            /&gt;
            &lt;path
              d=&quot;M21.8 16c.2-2 .131-5.354 0-6&quot;
            /&gt;
            &lt;path
              d=&quot;M5 19.5C5.5 18 6 15 6 12a6 6 0 0 1 .34-2&quot;
            /&gt;
            &lt;path
              d=&quot;M8.65 22c.21-.66.45-1.32.57-2&quot;
            /&gt;
            &lt;path
              d=&quot;M9 6.8a6 6 0 0 1 9 5.2v2&quot;
            /&gt;
          &lt;/svg&gt;
          &lt;span&gt;
            使用生物识别登录
          &lt;/span&gt;
        &lt;/button&gt;
      &lt;/form&gt;
    &lt;/div&gt;
  &lt;/div&gt;
&lt;/body&gt;
    at Object.getElementError (/Users/heidsoft/Downloads/research/itsm/itsm-prototype/node_modules/@testing-library/dom/dist/config.js:37:19)
    at getAllByLabelText (/Users/heidsoft/Downloads/research/itsm/itsm-prototype/node_modules/@testing-library/dom/dist/queries/label-text.js:111:38)
    at /Users/heidsoft/Downloads/research/itsm/itsm-prototype/node_modules/@testing-library/dom/dist/query-helpers.js:52:17
    at /Users/heidsoft/Downloads/research/itsm/itsm-prototype/node_modules/@testing-library/dom/dist/query-helpers.js:95:19
    at Object.getByLabelText (/Users/heidsoft/Downloads/research/itsm/itsm-prototype/src/components/__tests__/EnterpriseLoginForm.test.tsx:64:21)
    at Promise.then.completed (/Users/heidsoft/Downloads/research/itsm/itsm-prototype/node_modules/jest-circus/build/utils.js:298:28)
    at new Promise (&lt;anonymous&gt;)
    at callAsyncCircusFn (/Users/heidsoft/Downloads/research/itsm/itsm-prototype/node_modules/jest-circus/build/utils.js:231:10)
    at _callCircusTest (/Users/heidsoft/Downloads/research/itsm/itsm-prototype/node_modules/jest-circus/build/run.js:316:40)
    at processTicksAndRejections (node:internal/process/task_queues:105:5)
    at _runTest (/Users/heidsoft/Downloads/research/itsm/itsm-prototype/node_modules/jest-circus/build/run.js:252:3)
    at _runTestsForDescribeBlock (/Users/heidsoft/Downloads/research/itsm/itsm-prototype/node_modules/jest-circus/build/run.js:126:9)
    at _runTestsForDescribeBlock (/Users/heidsoft/Downloads/research/itsm/itsm-prototype/node_modules/jest-circus/build/run.js:121:9)
    at _runTestsForDescribeBlock (/Users/heidsoft/Downloads/research/itsm/itsm-prototype/node_modules/jest-circus/build/run.js:121:9)
    at run (/Users/heidsoft/Downloads/research/itsm/itsm-prototype/node_modules/jest-circus/build/run.js:71:3)
    at runAndTransformResultsToJestFormat (/Users/heidsoft/Downloads/research/itsm/itsm-prototype/node_modules/jest-circus/build/legacy-code-todo-rewrite/jestAdapterInit.js:122:21)
    at jestAdapter (/Users/heidsoft/Downloads/research/itsm/itsm-prototype/node_modules/jest-circus/build/legacy-code-todo-rewrite/jestAdapter.js:79:19)
    at runTestInternal (/Users/heidsoft/Downloads/research/itsm/itsm-prototype/node_modules/jest-runner/build/runTest.js:367:16)
    at runTest (/Users/heidsoft/Downloads/research/itsm/itsm-prototype/node_modules/jest-runner/build/runTest.js:444:34)
    at Object.worker (/Users/heidsoft/Downloads/research/itsm/itsm-prototype/node_modules/jest-runner/build/testWorker.js:106:12)</failure>
    </testcase>
    <testcase classname="EnterpriseLoginForm › 基础渲染测试" name="应该正确渲染英文界面" time="0.047">
    </testcase>
    <testcase classname="EnterpriseLoginForm › 基础渲染测试" name="应该显示SSO和WebAuthn按钮" time="0.115">
    </testcase>
    <testcase classname="EnterpriseLoginForm › 基础渲染测试" name="当禁用SSO时不应显示SSO按钮" time="0.037">
    </testcase>
    <testcase classname="EnterpriseLoginForm › 表单验证测试" name="应该验证必填字段" time="0.089">
      <failure>TestingLibraryElementError: Found multiple elements with the role &quot;button&quot; and name `/登录/i`

Here are the matching elements:

Ignored nodes: comments, script, style
&lt;button
  class=&quot;w-full flex justify-center items-center px-4 py-3 border border-transparent rounded-lg shadow-sm text-sm font-medium text-white bg-blue-600 hover:bg-blue-700 focus:outline-none focus:ring-2 focus:ring-offset-2 focus:ring-blue-500 disabled:opacity-50 disabled:cursor-not-allowed transition-colors&quot;
  type=&quot;submit&quot;
&gt;
  &lt;span&gt;
    登录
  &lt;/span&gt;
  &lt;svg
    aria-hidden=&quot;true&quot;
    class=&quot;lucide lucide-arrow-right w-5 h-5 ml-2&quot;
    fill=&quot;none&quot;
    height=&quot;24&quot;
    stroke=&quot;currentColor&quot;
    stroke-linecap=&quot;round&quot;
    stroke-linejoin=&quot;round&quot;
    stroke-width=&quot;2&quot;
    viewBox=&quot;0 0 24 24&quot;
    width=&quot;24&quot;
    xmlns=&quot;http://www.w3.org/2000/svg&quot;
  &gt;
    &lt;path
      d=&quot;M5 12h14&quot;
    /&gt;
    &lt;path
      d=&quot;m12 5 7 7-7 7&quot;
    /&gt;
  &lt;/svg&gt;
&lt;/button&gt;

Ignored nodes: comments, script, style
&lt;button
  class=&quot;w-full flex justify-center items-center px-4 py-3 border border-gray-300 rounded-lg shadow-sm text-sm font-medium text-gray-700 bg-white hover:bg-gray-50 focus:outline-none focus:ring-2 focus:ring-offset-2 focus:ring-blue-500 disabled:opacity-50 disabled:cursor-not-allowed transition-colors&quot;
  type=&quot;button&quot;
&gt;
  &lt;svg
    aria-hidden=&quot;true&quot;
    class=&quot;lucide lucide-globe w-5 h-5 mr-2&quot;
    fill=&quot;none&quot;
    height=&quot;24&quot;
    stroke=&quot;currentColor&quot;
    stroke-linecap=&quot;round&quot;
    stroke-linejoin=&quot;round&quot;
    stroke-width=&quot;2&quot;
    viewBox=&quot;0 0 24 24&quot;
    width=&quot;24&quot;
    xmlns=&quot;http://www.w3.org/2000/svg&quot;
  &gt;
    &lt;circle
      cx=&quot;12&quot;
      cy=&quot;12&quot;
      r=&quot;10&quot;
    /&gt;
    &lt;path
      d=&quot;M12 2a14.5 14.5 0 0 0 0 20 14.5 14.5 0 0 0 0-20&quot;
    /&gt;
    &lt;path
      d=&quot;M2 12h20&quot;
    /&gt;
  &lt;/svg&gt;
  &lt;span&gt;
    SSO 单点登录
  &lt;/span&gt;
&lt;/button&gt;

Ignored nodes: comments, script, style
&lt;button
  class=&quot;w-full flex justify-center items-center px-4 py-3 border border-gray-300 rounded-lg shadow-sm text-sm font-medium text-gray-700 bg-white hover:bg-gray-50 focus:outline-none focus:ring-2 focus:ring-offset-2 focus:ring-blue-500 disabled:opacity-50 disabled:cursor-not-allowed transition-colors&quot;
  type=&quot;button&quot;
&gt;
  &lt;svg
    aria-hidden=&quot;true&quot;
    class=&quot;lucide lucide-fingerprint w-5 h-5 mr-2&quot;
    fill=&quot;none&quot;
    height=&quot;24&quot;
    stroke=&quot;currentColor&quot;
    stroke-linecap=&quot;round&quot;
    stroke-linejoin=&quot;round&quot;
    stroke-width=&quot;2&quot;
    viewBox=&quot;0 0 24 24&quot;
    width=&quot;24&quot;
    xmlns=&quot;http://www.w3.org/2000/svg&quot;
  &gt;
    &lt;path
      d=&quot;M12 10a2 2 0 0 0-2 2c0 1.02-.1 2.51-.26 4&quot;
    /&gt;
    &lt;path
      d=&quot;M14 13.12c0 2.38 0 6.38-1 8.88&quot;
    /&gt;
    &lt;path
      d=&quot;M17.29 21.02c.12-.6.43-2.3.5-3.02&quot;
    /&gt;
    &lt;path
      d=&quot;M2 12a10 10 0 0 1 18-6&quot;
    /&gt;
    &lt;path
      d=&quot;M2 16h.01&quot;
    /&gt;
    &lt;path
      d=&quot;M21.8 16c.2-2 .131-5.354 0-6&quot;
    /&gt;
    &lt;path
      d=&quot;M5 19.5C5.5 18 6 15 6 12a6 6 0 0 1 .34-2&quot;
    /&gt;
    &lt;path
      d=&quot;M8.65 22c.21-.66.45-1.32.57-2&quot;
    /&gt;
    &lt;path
      d=&quot;M9 6.8a6 6 0 0 1 9 5.2v2&quot;
    /&gt;
  &lt;/svg&gt;
  &lt;span&gt;
    使用生物识别登录
  &lt;/span&gt;
&lt;/button&gt;

(If this is intentional, then use the `*AllBy*` variant of the query (like `queryAllByText`, `getAllByText`, or `findAllByText`)).

Ignored nodes: comments, script, style
&lt;body&gt;
  &lt;div&gt;
    &lt;div
      class=&quot;w-full max-w-md mx-auto &quot;
    &gt;
      &lt;div
        aria-atomic=&quot;true&quot;
        aria-live=&quot;assertive&quot;
        class=&quot;sr-only&quot;
      /&gt;
      &lt;div
        class=&quot;text-center mb-8&quot;
      &gt;
        &lt;h1
          class=&quot;text-3xl font-bold text-gray-900 mb-2&quot;
        &gt;
          系统登录
        &lt;/h1&gt;
        &lt;p
          class=&quot;text-gray-600&quot;
        &gt;
          请输入您的账户信息
        &lt;/p&gt;
      &lt;/div&gt;
      &lt;form
        class=&quot;space-y-6&quot;
        novalidate=&quot;&quot;
      &gt;
        &lt;input
          name=&quot;_token&quot;
          type=&quot;hidden&quot;
          value=&quot;mock-csrf-token&quot;
        /&gt;
        &lt;div&gt;
          &lt;label
            class=&quot;block text-sm font-medium text-gray-700 mb-2&quot;
            for=&quot;username&quot;
          &gt;
            用户名/邮箱
            &lt;span
              aria-label=&quot;必填&quot;
              class=&quot;text-red-500 ml-1&quot;
            &gt;
              *
            &lt;/span&gt;
          &lt;/label&gt;
          &lt;div
            class=&quot;relative&quot;
          &gt;
            &lt;div
              class=&quot;absolute inset-y-0 left-0 pl-3 flex items-center pointer-events-none&quot;
            &gt;
              &lt;svg
                aria-hidden=&quot;true&quot;
                class=&quot;lucide lucide-user h-5 w-5 text-gray-400&quot;
                fill=&quot;none&quot;
                height=&quot;24&quot;
                stroke=&quot;currentColor&quot;
                stroke-linecap=&quot;round&quot;
                stroke-linejoin=&quot;round&quot;
                stroke-width=&quot;2&quot;
                viewBox=&quot;0 0 24 24&quot;
                width=&quot;24&quot;
                xmlns=&quot;http://www.w3.org/2000/svg&quot;
              &gt;
                &lt;path
                  d=&quot;M19 21v-2a4 4 0 0 0-4-4H9a4 4 0 0 0-4 4v2&quot;
                /&gt;
                &lt;circle
                  cx=&quot;12&quot;
                  cy=&quot;7&quot;
                  r=&quot;4&quot;
                /&gt;
              &lt;/svg&gt;
            &lt;/div&gt;
            &lt;input
              aria-invalid=&quot;false&quot;
              autocomplete=&quot;username&quot;
              class=&quot;block w-full pl-10 pr-3 py-3 border rounded-lg focus:ring-2 focus:ring-blue-500 focus:border-blue-500 transition-colors border-gray-300 bg-white&quot;
              id=&quot;username&quot;
              name=&quot;username&quot;
              placeholder=&quot;请输入用户名或邮箱&quot;
              required=&quot;&quot;
              type=&quot;text&quot;
              value=&quot;&quot;
            /&gt;
          &lt;/div&gt;
        &lt;/div&gt;
        &lt;div&gt;
          &lt;label
            class=&quot;block text-sm font-medium text-gray-700 mb-2&quot;
            for=&quot;password&quot;
          &gt;
            密码
            &lt;span
              aria-label=&quot;必填&quot;
              class=&quot;text-red-500 ml-1&quot;
            &gt;
              *
            &lt;/span&gt;
          &lt;/label&gt;
          &lt;div
            class=&quot;relative&quot;
          &gt;
            &lt;div
              class=&quot;absolute inset-y-0 left-0 pl-3 flex items-center pointer-events-none&quot;
            &gt;
              &lt;svg
                aria-hidden=&quot;true&quot;
                class=&quot;lucide lucide-lock h-5 w-5 text-gray-400&quot;
                fill=&quot;none&quot;
                height=&quot;24&quot;
                stroke=&quot;currentColor&quot;
                stroke-linecap=&quot;round&quot;
                stroke-linejoin=&quot;round&quot;
                stroke-width=&quot;2&quot;
                viewBox=&quot;0 0 24 24&quot;
                width=&quot;24&quot;
                xmlns=&quot;http://www.w3.org/2000/svg&quot;
              &gt;
                &lt;rect
                  height=&quot;11&quot;
                  rx=&quot;2&quot;
                  ry=&quot;2&quot;
                  width=&quot;18&quot;
                  x=&quot;3&quot;
                  y=&quot;11&quot;
                /&gt;
                &lt;path
                  d=&quot;M7 11V7a5 5 0 0 1 10 0v4&quot;
                /&gt;
              &lt;/svg&gt;
            &lt;/div&gt;
            &lt;input
              aria-invalid=&quot;false&quot;
              autocomplete=&quot;current-password&quot;
              class=&quot;block w-full pl-10 pr-12 py-3 border rounded-lg focus:ring-2 focus:ring-blue-500 focus:border-blue-500 transition-colors border-gray-300 bg-white&quot;
              id=&quot;password&quot;
              name=&quot;password&quot;
              placeholder=&quot;请输入密码&quot;
              required=&quot;&quot;
              type=&quot;password&quot;
              value=&quot;&quot;
            /&gt;
            &lt;button
              aria-label=&quot;显示密码&quot;
              class=&quot;absolute inset-y-0 right-0 pr-3 flex items-center&quot;
              type=&quot;button&quot;
            &gt;
              &lt;svg
                aria-hidden=&quot;true&quot;
                class=&quot;lucide lucide-eye h-5 w-5 text-gray-400 hover:text-gray-600&quot;
                fill=&quot;none&quot;
                height=&quot;24&quot;
                stroke=&quot;currentColor&quot;
                stroke-linecap=&quot;round&quot;
                stroke-linejoin=&quot;round&quot;
                stroke-width=&quot;2&quot;
                viewBox=&quot;0 0 24 24&quot;
                width=&quot;24&quot;
                xmlns=&quot;http://www.w3.org/2000/svg&quot;
              &gt;
                &lt;path
                  d=&quot;M2.062 12.348a1 1 0 0 1 0-.696 10.75 10.75 0 0 1 19.876 0 1 1 0 0 1 0 .696 10.75 10.75 0 0 1-19.876 0&quot;
                /&gt;
                &lt;circle
                  cx=&quot;12&quot;
                  cy=&quot;12&quot;
                  r=&quot;3&quot;
                /&gt;
              &lt;/svg&gt;
            &lt;/button&gt;
          &lt;/div&gt;
        &lt;/div&gt;
        &lt;div
          class=&quot;flex items-center justify-between&quot;
        &gt;
          &lt;div
            class=&quot;flex items-center&quot;
          &gt;
            &lt;input
              class=&quot;h-4 w-4 text-blue-600 focus:ring-blue-500 border-gray-300 rounded&quot;
              id=&quot;remember-me&quot;
              name=&quot;remember-me&quot;
              type=&quot;checkbox&quot;
            /&gt;
            &lt;label
              class=&quot;ml-2 block text-sm text-gray-700&quot;
              for=&quot;remember-me&quot;
            &gt;
              记住我
            &lt;/label&gt;
          &lt;/div&gt;
          &lt;button
            class=&quot;text-sm text-blue-600 hover:text-blue-700 focus:outline-none focus:underline transition-colors&quot;
            type=&quot;button&quot;
          &gt;
            忘记密码？
          &lt;/button&gt;
        &lt;/div&gt;
        &lt;button
          class=&quot;w-full flex justify-center items-center px-4 py-3 border border-transparent rounded-lg shadow-sm text-sm font-medium text-white bg-blue-600 hover:bg-blue-700 focus:outline-none focus:ring-2 focus:ring-offset-2 focus:ring-blue-500 disabled:opacity-50 disabled:cursor-not-allowed transition-colors&quot;
          type=&quot;submit&quot;
        &gt;
          &lt;span&gt;
            登录
          &lt;/span&gt;
          &lt;svg
            aria-hidden=&quot;true&quot;
            class=&quot;lucide lucide-arrow-right w-5 h-5 ml-2&quot;
            fill=&quot;none&quot;
            height=&quot;24&quot;
            stroke=&quot;currentColor&quot;
            stroke-linecap=&quot;round&quot;
            stroke-linejoin=&quot;round&quot;
            stroke-width=&quot;2&quot;
            viewBox=&quot;0 0 24 24&quot;
            width=&quot;24&quot;
            xmlns=&quot;http://www.w3.org/2000/svg&quot;
          &gt;
            &lt;path
              d=&quot;M5 12h14&quot;
            /&gt;
            &lt;path
              d=&quot;m12 5 7 7-7 7&quot;
            /&gt;
          &lt;/svg&gt;
        &lt;/button&gt;
        &lt;div
          class=&quot;relative&quot;
        &gt;
          &lt;div
            class=&quot;absolute inset-0 flex items-center&quot;
          &gt;
            &lt;div
              class=&quot;w-full border-t border-gray-300&quot;
            /&gt;
          &lt;/div&gt;
          &lt;div
            class=&quot;relative flex justify-center text-sm&quot;
          &gt;
            &lt;span
              class=&quot;px-2 bg-white text-gray-500&quot;
            &gt;
              或
            &lt;/span&gt;
          &lt;/div&gt;
        &lt;/div&gt;
        &lt;button
          class=&quot;w-full flex justify-center items-center px-4 py-3 border border-gray-300 rounded-lg shadow-sm text-sm font-medium text-gray-700 bg-white hover:bg-gray-50 focus:outline-none focus:ring-2 focus:ring-offset-2 focus:ring-blue-500 disabled:opacity-50 disabled:cursor-not-allowed transition-colors&quot;
          type=&quot;button&quot;
        &gt;
          &lt;svg
            aria-hidden=&quot;true&quot;
            class=&quot;lucide lucide-globe w-5 h-5 mr-2&quot;
            fill=&quot;none&quot;
            height=&quot;24&quot;
            stroke=&quot;currentColor&quot;
            stroke-linecap=&quot;round&quot;
            stroke-linejoin=&quot;round&quot;
            stroke-width=&quot;2&quot;
            viewBox=&quot;0 0 24 24&quot;
            width=&quot;24&quot;
            xmlns=&quot;http://www.w3.org/2000/svg&quot;
          &gt;
            &lt;circle
              cx=&quot;12&quot;
              cy=&quot;12&quot;
              r=&quot;10&quot;
            /&gt;
            &lt;path
              d=&quot;M12 2a14.5 14.5 0 0 0 0 20 14.5 14.5 0 0 0 0-20&quot;
            /&gt;
            &lt;path
              d=&quot;M2 12h20&quot;
            /&gt;
          &lt;/svg&gt;
          &lt;span&gt;
            SSO 单点登录
          &lt;/span&gt;
        &lt;/button&gt;
        &lt;button
          class=&quot;w-full flex justify-center items-center px-4 py-3 border border-gray-300 rounded-lg shadow-sm text-sm font-medium text-gray-700 bg-white hover:bg-gray-50 focus:outline-none focus:ring-2 focus:ring-offset-2 focus:ring-blue-500 disabled:opacity-50 disabled:cursor-not-allowed transition-colors&quot;
          type=&quot;button&quot;
        &gt;
          &lt;svg
            aria-hidden=&quot;true&quot;
            class=&quot;lucide lucide-fingerprint w-5 h-5 mr-2&quot;
            fill=&quot;none&quot;
            height=&quot;24&quot;
            stroke=&quot;currentColor&quot;
            stroke-linecap=&quot;round&quot;
            stroke-linejoin=&quot;round&quot;
            stroke-width=&quot;2&quot;
            viewBox=&quot;0 0 24 24&quot;
            width=&quot;24&quot;
            xmlns=&quot;http://www.w3.org/2000/svg&quot;
          &gt;
            &lt;path
              d=&quot;M12 10a2 2 0 0 0-2 2c0 1.02-.1 2.51-.26 4&quot;
            /&gt;
            &lt;path
              d=&quot;M14 13.12c0 2.38 0 6.38-1 8.88&quot;
            /&gt;
            &lt;path
              d=&quot;M17.29 21.02c.12-.6.43-2.3.5-3.02&quot;
            /&gt;
            &lt;path
              d=&quot;M2 12a10 10 0 0 1 18-6&quot;
            /&gt;
            &lt;path
              d=&quot;M2 16h.01&quot;
            /&gt;
            &lt;path
              d=&quot;M21.8 16c.2-2 .131-5.354 0-6&quot;
            /&gt;
            &lt;path
              d=&quot;M5 19.5C5.5 18 6 15 6 12a6 6 0 0 1 .34-2&quot;
            /&gt;
            &lt;path
              d=&quot;M8.65 22c.21-.66.45-1.32.57-2&quot;
            /&gt;
            &lt;path
              d=&quot;M9 6.8a6 6 0 0 1 9 5.2v2&quot;
            /&gt;
          &lt;/svg&gt;
          &lt;span&gt;
            使用生物识别登录
          &lt;/span&gt;
        &lt;/button&gt;
      &lt;/form&gt;
    &lt;/div&gt;
  &lt;/div&gt;
&lt;/body&gt;
    at Object.getElementError (/Users/heidsoft/Downloads/research/itsm/itsm-prototype/node_modules/@testing-library/dom/dist/config.js:37:19)
    at getElementError (/Users/heidsoft/Downloads/research/itsm/itsm-prototype/node_modules/@testing-library/dom/dist/query-helpers.js:20:35)
    at getMultipleElementsFoundError (/Users/heidsoft/Downloads/research/itsm/itsm-prototype/node_modules/@testing-library/dom/dist/query-helpers.js:23:10)
    at /Users/heidsoft/Downloads/research/itsm/itsm-prototype/node_modules/@testing-library/dom/dist/query-helpers.js:55:13
    at /Users/heidsoft/Downloads/research/itsm/itsm-prototype/node_modules/@testing-library/dom/dist/query-helpers.js:95:19
    at Object.getByRole (/Users/heidsoft/Downloads/research/itsm/itsm-prototype/src/components/__tests__/EnterpriseLoginForm.test.tsx:96:35)
    at Promise.then.completed (/Users/heidsoft/Downloads/research/itsm/itsm-prototype/node_modules/jest-circus/build/utils.js:298:28)
    at new Promise (&lt;anonymous&gt;)
    at callAsyncCircusFn (/Users/heidsoft/Downloads/research/itsm/itsm-prototype/node_modules/jest-circus/build/utils.js:231:10)
    at _callCircusTest (/Users/heidsoft/Downloads/research/itsm/itsm-prototype/node_modules/jest-circus/build/run.js:316:40)
    at processTicksAndRejections (node:internal/process/task_queues:105:5)
    at _runTest (/Users/heidsoft/Downloads/research/itsm/itsm-prototype/node_modules/jest-circus/build/run.js:252:3)
    at _runTestsForDescribeBlock (/Users/heidsoft/Downloads/research/itsm/itsm-prototype/node_modules/jest-circus/build/run.js:126:9)
    at _runTestsForDescribeBlock (/Users/heidsoft/Downloads/research/itsm/itsm-prototype/node_modules/jest-circus/build/run.js:121:9)
    at _runTestsForDescribeBlock (/Users/heidsoft/Downloads/research/itsm/itsm-prototype/node_modules/jest-circus/build/run.js:121:9)
    at run (/Users/heidsoft/Downloads/research/itsm/itsm-prototype/node_modules/jest-circus/build/run.js:71:3)
    at runAndTransformResultsToJestFormat (/Users/heidsoft/Downloads/research/itsm/itsm-prototype/node_modules/jest-circus/build/legacy-code-todo-rewrite/jestAdapterInit.js:122:21)
    at jestAdapter (/Users/heidsoft/Downloads/research/itsm/itsm-prototype/node_modules/jest-circus/build/legacy-code-todo-rewrite/jestAdapter.js:79:19)
    at runTestInternal (/Users/heidsoft/Downloads/research/itsm/itsm-prototype/node_modules/jest-runner/build/runTest.js:367:16)
    at runTest (/Users/heidsoft/Downloads/research/itsm/itsm-prototype/node_modules/jest-runner/build/runTest.js:444:34)
    at Object.worker (/Users/heidsoft/Downloads/research/itsm/itsm-prototype/node_modules/jest-runner/build/testWorker.js:106:12)</failure>
    </testcase>
    <testcase classname="EnterpriseLoginForm › 表单验证测试" name="应该验证邮箱格式" time="0.079">
      <failure>TestingLibraryElementError: Found multiple elements with the role &quot;button&quot; and name `/登录/i`

Here are the matching elements:

Ignored nodes: comments, script, style
&lt;button
  class=&quot;w-full flex justify-center items-center px-4 py-3 border border-transparent rounded-lg shadow-sm text-sm font-medium text-white bg-blue-600 hover:bg-blue-700 focus:outline-none focus:ring-2 focus:ring-offset-2 focus:ring-blue-500 disabled:opacity-50 disabled:cursor-not-allowed transition-colors&quot;
  type=&quot;submit&quot;
&gt;
  &lt;span&gt;
    登录
  &lt;/span&gt;
  &lt;svg
    aria-hidden=&quot;true&quot;
    class=&quot;lucide lucide-arrow-right w-5 h-5 ml-2&quot;
    fill=&quot;none&quot;
    height=&quot;24&quot;
    stroke=&quot;currentColor&quot;
    stroke-linecap=&quot;round&quot;
    stroke-linejoin=&quot;round&quot;
    stroke-width=&quot;2&quot;
    viewBox=&quot;0 0 24 24&quot;
    width=&quot;24&quot;
    xmlns=&quot;http://www.w3.org/2000/svg&quot;
  &gt;
    &lt;path
      d=&quot;M5 12h14&quot;
    /&gt;
    &lt;path
      d=&quot;m12 5 7 7-7 7&quot;
    /&gt;
  &lt;/svg&gt;
&lt;/button&gt;

Ignored nodes: comments, script, style
&lt;button
  class=&quot;w-full flex justify-center items-center px-4 py-3 border border-gray-300 rounded-lg shadow-sm text-sm font-medium text-gray-700 bg-white hover:bg-gray-50 focus:outline-none focus:ring-2 focus:ring-offset-2 focus:ring-blue-500 disabled:opacity-50 disabled:cursor-not-allowed transition-colors&quot;
  type=&quot;button&quot;
&gt;
  &lt;svg
    aria-hidden=&quot;true&quot;
    class=&quot;lucide lucide-globe w-5 h-5 mr-2&quot;
    fill=&quot;none&quot;
    height=&quot;24&quot;
    stroke=&quot;currentColor&quot;
    stroke-linecap=&quot;round&quot;
    stroke-linejoin=&quot;round&quot;
    stroke-width=&quot;2&quot;
    viewBox=&quot;0 0 24 24&quot;
    width=&quot;24&quot;
    xmlns=&quot;http://www.w3.org/2000/svg&quot;
  &gt;
    &lt;circle
      cx=&quot;12&quot;
      cy=&quot;12&quot;
      r=&quot;10&quot;
    /&gt;
    &lt;path
      d=&quot;M12 2a14.5 14.5 0 0 0 0 20 14.5 14.5 0 0 0 0-20&quot;
    /&gt;
    &lt;path
      d=&quot;M2 12h20&quot;
    /&gt;
  &lt;/svg&gt;
  &lt;span&gt;
    SSO 单点登录
  &lt;/span&gt;
&lt;/button&gt;

Ignored nodes: comments, script, style
&lt;button
  class=&quot;w-full flex justify-center items-center px-4 py-3 border border-gray-300 rounded-lg shadow-sm text-sm font-medium text-gray-700 bg-white hover:bg-gray-50 focus:outline-none focus:ring-2 focus:ring-offset-2 focus:ring-blue-500 disabled:opacity-50 disabled:cursor-not-allowed transition-colors&quot;
  type=&quot;button&quot;
&gt;
  &lt;svg
    aria-hidden=&quot;true&quot;
    class=&quot;lucide lucide-fingerprint w-5 h-5 mr-2&quot;
    fill=&quot;none&quot;
    height=&quot;24&quot;
    stroke=&quot;currentColor&quot;
    stroke-linecap=&quot;round&quot;
    stroke-linejoin=&quot;round&quot;
    stroke-width=&quot;2&quot;
    viewBox=&quot;0 0 24 24&quot;
    width=&quot;24&quot;
    xmlns=&quot;http://www.w3.org/2000/svg&quot;
  &gt;
    &lt;path
      d=&quot;M12 10a2 2 0 0 0-2 2c0 1.02-.1 2.51-.26 4&quot;
    /&gt;
    &lt;path
      d=&quot;M14 13.12c0 2.38 0 6.38-1 8.88&quot;
    /&gt;
    &lt;path
      d=&quot;M17.29 21.02c.12-.6.43-2.3.5-3.02&quot;
    /&gt;
    &lt;path
      d=&quot;M2 12a10 10 0 0 1 18-6&quot;
    /&gt;
    &lt;path
      d=&quot;M2 16h.01&quot;
    /&gt;
    &lt;path
      d=&quot;M21.8 16c.2-2 .131-5.354 0-6&quot;
    /&gt;
    &lt;path
      d=&quot;M5 19.5C5.5 18 6 15 6 12a6 6 0 0 1 .34-2&quot;
    /&gt;
    &lt;path
      d=&quot;M8.65 22c.21-.66.45-1.32.57-2&quot;
    /&gt;
    &lt;path
      d=&quot;M9 6.8a6 6 0 0 1 9 5.2v2&quot;
    /&gt;
  &lt;/svg&gt;
  &lt;span&gt;
    使用生物识别登录
  &lt;/span&gt;
&lt;/button&gt;

(If this is intentional, then use the `*AllBy*` variant of the query (like `queryAllByText`, `getAllByText`, or `findAllByText`)).

Ignored nodes: comments, script, style
&lt;body&gt;
  &lt;div&gt;
    &lt;div
      class=&quot;w-full max-w-md mx-auto &quot;
    &gt;
      &lt;div
        aria-atomic=&quot;true&quot;
        aria-live=&quot;assertive&quot;
        class=&quot;sr-only&quot;
      /&gt;
      &lt;div
        class=&quot;text-center mb-8&quot;
      &gt;
        &lt;h1
          class=&quot;text-3xl font-bold text-gray-900 mb-2&quot;
        &gt;
          系统登录
        &lt;/h1&gt;
        &lt;p
          class=&quot;text-gray-600&quot;
        &gt;
          请输入您的账户信息
        &lt;/p&gt;
      &lt;/div&gt;
      &lt;form
        class=&quot;space-y-6&quot;
        novalidate=&quot;&quot;
      &gt;
        &lt;input
          name=&quot;_token&quot;
          type=&quot;hidden&quot;
          value=&quot;mock-csrf-token&quot;
        /&gt;
        &lt;div&gt;
          &lt;label
            class=&quot;block text-sm font-medium text-gray-700 mb-2&quot;
            for=&quot;username&quot;
          &gt;
            用户名/邮箱
            &lt;span
              aria-label=&quot;必填&quot;
              class=&quot;text-red-500 ml-1&quot;
            &gt;
              *
            &lt;/span&gt;
          &lt;/label&gt;
          &lt;div
            class=&quot;relative&quot;
          &gt;
            &lt;div
              class=&quot;absolute inset-y-0 left-0 pl-3 flex items-center pointer-events-none&quot;
            &gt;
              &lt;svg
                aria-hidden=&quot;true&quot;
                class=&quot;lucide lucide-user h-5 w-5 text-gray-400&quot;
                fill=&quot;none&quot;
                height=&quot;24&quot;
                stroke=&quot;currentColor&quot;
                stroke-linecap=&quot;round&quot;
                stroke-linejoin=&quot;round&quot;
                stroke-width=&quot;2&quot;
                viewBox=&quot;0 0 24 24&quot;
                width=&quot;24&quot;
                xmlns=&quot;http://www.w3.org/2000/svg&quot;
              &gt;
                &lt;path
                  d=&quot;M19 21v-2a4 4 0 0 0-4-4H9a4 4 0 0 0-4 4v2&quot;
                /&gt;
                &lt;circle
                  cx=&quot;12&quot;
                  cy=&quot;7&quot;
                  r=&quot;4&quot;
                /&gt;
              &lt;/svg&gt;
            &lt;/div&gt;
            &lt;input
              aria-invalid=&quot;false&quot;
              autocomplete=&quot;username&quot;
              class=&quot;block w-full pl-10 pr-3 py-3 border rounded-lg focus:ring-2 focus:ring-blue-500 focus:border-blue-500 transition-colors border-gray-300 bg-white&quot;
              id=&quot;username&quot;
              name=&quot;username&quot;
              placeholder=&quot;请输入用户名或邮箱&quot;
              required=&quot;&quot;
              type=&quot;text&quot;
              value=&quot;&quot;
            /&gt;
          &lt;/div&gt;
        &lt;/div&gt;
        &lt;div&gt;
          &lt;label
            class=&quot;block text-sm font-medium text-gray-700 mb-2&quot;
            for=&quot;password&quot;
          &gt;
            密码
            &lt;span
              aria-label=&quot;必填&quot;
              class=&quot;text-red-500 ml-1&quot;
            &gt;
              *
            &lt;/span&gt;
          &lt;/label&gt;
          &lt;div
            class=&quot;relative&quot;
          &gt;
            &lt;div
              class=&quot;absolute inset-y-0 left-0 pl-3 flex items-center pointer-events-none&quot;
            &gt;
              &lt;svg
                aria-hidden=&quot;true&quot;
                class=&quot;lucide lucide-lock h-5 w-5 text-gray-400&quot;
                fill=&quot;none&quot;
                height=&quot;24&quot;
                stroke=&quot;currentColor&quot;
                stroke-linecap=&quot;round&quot;
                stroke-linejoin=&quot;round&quot;
                stroke-width=&quot;2&quot;
                viewBox=&quot;0 0 24 24&quot;
                width=&quot;24&quot;
                xmlns=&quot;http://www.w3.org/2000/svg&quot;
              &gt;
                &lt;rect
                  height=&quot;11&quot;
                  rx=&quot;2&quot;
                  ry=&quot;2&quot;
                  width=&quot;18&quot;
                  x=&quot;3&quot;
                  y=&quot;11&quot;
                /&gt;
                &lt;path
                  d=&quot;M7 11V7a5 5 0 0 1 10 0v4&quot;
                /&gt;
              &lt;/svg&gt;
            &lt;/div&gt;
            &lt;input
              aria-invalid=&quot;false&quot;
              autocomplete=&quot;current-password&quot;
              class=&quot;block w-full pl-10 pr-12 py-3 border rounded-lg focus:ring-2 focus:ring-blue-500 focus:border-blue-500 transition-colors border-gray-300 bg-white&quot;
              id=&quot;password&quot;
              name=&quot;password&quot;
              placeholder=&quot;请输入密码&quot;
              required=&quot;&quot;
              type=&quot;password&quot;
              value=&quot;&quot;
            /&gt;
            &lt;button
              aria-label=&quot;显示密码&quot;
              class=&quot;absolute inset-y-0 right-0 pr-3 flex items-center&quot;
              type=&quot;button&quot;
            &gt;
              &lt;svg
                aria-hidden=&quot;true&quot;
                class=&quot;lucide lucide-eye h-5 w-5 text-gray-400 hover:text-gray-600&quot;
                fill=&quot;none&quot;
                height=&quot;24&quot;
                stroke=&quot;currentColor&quot;
                stroke-linecap=&quot;round&quot;
                stroke-linejoin=&quot;round&quot;
                stroke-width=&quot;2&quot;
                viewBox=&quot;0 0 24 24&quot;
                width=&quot;24&quot;
                xmlns=&quot;http://www.w3.org/2000/svg&quot;
              &gt;
                &lt;path
                  d=&quot;M2.062 12.348a1 1 0 0 1 0-.696 10.75 10.75 0 0 1 19.876 0 1 1 0 0 1 0 .696 10.75 10.75 0 0 1-19.876 0&quot;
                /&gt;
                &lt;circle
                  cx=&quot;12&quot;
                  cy=&quot;12&quot;
                  r=&quot;3&quot;
                /&gt;
              &lt;/svg&gt;
            &lt;/button&gt;
          &lt;/div&gt;
        &lt;/div&gt;
        &lt;div
          class=&quot;flex items-center justify-between&quot;
        &gt;
          &lt;div
            class=&quot;flex items-center&quot;
          &gt;
            &lt;input
              class=&quot;h-4 w-4 text-blue-600 focus:ring-blue-500 border-gray-300 rounded&quot;
              id=&quot;remember-me&quot;
              name=&quot;remember-me&quot;
              type=&quot;checkbox&quot;
            /&gt;
            &lt;label
              class=&quot;ml-2 block text-sm text-gray-700&quot;
              for=&quot;remember-me&quot;
            &gt;
              记住我
            &lt;/label&gt;
          &lt;/div&gt;
          &lt;button
            class=&quot;text-sm text-blue-600 hover:text-blue-700 focus:outline-none focus:underline transition-colors&quot;
            type=&quot;button&quot;
          &gt;
            忘记密码？
          &lt;/button&gt;
        &lt;/div&gt;
        &lt;button
          class=&quot;w-full flex justify-center items-center px-4 py-3 border border-transparent rounded-lg shadow-sm text-sm font-medium text-white bg-blue-600 hover:bg-blue-700 focus:outline-none focus:ring-2 focus:ring-offset-2 focus:ring-blue-500 disabled:opacity-50 disabled:cursor-not-allowed transition-colors&quot;
          type=&quot;submit&quot;
        &gt;
          &lt;span&gt;
            登录
          &lt;/span&gt;
          &lt;svg
            aria-hidden=&quot;true&quot;
            class=&quot;lucide lucide-arrow-right w-5 h-5 ml-2&quot;
            fill=&quot;none&quot;
            height=&quot;24&quot;
            stroke=&quot;currentColor&quot;
            stroke-linecap=&quot;round&quot;
            stroke-linejoin=&quot;round&quot;
            stroke-width=&quot;2&quot;
            viewBox=&quot;0 0 24 24&quot;
            width=&quot;24&quot;
            xmlns=&quot;http://www.w3.org/2000/svg&quot;
          &gt;
            &lt;path
              d=&quot;M5 12h14&quot;
            /&gt;
            &lt;path
              d=&quot;m12 5 7 7-7 7&quot;
            /&gt;
          &lt;/svg&gt;
        &lt;/button&gt;
        &lt;div
          class=&quot;relative&quot;
        &gt;
          &lt;div
            class=&quot;absolute inset-0 flex items-center&quot;
          &gt;
            &lt;div
              class=&quot;w-full border-t border-gray-300&quot;
            /&gt;
          &lt;/div&gt;
          &lt;div
            class=&quot;relative flex justify-center text-sm&quot;
          &gt;
            &lt;span
              class=&quot;px-2 bg-white text-gray-500&quot;
            &gt;
              或
            &lt;/span&gt;
          &lt;/div&gt;
        &lt;/div&gt;
        &lt;button
          class=&quot;w-full flex justify-center items-center px-4 py-3 border border-gray-300 rounded-lg shadow-sm text-sm font-medium text-gray-700 bg-white hover:bg-gray-50 focus:outline-none focus:ring-2 focus:ring-offset-2 focus:ring-blue-500 disabled:opacity-50 disabled:cursor-not-allowed transition-colors&quot;
          type=&quot;button&quot;
        &gt;
          &lt;svg
            aria-hidden=&quot;true&quot;
            class=&quot;lucide lucide-globe w-5 h-5 mr-2&quot;
            fill=&quot;none&quot;
            height=&quot;24&quot;
            stroke=&quot;currentColor&quot;
            stroke-linecap=&quot;round&quot;
            stroke-linejoin=&quot;round&quot;
            stroke-width=&quot;2&quot;
            viewBox=&quot;0 0 24 24&quot;
            width=&quot;24&quot;
            xmlns=&quot;http://www.w3.org/2000/svg&quot;
          &gt;
            &lt;circle
              cx=&quot;12&quot;
              cy=&quot;12&quot;
              r=&quot;10&quot;
            /&gt;
            &lt;path
              d=&quot;M12 2a14.5 14.5 0 0 0 0 20 14.5 14.5 0 0 0 0-20&quot;
            /&gt;
            &lt;path
              d=&quot;M2 12h20&quot;
            /&gt;
          &lt;/svg&gt;
          &lt;span&gt;
            SSO 单点登录
          &lt;/span&gt;
        &lt;/button&gt;
        &lt;button
          class=&quot;w-full flex justify-center items-center px-4 py-3 border border-gray-300 rounded-lg shadow-sm text-sm font-medium text-gray-700 bg-white hover:bg-gray-50 focus:outline-none focus:ring-2 focus:ring-offset-2 focus:ring-blue-500 disabled:opacity-50 disabled:cursor-not-allowed transition-colors&quot;
          type=&quot;button&quot;
        &gt;
          &lt;svg
            aria-hidden=&quot;true&quot;
            class=&quot;lucide lucide-fingerprint w-5 h-5 mr-2&quot;
            fill=&quot;none&quot;
            height=&quot;24&quot;
            stroke=&quot;currentColor&quot;
            stroke-linecap=&quot;round&quot;
            stroke-linejoin=&quot;round&quot;
            stroke-width=&quot;2&quot;
            viewBox=&quot;0 0 24 24&quot;
            width=&quot;24&quot;
            xmlns=&quot;http://www.w3.org/2000/svg&quot;
          &gt;
            &lt;path
              d=&quot;M12 10a2 2 0 0 0-2 2c0 1.02-.1 2.51-.26 4&quot;
            /&gt;
            &lt;path
              d=&quot;M14 13.12c0 2.38 0 6.38-1 8.88&quot;
            /&gt;
            &lt;path
              d=&quot;M17.29 21.02c.12-.6.43-2.3.5-3.02&quot;
            /&gt;
            &lt;path
              d=&quot;M2 12a10 10 0 0 1 18-6&quot;
            /&gt;
            &lt;path
              d=&quot;M2 16h.01&quot;
            /&gt;
            &lt;path
              d=&quot;M21.8 16c.2-2 .131-5.354 0-6&quot;
            /&gt;
            &lt;path
              d=&quot;M5 19.5C5.5 18 6 15 6 12a6 6 0 0 1 .34-2&quot;
            /&gt;
            &lt;path
              d=&quot;M8.65 22c.21-.66.45-1.32.57-2&quot;
            /&gt;
            &lt;path
              d=&quot;M9 6.8a6 6 0 0 1 9 5.2v2&quot;
            /&gt;
          &lt;/svg&gt;
          &lt;span&gt;
            使用生物识别登录
          &lt;/span&gt;
        &lt;/button&gt;
      &lt;/form&gt;
    &lt;/div&gt;
  &lt;/div&gt;
&lt;/body&gt;
    at Object.getElementError (/Users/heidsoft/Downloads/research/itsm/itsm-prototype/node_modules/@testing-library/dom/dist/config.js:37:19)
    at getElementError (/Users/heidsoft/Downloads/research/itsm/itsm-prototype/node_modules/@testing-library/dom/dist/query-helpers.js:20:35)
    at getMultipleElementsFoundError (/Users/heidsoft/Downloads/research/itsm/itsm-prototype/node_modules/@testing-library/dom/dist/query-helpers.js:23:10)
    at /Users/heidsoft/Downloads/research/itsm/itsm-prototype/node_modules/@testing-library/dom/dist/query-helpers.js:55:13
    at /Users/heidsoft/Downloads/research/itsm/itsm-prototype/node_modules/@testing-library/dom/dist/query-helpers.js:95:19
    at Object.getByRole (/Users/heidsoft/Downloads/research/itsm/itsm-prototype/src/components/__tests__/EnterpriseLoginForm.test.tsx:109:35)
    at Promise.then.completed (/Users/heidsoft/Downloads/research/itsm/itsm-prototype/node_modules/jest-circus/build/utils.js:298:28)
    at new Promise (&lt;anonymous&gt;)
    at callAsyncCircusFn (/Users/heidsoft/Downloads/research/itsm/itsm-prototype/node_modules/jest-circus/build/utils.js:231:10)
    at _callCircusTest (/Users/heidsoft/Downloads/research/itsm/itsm-prototype/node_modules/jest-circus/build/run.js:316:40)
    at processTicksAndRejections (node:internal/process/task_queues:105:5)
    at _runTest (/Users/heidsoft/Downloads/research/itsm/itsm-prototype/node_modules/jest-circus/build/run.js:252:3)
    at _runTestsForDescribeBlock (/Users/heidsoft/Downloads/research/itsm/itsm-prototype/node_modules/jest-circus/build/run.js:126:9)
    at _runTestsForDescribeBlock (/Users/heidsoft/Downloads/research/itsm/itsm-prototype/node_modules/jest-circus/build/run.js:121:9)
    at _runTestsForDescribeBlock (/Users/heidsoft/Downloads/research/itsm/itsm-prototype/node_modules/jest-circus/build/run.js:121:9)
    at run (/Users/heidsoft/Downloads/research/itsm/itsm-prototype/node_modules/jest-circus/build/run.js:71:3)
    at runAndTransformResultsToJestFormat (/Users/heidsoft/Downloads/research/itsm/itsm-prototype/node_modules/jest-circus/build/legacy-code-todo-rewrite/jestAdapterInit.js:122:21)
    at jestAdapter (/Users/heidsoft/Downloads/research/itsm/itsm-prototype/node_modules/jest-circus/build/legacy-code-todo-rewrite/jestAdapter.js:79:19)
    at runTestInternal (/Users/heidsoft/Downloads/research/itsm/itsm-prototype/node_modules/jest-runner/build/runTest.js:367:16)
    at runTest (/Users/heidsoft/Downloads/research/itsm/itsm-prototype/node_modules/jest-runner/build/runTest.js:444:34)
    at Object.worker (/Users/heidsoft/Downloads/research/itsm/itsm-prototype/node_modules/jest-runner/build/testWorker.js:106:12)</failure>
    </testcase>
    <testcase classname="EnterpriseLoginForm › 表单验证测试" name="应该验证密码长度" time="0.028">
      <failure>TestingLibraryElementError: Unable to find a label with the text of: 密码

Ignored nodes: comments, script, style
&lt;body&gt;
  &lt;div&gt;
    &lt;div
      class=&quot;w-full max-w-md mx-auto &quot;
    &gt;
      &lt;div
        aria-atomic=&quot;true&quot;
        aria-live=&quot;assertive&quot;
        class=&quot;sr-only&quot;
      /&gt;
      &lt;div
        class=&quot;text-center mb-8&quot;
      &gt;
        &lt;h1
          class=&quot;text-3xl font-bold text-gray-900 mb-2&quot;
        &gt;
          系统登录
        &lt;/h1&gt;
        &lt;p
          class=&quot;text-gray-600&quot;
        &gt;
          请输入您的账户信息
        &lt;/p&gt;
      &lt;/div&gt;
      &lt;form
        class=&quot;space-y-6&quot;
        novalidate=&quot;&quot;
      &gt;
        &lt;input
          name=&quot;_token&quot;
          type=&quot;hidden&quot;
          value=&quot;mock-csrf-token&quot;
        /&gt;
        &lt;div&gt;
          &lt;label
            class=&quot;block text-sm font-medium text-gray-700 mb-2&quot;
            for=&quot;username&quot;
          &gt;
            用户名/邮箱
            &lt;span
              aria-label=&quot;必填&quot;
              class=&quot;text-red-500 ml-1&quot;
            &gt;
              *
            &lt;/span&gt;
          &lt;/label&gt;
          &lt;div
            class=&quot;relative&quot;
          &gt;
            &lt;div
              class=&quot;absolute inset-y-0 left-0 pl-3 flex items-center pointer-events-none&quot;
            &gt;
              &lt;svg
                aria-hidden=&quot;true&quot;
                class=&quot;lucide lucide-user h-5 w-5 text-gray-400&quot;
                fill=&quot;none&quot;
                height=&quot;24&quot;
                stroke=&quot;currentColor&quot;
                stroke-linecap=&quot;round&quot;
                stroke-linejoin=&quot;round&quot;
                stroke-width=&quot;2&quot;
                viewBox=&quot;0 0 24 24&quot;
                width=&quot;24&quot;
                xmlns=&quot;http://www.w3.org/2000/svg&quot;
              &gt;
                &lt;path
                  d=&quot;M19 21v-2a4 4 0 0 0-4-4H9a4 4 0 0 0-4 4v2&quot;
                /&gt;
                &lt;circle
                  cx=&quot;12&quot;
                  cy=&quot;7&quot;
                  r=&quot;4&quot;
                /&gt;
              &lt;/svg&gt;
            &lt;/div&gt;
            &lt;input
              aria-invalid=&quot;false&quot;
              autocomplete=&quot;username&quot;
              class=&quot;block w-full pl-10 pr-3 py-3 border rounded-lg focus:ring-2 focus:ring-blue-500 focus:border-blue-500 transition-colors border-gray-300 bg-white&quot;
              id=&quot;username&quot;
              name=&quot;username&quot;
              placeholder=&quot;请输入用户名或邮箱&quot;
              required=&quot;&quot;
              type=&quot;text&quot;
              value=&quot;&quot;
            /&gt;
          &lt;/div&gt;
        &lt;/div&gt;
        &lt;div&gt;
          &lt;label
            class=&quot;block text-sm font-medium text-gray-700 mb-2&quot;
            for=&quot;password&quot;
          &gt;
            密码
            &lt;span
              aria-label=&quot;必填&quot;
              class=&quot;text-red-500 ml-1&quot;
            &gt;
              *
            &lt;/span&gt;
          &lt;/label&gt;
          &lt;div
            class=&quot;relative&quot;
          &gt;
            &lt;div
              class=&quot;absolute inset-y-0 left-0 pl-3 flex items-center pointer-events-none&quot;
            &gt;
              &lt;svg
                aria-hidden=&quot;true&quot;
                class=&quot;lucide lucide-lock h-5 w-5 text-gray-400&quot;
                fill=&quot;none&quot;
                height=&quot;24&quot;
                stroke=&quot;currentColor&quot;
                stroke-linecap=&quot;round&quot;
                stroke-linejoin=&quot;round&quot;
                stroke-width=&quot;2&quot;
                viewBox=&quot;0 0 24 24&quot;
                width=&quot;24&quot;
                xmlns=&quot;http://www.w3.org/2000/svg&quot;
              &gt;
                &lt;rect
                  height=&quot;11&quot;
                  rx=&quot;2&quot;
                  ry=&quot;2&quot;
                  width=&quot;18&quot;
                  x=&quot;3&quot;
                  y=&quot;11&quot;
                /&gt;
                &lt;path
                  d=&quot;M7 11V7a5 5 0 0 1 10 0v4&quot;
                /&gt;
              &lt;/svg&gt;
            &lt;/div&gt;
            &lt;input
              aria-invalid=&quot;false&quot;
              autocomplete=&quot;current-password&quot;
              class=&quot;block w-full pl-10 pr-12 py-3 border rounded-lg focus:ring-2 focus:ring-blue-500 focus:border-blue-500 transition-colors border-gray-300 bg-white&quot;
              id=&quot;password&quot;
              name=&quot;password&quot;
              placeholder=&quot;请输入密码&quot;
              required=&quot;&quot;
              type=&quot;password&quot;
              value=&quot;&quot;
            /&gt;
            &lt;button
              aria-label=&quot;显示密码&quot;
              class=&quot;absolute inset-y-0 right-0 pr-3 flex items-center&quot;
              type=&quot;button&quot;
            &gt;
              &lt;svg
                aria-hidden=&quot;true&quot;
                class=&quot;lucide lucide-eye h-5 w-5 text-gray-400 hover:text-gray-600&quot;
                fill=&quot;none&quot;
                height=&quot;24&quot;
                stroke=&quot;currentColor&quot;
                stroke-linecap=&quot;round&quot;
                stroke-linejoin=&quot;round&quot;
                stroke-width=&quot;2&quot;
                viewBox=&quot;0 0 24 24&quot;
                width=&quot;24&quot;
                xmlns=&quot;http://www.w3.org/2000/svg&quot;
              &gt;
                &lt;path
                  d=&quot;M2.062 12.348a1 1 0 0 1 0-.696 10.75 10.75 0 0 1 19.876 0 1 1 0 0 1 0 .696 10.75 10.75 0 0 1-19.876 0&quot;
                /&gt;
                &lt;circle
                  cx=&quot;12&quot;
                  cy=&quot;12&quot;
                  r=&quot;3&quot;
                /&gt;
              &lt;/svg&gt;
            &lt;/button&gt;
          &lt;/div&gt;
        &lt;/div&gt;
        &lt;div
          class=&quot;flex items-center justify-between&quot;
        &gt;
          &lt;div
            class=&quot;flex items-center&quot;
          &gt;
            &lt;input
              class=&quot;h-4 w-4 text-blue-600 focus:ring-blue-500 border-gray-300 rounded&quot;
              id=&quot;remember-me&quot;
              name=&quot;remember-me&quot;
              type=&quot;checkbox&quot;
            /&gt;
            &lt;label
              class=&quot;ml-2 block text-sm text-gray-700&quot;
              for=&quot;remember-me&quot;
            &gt;
              记住我
            &lt;/label&gt;
          &lt;/div&gt;
          &lt;button
            class=&quot;text-sm text-blue-600 hover:text-blue-700 focus:outline-none focus:underline transition-colors&quot;
            type=&quot;button&quot;
          &gt;
            忘记密码？
          &lt;/button&gt;
        &lt;/div&gt;
        &lt;button
          class=&quot;w-full flex justify-center items-center px-4 py-3 border border-transparent rounded-lg shadow-sm text-sm font-medium text-white bg-blue-600 hover:bg-blue-700 focus:outline-none focus:ring-2 focus:ring-offset-2 focus:ring-blue-500 disabled:opacity-50 disabled:cursor-not-allowed transition-colors&quot;
          type=&quot;submit&quot;
        &gt;
          &lt;span&gt;
            登录
          &lt;/span&gt;
          &lt;svg
            aria-hidden=&quot;true&quot;
            class=&quot;lucide lucide-arrow-right w-5 h-5 ml-2&quot;
            fill=&quot;none&quot;
            height=&quot;24&quot;
            stroke=&quot;currentColor&quot;
            stroke-linecap=&quot;round&quot;
            stroke-linejoin=&quot;round&quot;
            stroke-width=&quot;2&quot;
            viewBox=&quot;0 0 24 24&quot;
            width=&quot;24&quot;
            xmlns=&quot;http://www.w3.org/2000/svg&quot;
          &gt;
            &lt;path
              d=&quot;M5 12h14&quot;
            /&gt;
            &lt;path
              d=&quot;m12 5 7 7-7 7&quot;
            /&gt;
          &lt;/svg&gt;
        &lt;/button&gt;
        &lt;div
          class=&quot;relative&quot;
        &gt;
          &lt;div
            class=&quot;absolute inset-0 flex items-center&quot;
          &gt;
            &lt;div
              class=&quot;w-full border-t border-gray-300&quot;
            /&gt;
          &lt;/div&gt;
          &lt;div
            class=&quot;relative flex justify-center text-sm&quot;
          &gt;
            &lt;span
              class=&quot;px-2 bg-white text-gray-500&quot;
            &gt;
              或
            &lt;/span&gt;
          &lt;/div&gt;
        &lt;/div&gt;
        &lt;button
          class=&quot;w-full flex justify-center items-center px-4 py-3 border border-gray-300 rounded-lg shadow-sm text-sm font-medium text-gray-700 bg-white hover:bg-gray-50 focus:outline-none focus:ring-2 focus:ring-offset-2 focus:ring-blue-500 disabled:opacity-50 disabled:cursor-not-allowed transition-colors&quot;
          type=&quot;button&quot;
        &gt;
          &lt;svg
            aria-hidden=&quot;true&quot;
            class=&quot;lucide lucide-globe w-5 h-5 mr-2&quot;
            fill=&quot;none&quot;
            height=&quot;24&quot;
            stroke=&quot;currentColor&quot;
            stroke-linecap=&quot;round&quot;
            stroke-linejoin=&quot;round&quot;
            stroke-width=&quot;2&quot;
            viewBox=&quot;0 0 24 24&quot;
            width=&quot;24&quot;
            xmlns=&quot;http://www.w3.org/2000/svg&quot;
          &gt;
            &lt;circle
              cx=&quot;12&quot;
              cy=&quot;12&quot;
              r=&quot;10&quot;
            /&gt;
            &lt;path
              d=&quot;M12 2a14.5 14.5 0 0 0 0 20 14.5 14.5 0 0 0 0-20&quot;
            /&gt;
            &lt;path
              d=&quot;M2 12h20&quot;
            /&gt;
          &lt;/svg&gt;
          &lt;span&gt;
            SSO 单点登录
          &lt;/span&gt;
        &lt;/button&gt;
        &lt;button
          class=&quot;w-full flex justify-center items-center px-4 py-3 border border-gray-300 rounded-lg shadow-sm text-sm font-medium text-gray-700 bg-white hover:bg-gray-50 focus:outline-none focus:ring-2 focus:ring-offset-2 focus:ring-blue-500 disabled:opacity-50 disabled:cursor-not-allowed transition-colors&quot;
          type=&quot;button&quot;
        &gt;
          &lt;svg
            aria-hidden=&quot;true&quot;
            class=&quot;lucide lucide-fingerprint w-5 h-5 mr-2&quot;
            fill=&quot;none&quot;
            height=&quot;24&quot;
            stroke=&quot;currentColor&quot;
            stroke-linecap=&quot;round&quot;
            stroke-linejoin=&quot;round&quot;
            stroke-width=&quot;2&quot;
            viewBox=&quot;0 0 24 24&quot;
            width=&quot;24&quot;
            xmlns=&quot;http://www.w3.org/2000/svg&quot;
          &gt;
            &lt;path
              d=&quot;M12 10a2 2 0 0 0-2 2c0 1.02-.1 2.51-.26 4&quot;
            /&gt;
            &lt;path
              d=&quot;M14 13.12c0 2.38 0 6.38-1 8.88&quot;
            /&gt;
            &lt;path
              d=&quot;M17.29 21.02c.12-.6.43-2.3.5-3.02&quot;
            /&gt;
            &lt;path
              d=&quot;M2 12a10 10 0 0 1 18-6&quot;
            /&gt;
            &lt;path
              d=&quot;M2 16h.01&quot;
            /&gt;
            &lt;path
              d=&quot;M21.8 16c.2-2 .131-5.354 0-6&quot;
            /&gt;
            &lt;path
              d=&quot;M5 19.5C5.5 18 6 15 6 12a6 6 0 0 1 .34-2&quot;
            /&gt;
            &lt;path
              d=&quot;M8.65 22c.21-.66.45-1.32.57-2&quot;
            /&gt;
            &lt;path
              d=&quot;M9 6.8a6 6 0 0 1 9 5.2v2&quot;
            /&gt;
          &lt;/svg&gt;
          &lt;span&gt;
            使用生物识别登录
          &lt;/span&gt;
        &lt;/button&gt;
      &lt;/form&gt;
    &lt;/div&gt;
  &lt;/div&gt;
&lt;/body&gt;
    at Object.getElementError (/Users/heidsoft/Downloads/research/itsm/itsm-prototype/node_modules/@testing-library/dom/dist/config.js:37:19)
[...]
    at beginWork (/Users/heidsoft/Downloads/research/itsm/itsm-prototype/node_modules/react-dom/cjs/react-dom.development.js:21626:16)
    at beginWork$1 (/Users/heidsoft/Downloads/research/itsm/itsm-prototype/node_modules/react-dom/cjs/react-dom.development.js:27465:14)
    at performUnitOfWork (/Users/heidsoft/Downloads/research/itsm/itsm-prototype/node_modules/react-dom/cjs/react-dom.development.js:26599:12)
    at workLoopSync (/Users/heidsoft/Downloads/research/itsm/itsm-prototype/node_modules/react-dom/cjs/react-dom.development.js:26505:5)
    at renderRootSync (/Users/heidsoft/Downloads/research/itsm/itsm-prototype/node_modules/react-dom/cjs/react-dom.development.js:26473:7)
    at recoverFromConcurrentError (/Users/heidsoft/Downloads/research/itsm/itsm-prototype/node_modules/react-dom/cjs/react-dom.development.js:25889:20)
    at performConcurrentWorkOnRoot (/Users/heidsoft/Downloads/research/itsm/itsm-prototype/node_modules/react-dom/cjs/react-dom.development.js:25789:22)
    at flushActQueue (/Users/heidsoft/Downloads/research/itsm/itsm-prototype/node_modules/react/cjs/react.development.js:2667:24)
    at act (/Users/heidsoft/Downloads/research/itsm/itsm-prototype/node_modules/react/cjs/react.development.js:2582:11)
    at /Users/heidsoft/Downloads/research/itsm/itsm-prototype/node_modules/@testing-library/react/dist/act-compat.js:47:25
    at renderRoot (/Users/heidsoft/Downloads/research/itsm/itsm-prototype/node_modules/@testing-library/react/dist/pure.js:180:26)
    at render (/Users/heidsoft/Downloads/research/itsm/itsm-prototype/node_modules/@testing-library/react/dist/pure.js:271:10)
    at renderWithProviders (/Users/heidsoft/Downloads/research/itsm/itsm-prototype/src/__tests__/pages/dashboard-page.test.tsx:128:16)
    at Object.renderWithProviders (/Users/heidsoft/Downloads/research/itsm/itsm-prototype/src/__tests__/pages/dashboard-page.test.tsx:285:29)
    at processTicksAndRejections (node:internal/process/task_queues:105:5)</failure>
    </testcase>
    <testcase classname="DashboardPage › 自动刷新" name="应该显示自动刷新开关" time="0.903">
      <failure>TypeError: Cannot read properties of null (reading &apos;useState&apos;)
    at useState (/Users/heidsoft/Downloads/research/itsm/itsm-prototype/node_modules/react/cjs/react.development.js:1622:21)
    at useDashboardData (/Users/heidsoft/Downloads/research/itsm/itsm-prototype/src/app/(main)/dashboard/hooks/useDashboardData.ts:9:49)
    at DashboardPage (/Users/heidsoft/Downloads/research/itsm/itsm-prototype/src/app/(main)/dashboard/page.tsx:45:23)
    at renderWithHooks (/Users/heidsoft/Downloads/research/itsm/itsm-prototype/node_modules/react-dom/cjs/react-dom.development.js:15486:18)
    at mountIndeterminateComponent (/Users/heidsoft/Downloads/research/itsm/itsm-prototype/node_modules/react-dom/cjs/react-dom.development.js:20103:13)
    at beginWork (/Users/heidsoft/Downloads/research/itsm/itsm-prototype/node_modules/react-dom/cjs/react-dom.development.js:21626:16)
    at beginWork$1 (/Users/heidsoft/Downloads/research/itsm/itsm-prototype/node_modules/react-dom/cjs/react-dom.development.js:27465:14)
    at performUnitOfWork (/Users/heidsoft/Downloads/research/itsm/itsm-prototype/node_modules/react-dom/cjs/react-dom.development.js:26599:12)
    at workLoopSync (/Users/heidsoft/Downloads/research/itsm/itsm-prototype/node_modules/react-dom/cjs/react-dom.development.js:26505:5)
    at renderRootSync (/Users/heidsoft/Downloads/research/itsm/itsm-prototype/node_modules/react-dom/cjs/react-dom.development.js:26473:7)
    at recoverFromConcurrentError (/Users/heidsoft/Downloads/research/itsm/itsm-prototype/node_modules/react-dom/cjs/react-dom.development.js:25889:20)
    at performConcurrentWorkOnRoot (/Users/heidsoft/Downloads/research/itsm/itsm-prototype/node_modules/react-dom/cjs/react-dom.development.js:25789:22)
    at flushActQueue (/Users/heidsoft/Downloads/research/itsm/itsm-prototype/node_modules/react/cjs/react.development.js:2667:24)
    at act (/Users/heidsoft/Downloads/research/itsm/itsm-prototype/node_modules/react/cjs/react.development.js:2582:11)
    at /Users/heidsoft/Downloads/research/itsm/itsm-prototype/node_modules/@testing-library/react/dist/act-compat.js:47:25
    at renderRoot (/Users/heidsoft/Downloads/research/itsm/itsm-prototype/node_modules/@testing-library/react/dist/pure.js:180:26)
    at render (/Users/heidsoft/Downloads/research/itsm/itsm-prototype/node_modules/@testing-library/react/dist/pure.js:271:10)
    at renderWithProviders (/Users/heidsoft/Downloads/research/itsm/itsm-prototype/src/__tests__/pages/dashboard-page.test.tsx:128:16)
    at Object.renderWithProviders (/Users/heidsoft/Downloads/research/itsm/itsm-prototype/src/__tests__/pages/dashboard-page.test.tsx:299:29)
    at processTicksAndRejections (node:internal/process/task_queues:105:5)</failure>
    </testcase>
    <testcase classname="DashboardPage › 自动刷新" name="应该支持手动刷新" time="0.902">
      <failure>TypeError: Cannot read properties of null (reading &apos;useState&apos;)
    at useState (/Users/heidsoft/Downloads/research/itsm/itsm-prototype/node_modules/react/cjs/react.development.js:1622:21)
    at useDashboardData (/Users/heidsoft/Downloads/research/itsm/itsm-prototype/src/app/(main)/dashboard/hooks/useDashboardData.ts:9:49)
    at DashboardPage (/Users/heidsoft/Downloads/research/itsm/itsm-prototype/src/app/(main)/dashboard/page.tsx:45:23)
    at renderWithHooks (/Users/heidsoft/Downloads/research/itsm/itsm-prototype/node_modules/react-dom/cjs/react-dom.development.js:15486:18)
    at mountIndeterminateComponent (/Users/heidsoft/Downloads/research/itsm/itsm-prototype/node_modules/react-dom/cjs/react-dom.development.js:20103:13)
    at beginWork (/Users/heidsoft/Downloads/research/itsm/itsm-prototype/node_modules/react-dom/cjs/react-dom.development.js:21626:16)
    at beginWork$1 (/Users/heidsoft/Downloads/research/itsm/itsm-prototype/node_modules/react-dom/cjs/react-dom.development.js:27465:14)
    at performUnitOfWork (/Users/heidsoft/Downloads/research/itsm/itsm-prototype/node_modules/react-dom/cjs/react-dom.development.js:26599:12)
    at workLoopSync (/Users/heidsoft/Downloads/research/itsm/itsm-prototype/node_modules/react-dom/cjs/react-dom.development.js:26505:5)
    at renderRootSync (/Users/heidsoft/Downloads/research/itsm/itsm-prototype/node_modules/react-dom/cjs/react-dom.development.js:26473:7)
    at recoverFromConcurrentError (/Users/heidsoft/Downloads/research/itsm/itsm-prototype/node_modules/react-dom/cjs/react-dom.development.js:25889:20)
    at performConcurrentWorkOnRoot (/Users/heidsoft/Downloads/research/itsm/itsm-prototype/node_modules/react-dom/cjs/react-dom.development.js:25789:22)
    at flushActQueue (/Users/heidsoft/Downloads/research/itsm/itsm-prototype/node_modules/react/cjs/react.development.js:2667:24)
    at act (/Users/heidsoft/Downloads/research/itsm/itsm-prototype/node_modules/react/cjs/react.development.js:2582:11)
    at /Users/heidsoft/Downloads/research/itsm/itsm-prototype/node_modules/@testing-library/react/dist/act-compat.js:47:25
    at renderRoot (/Users/heidsoft/Downloads/research/itsm/itsm-prototype/node_modules/@testing-library/react/dist/pure.js:180:26)
    at render (/Users/heidsoft/Downloads/research/itsm/itsm-prototype/node_modules/@testing-library/react/dist/pure.js:271:10)
    at renderWithProviders (/Users/heidsoft/Downloads/research/itsm/itsm-prototype/src/__tests__/pages/dashboard-page.test.tsx:128:16)
    at Object.renderWithProviders (/Users/heidsoft/Downloads/research/itsm/itsm-prototype/src/__tests__/pages/dashboard-page.test.tsx:310:29)
    at processTicksAndRejections (node:internal/process/task_queues:105:5)</failure>
    </testcase>
    <testcase classname="DashboardPage › 自动刷新" name="应该显示最后更新时间" time="0.915">
      <failure>TypeError: Cannot read properties of null (reading &apos;useState&apos;)
    at useState (/Users/heidsoft/Downloads/research/itsm/itsm-prototype/node_modules/react/cjs/react.development.js:1622:21)
    at useDashboardData (/Users/heidsoft/Downloads/research/itsm/itsm-prototype/src/app/(main)/dashboard/hooks/useDashboardData.ts:9:49)
    at DashboardPage (/Users/heidsoft/Downloads/research/itsm/itsm-prototype/src/app/(main)/dashboard/page.tsx:45:23)
    at renderWithHooks (/Users/heidsoft/Downloads/research/itsm/itsm-prototype/node_modules/react-dom/cjs/react-dom.development.js:15486:18)
    at mountIndeterminateComponent (/Users/heidsoft/Downloads/research/itsm/itsm-prototype/node_modules/react-dom/cjs/react-dom.development.js:20103:13)
    at beginWork (/Users/heidsoft/Downloads/research/itsm/itsm-prototype/node_modules/react-dom/cjs/react-dom.development.js:21626:16)
    at beginWork$1 (/Users/heidsoft/Downloads/research/itsm/itsm-prototype/node_modules/react-dom/cjs/react-dom.development.js:27465:14)
    at performUnitOfWork (/Users/heidsoft/Downloads/research/itsm/itsm-prototype/node_modules/react-dom/cjs/react-dom.development.js:26599:12)
    at workLoopSync (/Users/heidsoft/Downloads/research/itsm/itsm-prototype/node_modules/react-dom/cjs/react-dom.development.js:26505:5)
    at renderRootSync (/Users/heidsoft/Downloads/research/itsm/itsm-prototype/node_modules/react-dom/cjs/react-dom.development.js:26473:7)
    at recoverFromConcurrentError (/Users/heidsoft/Downloads/research/itsm/itsm-prototype/node_modules/react-dom/cjs/react-dom.development.js:25889:20)
    at performConcurrentWorkOnRoot (/Users/heidsoft/Downloads/research/itsm/itsm-prototype/node_modules/react-dom/cjs/react-dom.development.js:25789:22)
    at flushActQueue (/Users/heidsoft/Downloads/research/itsm/itsm-prototype/node_modules/react/cjs/react.development.js:2667:24)
    at act (/Users/heidsoft/Downloads/research/itsm/itsm-prototype/node_modules/react/cjs/react.development.js:2582:11)
    at /Users/heidsoft/Downloads/research/itsm/itsm-prototype/node_modules/@testing-library/react/dist/act-compat.js:47:25
    at renderRoot (/Users/heidsoft/Downloads/research/itsm/itsm-prototype/node_modules/@testing-library/react/dist/pure.js:180:26)
    at render (/Users/heidsoft/Downloads/research/itsm/itsm-prototype/node_modules/@testing-library/react/dist/pure.js:271:10)
    at renderWithProviders (/Users/heidsoft/Downloads/research/itsm/itsm-prototype/src/__tests__/pages/dashboard-page.test.tsx:128:16)
    at Object.renderWithProviders (/Users/heidsoft/Downloads/research/itsm/itsm-prototype/src/__tests__/pages/dashboard-page.test.tsx:323:7)
    at processTicksAndRejections (node:internal/process/task_queues:105:5)</failure>
    </testcase>
    <testcase classname="DashboardPage › 加载状态" name="应该显示加载状态" time="0.002">
      <failure>TypeError: useDashboardData.mockReturnValueOnce is not a function
    at Object.mockReturnValueOnce (/Users/heidsoft/Downloads/research/itsm/itsm-prototype/src/__tests__/pages/dashboard-page.test.tsx:339:24)
    at Promise.then.completed (/Users/heidsoft/Downloads/research/itsm/itsm-prototype/node_modules/jest-circus/build/utils.js:298:28)
    at new Promise (&lt;anonymous&gt;)
    at callAsyncCircusFn (/Users/heidsoft/Downloads/research/itsm/itsm-prototype/node_modules/jest-circus/build/utils.js:231:10)
    at _callCircusTest (/Users/heidsoft/Downloads/research/itsm/itsm-prototype/node_modules/jest-circus/build/run.js:316:40)
    at processTicksAndRejections (node:internal/process/task_queues:105:5)
    at _runTest (/Users/heidsoft/Downloads/research/itsm/itsm-prototype/node_modules/jest-circus/build/run.js:252:3)
    at _runTestsForDescribeBlock (/Users/heidsoft/Downloads/research/itsm/itsm-prototype/node_modules/jest-circus/build/run.js:126:9)
    at _runTestsForDescribeBlock (/Users/heidsoft/Downloads/research/itsm/itsm-prototype/node_modules/jest-circus/build/run.js:121:9)
    at _runTestsForDescribeBlock (/Users/heidsoft/Downloads/research/itsm/itsm-prototype/node_modules/jest-circus/build/run.js:121:9)
    at run (/Users/heidsoft/Downloads/research/itsm/itsm-prototype/node_modules/jest-circus/build/run.js:71:3)
    at runAndTransformResultsToJestFormat (/Users/heidsoft/Downloads/research/itsm/itsm-prototype/node_modules/jest-circus/build/legacy-code-todo-rewrite/jestAdapterInit.js:122:21)
    at jestAdapter (/Users/heidsoft/Downloads/research/itsm/itsm-prototype/node_modules/jest-circus/build/legacy-code-todo-rewrite/jestAdapter.js:79:19)
    at runTestInternal (/Users/heidsoft/Downloads/research/itsm/itsm-prototype/node_modules/jest-runner/build/runTest.js:367:16)
    at runTest (/Users/heidsoft/Downloads/research/itsm/itsm-prototype/node_modules/jest-runner/build/runTest.js:444:34)
    at Object.worker (/Users/heidsoft/Downloads/research/itsm/itsm-prototype/node_modules/jest-runner/build/testWorker.js:106:12)</failure>
    </testcase>
    <testcase classname="DashboardPage › 错误处理" name="应该显示错误信息" time="0.001">
      <failure>TypeError: useDashboardData.mockReturnValueOnce is not a function
    at Object.mockReturnValueOnce (/Users/heidsoft/Downloads/research/itsm/itsm-prototype/src/__tests__/pages/dashboard-page.test.tsx:369:24)
    at Promise.then.completed (/Users/heidsoft/Downloads/research/itsm/itsm-prototype/node_modules/jest-circus/build/utils.js:298:28)
    at new Promise (&lt;anonymous&gt;)
    at callAsyncCircusFn (/Users/heidsoft/Downloads/research/itsm/itsm-prototype/node_modules/jest-circus/build/utils.js:231:10)
    at _callCircusTest (/Users/heidsoft/Downloads/research/itsm/itsm-prototype/node_modules/jest-circus/build/run.js:316:40)
    at processTicksAndRejections (node:internal/process/task_queues:105:5)
    at _runTest (/Users/heidsoft/Downloads/research/itsm/itsm-prototype/node_modules/jest-circus/build/run.js:252:3)
    at _runTestsForDescribeBlock (/Users/heidsoft/Downloads/research/itsm/itsm-prototype/node_modules/jest-circus/build/run.js:126:9)
    at _runTestsForDescribeBlock (/Users/heidsoft/Downloads/research/itsm/itsm-prototype/node_modules/jest-circus/build/run.js:121:9)
    at _runTestsForDescribeBlock (/Users/heidsoft/Downloads/research/itsm/itsm-prototype/node_modules/jest-circus/build/run.js:121:9)
    at run (/Users/heidsoft/Downloads/research/itsm/itsm-prototype/node_modules/jest-circus/build/run.js:71:3)
    at runAndTransformResultsToJestFormat (/Users/heidsoft/Downloads/research/itsm/itsm-prototype/node_modules/jest-circus/build/legacy-code-todo-rewrite/jestAdapterInit.js:122:21)
    at jestAdapter (/Users/heidsoft/Downloads/research/itsm/itsm-prototype/node_modules/jest-circus/build/legacy-code-todo-rewrite/jestAdapter.js:79:19)
    at runTestInternal (/Users/heidsoft/Downloads/research/itsm/itsm-prototype/node_modules/jest-runner/build/runTest.js:367:16)
    at runTest (/Users/heidsoft/Downloads/research/itsm/itsm-prototype/node_modules/jest-runner/build/runTest.js:444:34)
    at Object.worker (/Users/heidsoft/Downloads/research/itsm/itsm-prototype/node_modules/jest-runner/build/testWorker.js:106:12)</failure>
    </testcase>
    <testcase classname="DashboardPage › 错误处理" name="应该提供重新加载按钮" time="0.001">
      <failure>TypeError: useDashboardData.mockReturnValueOnce is not a function
    at Object.mockReturnValueOnce (/Users/heidsoft/Downloads/research/itsm/itsm-prototype/src/__tests__/pages/dashboard-page.test.tsx:397:24)
    at Promise.then.completed (/Users/heidsoft/Downloads/research/itsm/itsm-prototype/node_modules/jest-circus/build/utils.js:298:28)
    at new Promise (&lt;anonymous&gt;)
    at callAsyncCircusFn (/Users/heidsoft/Downloads/research/itsm/itsm-prototype/node_modules/jest-circus/build/utils.js:231:10)
    at _callCircusTest (/Users/heidsoft/Downloads/research/itsm/itsm-prototype/node_modules/jest-circus/build/run.js:316:40)
    at processTicksAndRejections (node:internal/process/task_queues:105:5)
    at _runTest (/Users/heidsoft/Downloads/research/itsm/itsm-prototype/node_modules/jest-circus/build/run.js:252:3)
    at _runTestsForDescribeBlock (/Users/heidsoft/Downloads/research/itsm/itsm-prototype/node_modules/jest-circus/build/run.js:126:9)
    at _runTestsForDescribeBlock (/Users/heidsoft/Downloads/research/itsm/itsm-prototype/node_modules/jest-circus/build/run.js:121:9)
    at _runTestsForDescribeBlock (/Users/heidsoft/Downloads/research/itsm/itsm-prototype/node_modules/jest-circus/build/run.js:121:9)
    at run (/Users/heidsoft/Downloads/research/itsm/itsm-prototype/node_modules/jest-circus/build/run.js:71:3)
    at runAndTransformResultsToJestFormat (/Users/heidsoft/Downloads/research/itsm/itsm-prototype/node_modules/jest-circus/build/legacy-code-todo-rewrite/jestAdapterInit.js:122:21)
    at jestAdapter (/Users/heidsoft/Downloads/research/itsm/itsm-prototype/node_modules/jest-circus/build/legacy-code-todo-rewrite/jestAdapter.js:79:19)
    at runTestInternal (/Users/heidsoft/Downloads/research/itsm/itsm-prototype/node_modules/jest-runner/build/runTest.js:367:16)
    at runTest (/Users/heidsoft/Downloads/research/itsm/itsm-prototype/node_modules/jest-runner/build/runTest.js:444:34)
    at Object.worker (/Users/heidsoft/Downloads/research/itsm/itsm-prototype/node_modules/jest-runner/build/testWorker.js:106:12)</failure>
    </testcase>
    <testcase classname="DashboardPage › 响应式设计" name="应该在移动端正确显示" time="0.983">
      <failure>TypeError: Cannot read properties of null (reading &apos;useState&apos;)
    at useState (/Users/heidsoft/Downloads/research/itsm/itsm-prototype/node_modules/react/cjs/react.development.js:1622:21)
    at useDashboardData (/Users/heidsoft/Downloads/research/itsm/itsm-prototype/src/app/(main)/dashboard/hooks/useDashboardData.ts:9:49)
    at DashboardPage (/Users/heidsoft/Downloads/research/itsm/itsm-prototype/src/app/(main)/dashboard/page.tsx:45:23)
    at renderWithHooks (/Users/heidsoft/Downloads/research/itsm/itsm-prototype/node_modules/react-dom/cjs/react-dom.development.js:15486:18)
    at mountIndeterminateComponent (/Users/heidsoft/Downloads/research/itsm/itsm-prototype/node_modules/react-dom/cjs/react-dom.development.js:20103:13)
    at beginWork (/Users/heidsoft/Downloads/research/itsm/itsm-prototype/node_modules/react-dom/cjs/react-dom.development.js:21626:16)
    at beginWork$1 (/Users/heidsoft/Downloads/research/itsm/itsm-prototype/node_modules/react-dom/cjs/react-dom.development.js:27465:14)
    at performUnitOfWork (/Users/heidsoft/Downloads/research/itsm/itsm-prototype/node_modules/react-dom/cjs/react-dom.development.js:26599:12)
    at workLoopSync (/Users/heidsoft/Downloads/research/itsm/itsm-prototype/node_modules/react-dom/cjs/react-dom.development.js:26505:5)
    at renderRootSync (/Users/heidsoft/Downloads/research/itsm/itsm-prototype/node_modules/react-dom/cjs/react-dom.development.js:26473:7)
    at recoverFromConcurrentError (/Users/heidsoft/Downloads/research/itsm/itsm-prototype/node_modules/react-dom/cjs/react-dom.development.js:25889:20)
    at performConcurrentWorkOnRoot (/Users/heidsoft/Downloads/research/itsm/itsm-prototype/node_modules/react-dom/cjs/react-dom.development.js:25789:22)
    at flushActQueue (/Users/heidsoft/Downloads/research/itsm/itsm-prototype/node_modules/react/cjs/react.development.js:2667:24)
    at act (/Users/heidsoft/Downloads/research/itsm/itsm-prototype/node_modules/react/cjs/react.development.js:2582:11)
    at /Users/heidsoft/Downloads/research/itsm/itsm-prototype/node_modules/@testing-library/react/dist/act-compat.js:47:25
    at renderRoot (/Users/heidsoft/Downloads/research/itsm/itsm-prototype/node_modules/@testing-library/react/dist/pure.js:180:26)
    at render (/Users/heidsoft/Downloads/research/itsm/itsm-prototype/node_modules/@testing-library/react/dist/pure.js:271:10)
    at renderWithProviders (/Users/heidsoft/Downloads/research/itsm/itsm-prototype/src/__tests__/pages/dashboard-page.test.tsx:128:16)
    at Object.renderWithProviders (/Users/heidsoft/Downloads/research/itsm/itsm-prototype/src/__tests__/pages/dashboard-page.test.tsx:429:29)
    at processTicksAndRejections (node:internal/process/task_queues:105:5)</failure>
    </testcase>
  </testsuite>
</testsuites>