<?xml version="1.0" encoding="UTF-8"?>
<testsuites name="jest tests" tests="11" failures="0" errors="0" time="6.936">
  <testsuite name="src/lib/hooks/__tests__/useIncidentBatchOps.test.tsx" errors="0" failures="0" skipped="0" timestamp="2026-08-08T07:57:15" time="4.348" tests="5">
    <testcase classname="useIncidentBatchOps" name="returns an empty selection by default and 4 batch actions" time="0.168">
    </testcase>
    <testcase classname="useIncidentBatchOps" name="runBatch reports success when all handlers resolve" time="0.061">
    </testcase>
    <testcase classname="useIncidentBatchOps" name="runBatch reports partial failure when some handlers reject" time="0.039">
    </testcase>
    <testcase classname="useIncidentBatchOps" name="runBatch is a no-op when given an empty selection" time="0.023">
    </testcase>
    <testcase classname="useIncidentBatchOps" name="openAssignModal lazily fetches the user list and opens the modal" time="0.031">
    </testcase>
  </testsuite>
  <testsuite name="src/lib/hooks/__tests__/useIncidentsQuery.test.ts" errors="0" failures="0" skipped="0" timestamp="2026-08-08T07:57:15" time="4.516" tests="6">
    <testcase classname="useIncidentsQuery" name="starts empty and idle, then loads data on mount" time="0.214">
    </testcase>
    <testcase classname="useIncidentsQuery" name="sets loadError=true on failure" time="0.073">
    </testcase>
    <testcase classname="useIncidentsQuery" name="still returns data when user-name enrichment fails" time="0.074">
    </testcase>
    <testcase classname="useIncidentsQuery" name="refresh() re-fetches without losing existing data on error" time="0.089">
    </testcase>
    <testcase classname="useIncidentsQuery" name="refetches when filter inputs change" time="0.08">
    </testcase>
    <testcase classname="useIncidentsQuery" name="setPage() updates page and pageSize" time="0.076">
    </testcase>
  </testsuite>
</testsuites>