<?xml version="1.0" encoding="UTF-8"?>
<testsuites name="jest tests" tests="164" failures="53" errors="0" time="12.006">
  <testsuite name="src/app/lib/__tests__/api-integration.test.ts" errors="0" failures="0" skipped="0" timestamp="2025-10-21T14:15:53" time="1.936" tests="19">
    <testcase classname="API Integration Tests › TicketApi › getTickets" name="should fetch tickets successfully" time="0.135">
    </testcase>
    <testcase classname="API Integration Tests › TicketApi › getTickets" name="should handle API error responses" time="0.049">
    </testcase>
    <testcase classname="API Integration Tests › TicketApi › getTickets" name="should handle network errors" time="0.011">
    </testcase>
    <testcase classname="API Integration Tests › TicketApi › getTickets" name="should include query parameters correctly" time="0.009">
    </testcase>
    <testcase classname="API Integration Tests › TicketApi › createTicket" name="should create ticket successfully" time="0.007">
    </testcase>
    <testcase classname="API Integration Tests › TicketApi › createTicket" name="should handle validation errors" time="0.015">
    </testcase>
    <testcase classname="API Integration Tests › DashboardAPI › getDashboardConfig" name="should fetch dashboard config successfully" time="0.013">
    </testcase>
    <testcase classname="API Integration Tests › DashboardAPI › getTicketStats" name="should fetch ticket statistics successfully" time="0.013">
    </testcase>
    <testcase classname="API Integration Tests › Error Handling" name="should handle HTTP error status codes" time="0.016">
    </testcase>
    <testcase classname="API Integration Tests › Error Handling" name="should handle malformed JSON responses" time="0.019">
    </testcase>
    <testcase classname="API Integration Tests › Error Handling" name="should handle timeout errors" time="0.124">
    </testcase>
    <testcase classname="API Integration Tests › Error Handling" name="should handle CORS errors" time="0.013">
    </testcase>
    <testcase classname="API Integration Tests › Authentication Integration" name="should include authorization header when token exists" time="0.008">
    </testcase>
    <testcase classname="API Integration Tests › Authentication Integration" name="should handle token expiration" time="0.011">
    </testcase>
    <testcase classname="API Integration Tests › Authentication Integration" name="should handle unauthorized access" time="0.039">
    </testcase>
    <testcase classname="API Integration Tests › Performance and Caching" name="should handle concurrent requests" time="0.017">
    </testcase>
    <testcase classname="API Integration Tests › Performance and Caching" name="should handle large response payloads" time="0.008">
    </testcase>
    <testcase classname="API Integration Tests › Data Validation" name="should handle missing response fields" time="0.006">
    </testcase>
    <testcase classname="API Integration Tests › Data Validation" name="should validate response data structure" time="0.005">
    </testcase>
  </testsuite>
  <testsuite name="src/app/components/__tests__/LoadingEmptyError.test.tsx" errors="0" failures="0" skipped="0" timestamp="2025-10-21T14:15:53" time="2.386" tests="17">
    <testcase classname="LoadingEmptyError Component › Loading State" name="should render loading spinner with default text" time="0.061">
    </testcase>
    <testcase classname="LoadingEmptyError Component › Loading State" name="should render loading spinner with custom text" time="0.01">
    </testcase>
    <testcase classname="LoadingEmptyError Component › Loading State" name="should apply custom minHeight and className" time="0.008">
    </testcase>
    <testcase classname="LoadingEmptyError Component › Empty State" name="should render empty state with default configuration" time="0.007">
    </testcase>
    <testcase classname="LoadingEmptyError Component › Empty State" name="should render empty state with custom configuration" time="0.023">
    </testcase>
    <testcase classname="LoadingEmptyError Component › Empty State" name="should not render action button when showAction is false" time="0.006">
    </testcase>
    <testcase classname="LoadingEmptyError Component › Empty State" name="should render custom icon when provided" time="0.005">
    </testcase>
    <testcase classname="LoadingEmptyError Component › Error State" name="should render error state with default configuration" time="0.009">
    </testcase>
    <testcase classname="LoadingEmptyError Component › Error State" name="should render error state with custom configuration and retry action" time="0.01">
    </testcase>
    <testcase classname="LoadingEmptyError Component › Error State" name="should not render retry button when showRetry is false" time="0.005">
    </testcase>
    <testcase classname="LoadingEmptyError Component › Success State" name="should render children when state is success" time="0.003">
    </testcase>
    <testcase classname="LoadingEmptyError Component › Success State" name="should render success configuration when provided" time="0.008">
    </testcase>
    <testcase classname="LoadingEmptyError Component › Success State" name="should render both success config and children" time="0.013">
    </testcase>
    <testcase classname="LoadingEmptyError Component › Custom Styling" name="should apply custom className to different states" time="0.019">
    </testcase>
    <testcase classname="LoadingEmptyError Component › Custom Styling" name="should apply custom minHeight to loading and empty states" time="0.008">
    </testcase>
    <testcase classname="LoadingEmptyError Component › Edge Cases" name="should return null for invalid state" time="0.005">
    </testcase>
    <testcase classname="LoadingEmptyError Component › Edge Cases" name="should handle missing onAction gracefully" time="0.015">
    </testcase>
  </testsuite>
  <testsuite name="src/app/components/__tests__/TicketCard.test.tsx" errors="0" failures="0" skipped="0" timestamp="2025-10-21T14:15:53" time="2.686" tests="28">
    <testcase classname="TicketCard › Rendering" name="should render ticket card with basic information" time="0.077">
    </testcase>
    <testcase classname="TicketCard › Rendering" name="should display priority badge correctly" time="0.01">
    </testcase>
    <testcase classname="TicketCard › Rendering" name="should show appropriate icon for priority" time="0.008">
    </testcase>
    <testcase classname="TicketCard › Rendering" name="should display clock icon and last update time" time="0.007">
    </testcase>
    <testcase classname="TicketCard › Priority Variants" name="should render P1 priority correctly with Zap icon" time="0.011">
    </testcase>
    <testcase classname="TicketCard › Priority Variants" name="should render P2 priority correctly with AlertCircle icon" time="0.006">
    </testcase>
    <testcase classname="TicketCard › Priority Variants" name="should render P3 priority correctly with Info icon" time="0.007">
    </testcase>
    <testcase classname="TicketCard › Priority Variants" name="should render P4 priority correctly with ChevronsDown icon" time="0.006">
    </testcase>
    <testcase classname="TicketCard › P1 Priority Alert Behavior" name="should play alert sound for P1 priority tickets" time="0.008">
    </testcase>
    <testcase classname="TicketCard › P1 Priority Alert Behavior" name="should add pulse animation class for P1 priority" time="0.006">
    </testcase>
    <testcase classname="TicketCard › P1 Priority Alert Behavior" name="should not play sound for non-P1 priorities" time="0.005">
    </testcase>
    <testcase classname="TicketCard › Type Variants" name="should display custom type when provided" time="0.012">
    </testcase>
    <testcase classname="TicketCard › Type Variants" name="should use default type when not provided" time="0.009">
    </testcase>
    <testcase classname="TicketCard › ID Variants" name="should handle string ID" time="0.012">
    </testcase>
    <testcase classname="TicketCard › ID Variants" name="should handle numeric ID" time="0.008">
    </testcase>
    <testcase classname="TicketCard › Styling and Layout" name="should have proper CSS classes for layout" time="0.024">
    </testcase>
    <testcase classname="TicketCard › Styling and Layout" name="should have hover effects" time="0.004">
    </testcase>
    <testcase classname="TicketCard › Styling and Layout" name="should have priority-based border color" time="0.004">
    </testcase>
    <testcase classname="TicketCard › Accessibility" name="should have proper semantic structure" time="0.09">
    </testcase>
    <testcase classname="TicketCard › Accessibility" name="应该支持键盘导航" time="0.011">
    </testcase>
    <testcase classname="TicketCard › Edge Cases" name="should handle very long titles" time="0.007">
    </testcase>
    <testcase classname="TicketCard › Edge Cases" name="should handle empty status" time="0.005">
    </testcase>
    <testcase classname="TicketCard › Edge Cases" name="should handle invalid priority gracefully" time="0.005">
    </testcase>
    <testcase classname="TicketCard › Performance" name="should not re-render unnecessarily" time="0.01">
    </testcase>
    <testcase classname="TicketCard › Performance" name="should handle priority changes correctly" time="0.009">
    </testcase>
    <testcase classname="TicketCard › Audio Error Handling" name="should handle audio play errors gracefully" time="0.113">
    </testcase>
    <testcase classname="TicketCard › Component Lifecycle" name="should clean up animation classes on unmount" time="0.018">
    </testcase>
    <testcase classname="TicketCard › Component Lifecycle" name="should handle priority changes during component lifecycle" time="0.021">
    </testcase>
  </testsuite>
  <testsuite name="src/app/login/__tests__/page.test.tsx" errors="0" failures="16" skipped="0" timestamp="2025-10-21T14:15:53" time="3.599" tests="16">
    <testcase classname="LoginPage › Rendering" name="should render login form with all required elements" time="0.244">
      <failure>TypeError: ((cov_1v0xwptr2v.s[37]++) , _antd.Form.useForm) is not a function or its return value is not iterable
    at useForm (/Users/heidsoft/Downloads/research/itsm/itsm-prototype/src/app/login/page.tsx:32:23)
    at renderWithHooks (/Users/heidsoft/Downloads/research/itsm/itsm-prototype/node_modules/react-dom/cjs/react-dom.development.js:15486:18)
    at mountIndeterminateComponent (/Users/heidsoft/Downloads/research/itsm/itsm-prototype/node_modules/react-dom/cjs/react-dom.development.js:20103:13)
    at beginWork (/Users/heidsoft/Downloads/research/itsm/itsm-prototype/node_modules/react-dom/cjs/react-dom.development.js:21626:16)
    at beginWork$1 (/Users/heidsoft/Downloads/research/itsm/itsm-prototype/node_modules/react-dom/cjs/react-dom.development.js:27465:14)
    at performUnitOfWork (/Users/heidsoft/Downloads/research/itsm/itsm-prototype/node_modules/react-dom/cjs/react-dom.development.js:26599:12)
    at workLoopSync (/Users/heidsoft/Downloads/research/itsm/itsm-prototype/node_modules/react-dom/cjs/react-dom.development.js:26505:5)
    at renderRootSync (/Users/heidsoft/Downloads/research/itsm/itsm-prototype/node_modules/react-dom/cjs/react-dom.development.js:26473:7)
    at recoverFromConcurrentError (/Users/heidsoft/Downloads/research/itsm/itsm-prototype/node_modules/react-dom/cjs/react-dom.development.js:25889:20)
    at performConcurrentWorkOnRoot (/Users/heidsoft/Downloads/research/itsm/itsm-prototype/node_modules/react-dom/cjs/react-dom.development.js:25789:22)
    at flushActQueue (/Users/heidsoft/Downloads/research/itsm/itsm-prototype/node_modules/react/cjs/react.development.js:2667:24)
    at act (/Users/heidsoft/Downloads/research/itsm/itsm-prototype/node_modules/react/cjs/react.development.js:2582:11)
    at /Users/heidsoft/Downloads/research/itsm/itsm-prototype/node_modules/@testing-library/react/dist/act-compat.js:47:25
    at renderRoot (/Users/heidsoft/Downloads/research/itsm/itsm-prototype/node_modules/@testing-library/react/dist/pure.js:180:26)
    at render (/Users/heidsoft/Downloads/research/itsm/itsm-prototype/node_modules/@testing-library/react/dist/pure.js:271:10)
    at Object.&lt;anonymous&gt; (/Users/heidsoft/Downloads/research/itsm/itsm-prototype/src/app/login/__tests__/page.test.tsx:91:13)
    at Promise.then.completed (/Users/heidsoft/Downloads/research/itsm/itsm-prototype/node_modules/jest-circus/build/utils.js:298:28)
    at new Promise (&lt;anonymous&gt;)
    at callAsyncCircusFn (/Users/heidsoft/Downloads/research/itsm/itsm-prototype/node_modules/jest-circus/build/utils.js:231:10)
    at _callCircusTest (/Users/heidsoft/Downloads/research/itsm/itsm-prototype/node_modules/jest-circus/build/run.js:316:40)
    at processTicksAndRejections (node:internal/process/task_queues:105:5)
    at _runTest (/Users/heidsoft/Downloads/research/itsm/itsm-prototype/node_modules/jest-circus/build/run.js:252:3)
    at _runTestsForDescribeBlock (/Users/heidsoft/Downloads/research/itsm/itsm-prototype/node_modules/jest-circus/build/run.js:126:9)
    at _runTestsForDescribeBlock (/Users/heidsoft/Downloads/research/itsm/itsm-prototype/node_modules/jest-circus/build/run.js:121:9)
    at _runTestsForDescribeBlock (/Users/heidsoft/Downloads/research/itsm/itsm-prototype/node_modules/jest-circus/build/run.js:121:9)
    at run (/Users/heidsoft/Downloads/research/itsm/itsm-prototype/node_modules/jest-circus/build/run.js:71:3)
    at runAndTransformResultsToJestFormat (/Users/heidsoft/Downloads/research/itsm/itsm-prototype/node_modules/jest-circus/build/legacy-code-todo-rewrite/jestAdapterInit.js:122:21)
    at jestAdapter (/Users/heidsoft/Downloads/research/itsm/itsm-prototype/node_modules/jest-circus/build/legacy-code-todo-rewrite/jestAdapter.js:79:19)
    at runTestInternal (/Users/heidsoft/Downloads/research/itsm/itsm-prototype/node_modules/jest-runner/build/runTest.js:367:16)
    at runTest (/Users/heidsoft/Downloads/research/itsm/itsm-prototype/node_modules/jest-runner/build/runTest.js:444:34)
    at Object.worker (/Users/heidsoft/Downloads/research/itsm/itsm-prototype/node_modules/jest-runner/build/testWorker.js:106:12)</failure>
    </testcase>
    <testcase classname="LoginPage › Rendering" name="should render icons for username and password fields" time="0.072">
      <failure>TypeError: ((cov_1v0xwptr2v.s[37]++) , _antd.Form.useForm) is not a function or its return value is not iterable
    at useForm (/Users/heidsoft/Downloads/research/itsm/itsm-prototype/src/app/login/page.tsx:32:23)
    at renderWithHooks (/Users/heidsoft/Downloads/research/itsm/itsm-prototype/node_modules/react-dom/cjs/react-dom.development.js:15486:18)
    at mountIndeterminateComponent (/Users/heidsoft/Downloads/research/itsm/itsm-prototype/node_modules/react-dom/cjs/react-dom.development.js:20103:13)
    at beginWork (/Users/heidsoft/Downloads/research/itsm/itsm-prototype/node_modules/react-dom/cjs/react-dom.development.js:21626:16)
    at beginWork$1 (/Users/heidsoft/Downloads/research/itsm/itsm-prototype/node_modules/react-dom/cjs/react-dom.development.js:27465:14)
    at performUnitOfWork (/Users/heidsoft/Downloads/research/itsm/itsm-prototype/node_modules/react-dom/cjs/react-dom.development.js:26599:12)
    at workLoopSync (/Users/heidsoft/Downloads/research/itsm/itsm-prototype/node_modules/react-dom/cjs/react-dom.development.js:26505:5)
    at renderRootSync (/Users/heidsoft/Downloads/research/itsm/itsm-prototype/node_modules/react-dom/cjs/react-dom.development.js:26473:7)
    at recoverFromConcurrentError (/Users/heidsoft/Downloads/research/itsm/itsm-prototype/node_modules/react-dom/cjs/react-dom.development.js:25889:20)
    at performConcurrentWorkOnRoot (/Users/heidsoft/Downloads/research/itsm/itsm-prototype/node_modules/react-dom/cjs/react-dom.development.js:25789:22)
    at flushActQueue (/Users/heidsoft/Downloads/research/itsm/itsm-prototype/node_modules/react/cjs/react.development.js:2667:24)
    at act (/Users/heidsoft/Downloads/research/itsm/itsm-prototype/node_modules/react/cjs/react.development.js:2582:11)
    at /Users/heidsoft/Downloads/research/itsm/itsm-prototype/node_modules/@testing-library/react/dist/act-compat.js:47:25
    at renderRoot (/Users/heidsoft/Downloads/research/itsm/itsm-prototype/node_modules/@testing-library/react/dist/pure.js:180:26)
    at render (/Users/heidsoft/Downloads/research/itsm/itsm-prototype/node_modules/@testing-library/react/dist/pure.js:271:10)
    at Object.&lt;anonymous&gt; (/Users/heidsoft/Downloads/research/itsm/itsm-prototype/src/app/login/__tests__/page.test.tsx:101:13)
    at Promise.then.completed (/Users/heidsoft/Downloads/research/itsm/itsm-prototype/node_modules/jest-circus/build/utils.js:298:28)
    at new Promise (&lt;anonymous&gt;)
    at callAsyncCircusFn (/Users/heidsoft/Downloads/research/itsm/itsm-prototype/node_modules/jest-circus/build/utils.js:231:10)
    at _callCircusTest (/Users/heidsoft/Downloads/research/itsm/itsm-prototype/node_modules/jest-circus/build/run.js:316:40)
    at processTicksAndRejections (node:internal/process/task_queues:105:5)
    at _runTest (/Users/heidsoft/Downloads/research/itsm/itsm-prototype/node_modules/jest-circus/build/run.js:252:3)
    at _runTestsForDescribeBlock (/Users/heidsoft/Downloads/research/itsm/itsm-prototype/node_modules/jest-circus/build/run.js:126:9)
    at _runTestsForDescribeBlock (/Users/heidsoft/Downloads/research/itsm/itsm-prototype/node_modules/jest-circus/build/run.js:121:9)
    at _runTestsForDescribeBlock (/Users/heidsoft/Downloads/research/itsm/itsm-prototype/node_modules/jest-circus/build/run.js:121:9)
    at run (/Users/heidsoft/Downloads/research/itsm/itsm-prototype/node_modules/jest-circus/build/run.js:71:3)
    at runAndTransformResultsToJestFormat (/Users/heidsoft/Downloads/research/itsm/itsm-prototype/node_modules/jest-circus/build/legacy-code-todo-rewrite/jestAdapterInit.js:122:21)
    at jestAdapter (/Users/heidsoft/Downloads/research/itsm/itsm-prototype/node_modules/jest-circus/build/legacy-code-todo-rewrite/jestAdapter.js:79:19)
    at runTestInternal (/Users/heidsoft/Downloads/research/itsm/itsm-prototype/node_modules/jest-runner/build/runTest.js:367:16)
    at runTest (/Users/heidsoft/Downloads/research/itsm/itsm-prototype/node_modules/jest-runner/build/runTest.js:444:34)
    at Object.worker (/Users/heidsoft/Downloads/research/itsm/itsm-prototype/node_modules/jest-runner/build/testWorker.js:106:12)</failure>
    </testcase>
    <testcase classname="LoginPage › Rendering" name="should have proper form structure" time="0.087">
      <failure>TypeError: ((cov_1v0xwptr2v.s[37]++) , _antd.Form.useForm) is not a function or its return value is not iterable
    at useForm (/Users/heidsoft/Downloads/research/itsm/itsm-prototype/src/app/login/page.tsx:32:23)
    at renderWithHooks (/Users/heidsoft/Downloads/research/itsm/itsm-prototype/node_modules/react-dom/cjs/react-dom.development.js:15486:18)
    at mountIndeterminateComponent (/Users/heidsoft/Downloads/research/itsm/itsm-prototype/node_modules/react-dom/cjs/react-dom.development.js:20103:13)
    at beginWork (/Users/heidsoft/Downloads/research/itsm/itsm-prototype/node_modules/react-dom/cjs/react-dom.development.js:21626:16)
    at beginWork$1 (/Users/heidsoft/Downloads/research/itsm/itsm-prototype/node_modules/react-dom/cjs/react-dom.development.js:27465:14)
    at performUnitOfWork (/Users/heidsoft/Downloads/research/itsm/itsm-prototype/node_modules/react-dom/cjs/react-dom.development.js:26599:12)
    at workLoopSync (/Users/heidsoft/Downloads/research/itsm/itsm-prototype/node_modules/react-dom/cjs/react-dom.development.js:26505:5)
    at renderRootSync (/Users/heidsoft/Downloads/research/itsm/itsm-prototype/node_modules/react-dom/cjs/react-dom.development.js:26473:7)
    at recoverFromConcurrentError (/Users/heidsoft/Downloads/research/itsm/itsm-prototype/node_modules/react-dom/cjs/react-dom.development.js:25889:20)
    at performConcurrentWorkOnRoot (/Users/heidsoft/Downloads/research/itsm/itsm-prototype/node_modules/react-dom/cjs/react-dom.development.js:25789:22)
    at flushActQueue (/Users/heidsoft/Downloads/research/itsm/itsm-prototype/node_modules/react/cjs/react.development.js:2667:24)
    at act (/Users/heidsoft/Downloads/research/itsm/itsm-prototype/node_modules/react/cjs/react.development.js:2582:11)
    at /Users/heidsoft/Downloads/research/itsm/itsm-prototype/node_modules/@testing-library/react/dist/act-compat.js:47:25
    at renderRoot (/Users/heidsoft/Downloads/research/itsm/itsm-prototype/node_modules/@testing-library/react/dist/pure.js:180:26)
    at render (/Users/heidsoft/Downloads/research/itsm/itsm-prototype/node_modules/@testing-library/react/dist/pure.js:271:10)
    at Object.&lt;anonymous&gt; (/Users/heidsoft/Downloads/research/itsm/itsm-prototype/src/app/login/__tests__/page.test.tsx:108:13)
    at Promise.then.completed (/Users/heidsoft/Downloads/research/itsm/itsm-prototype/node_modules/jest-circus/build/utils.js:298:28)
    at new Promise (&lt;anonymous&gt;)
    at callAsyncCircusFn (/Users/heidsoft/Downloads/research/itsm/itsm-prototype/node_modules/jest-circus/build/utils.js:231:10)
    at _callCircusTest (/Users/heidsoft/Downloads/research/itsm/itsm-prototype/node_modules/jest-circus/build/run.js:316:40)
    at processTicksAndRejections (node:internal/process/task_queues:105:5)
    at _runTest (/Users/heidsoft/Downloads/research/itsm/itsm-prototype/node_modules/jest-circus/build/run.js:252:3)
    at _runTestsForDescribeBlock (/Users/heidsoft/Downloads/research/itsm/itsm-prototype/node_modules/jest-circus/build/run.js:126:9)
    at _runTestsForDescribeBlock (/Users/heidsoft/Downloads/research/itsm/itsm-prototype/node_modules/jest-circus/build/run.js:121:9)
    at _runTestsForDescribeBlock (/Users/heidsoft/Downloads/research/itsm/itsm-prototype/node_modules/jest-circus/build/run.js:121:9)
    at run (/Users/heidsoft/Downloads/research/itsm/itsm-prototype/node_modules/jest-circus/build/run.js:71:3)
    at runAndTransformResultsToJestFormat (/Users/heidsoft/Downloads/research/itsm/itsm-prototype/node_modules/jest-circus/build/legacy-code-todo-rewrite/jestAdapterInit.js:122:21)
    at jestAdapter (/Users/heidsoft/Downloads/research/itsm/itsm-prototype/node_modules/jest-circus/build/legacy-code-todo-rewrite/jestAdapter.js:79:19)
    at runTestInternal (/Users/heidsoft/Downloads/research/itsm/itsm-prototype/node_modules/jest-runner/build/runTest.js:367:16)
    at runTest (/Users/heidsoft/Downloads/research/itsm/itsm-prototype/node_modules/jest-runner/build/runTest.js:444:34)
    at Object.worker (/Users/heidsoft/Downloads/research/itsm/itsm-prototype/node_modules/jest-runner/build/testWorker.js:106:12)</failure>
    </testcase>
    <testcase classname="LoginPage › Form Interaction" name="should allow user to type in username and password fields" time="0.075">
      <failure>TypeError: ((cov_1v0xwptr2v.s[37]++) , _antd.Form.useForm) is not a function or its return value is not iterable
    at useForm (/Users/heidsoft/Downloads/research/itsm/itsm-prototype/src/app/login/page.tsx:32:23)
    at renderWithHooks (/Users/heidsoft/Downloads/research/itsm/itsm-prototype/node_modules/react-dom/cjs/react-dom.development.js:15486:18)
    at mountIndeterminateComponent (/Users/heidsoft/Downloads/research/itsm/itsm-prototype/node_modules/react-dom/cjs/react-dom.development.js:20103:13)
    at beginWork (/Users/heidsoft/Downloads/research/itsm/itsm-prototype/node_modules/react-dom/cjs/react-dom.development.js:21626:16)
    at beginWork$1 (/Users/heidsoft/Downloads/research/itsm/itsm-prototype/node_modules/react-dom/cjs/react-dom.development.js:27465:14)
    at performUnitOfWork (/Users/heidsoft/Downloads/research/itsm/itsm-prototype/node_modules/react-dom/cjs/react-dom.development.js:26599:12)
    at workLoopSync (/Users/heidsoft/Downloads/research/itsm/itsm-prototype/node_modules/react-dom/cjs/react-dom.development.js:26505:5)
    at renderRootSync (/Users/heidsoft/Downloads/research/itsm/itsm-prototype/node_modules/react-dom/cjs/react-dom.development.js:26473:7)
    at recoverFromConcurrentError (/Users/heidsoft/Downloads/research/itsm/itsm-prototype/node_modules/react-dom/cjs/react-dom.development.js:25889:20)
    at performConcurrentWorkOnRoot (/Users/heidsoft/Downloads/research/itsm/itsm-prototype/node_modules/react-dom/cjs/react-dom.development.js:25789:22)
    at flushActQueue (/Users/heidsoft/Downloads/research/itsm/itsm-prototype/node_modules/react/cjs/react.development.js:2667:24)
    at act (/Users/heidsoft/Downloads/research/itsm/itsm-prototype/node_modules/react/cjs/react.development.js:2582:11)
    at /Users/heidsoft/Downloads/research/itsm/itsm-prototype/node_modules/@testing-library/react/dist/act-compat.js:47:25
    at renderRoot (/Users/heidsoft/Downloads/research/itsm/itsm-prototype/node_modules/@testing-library/react/dist/pure.js:180:26)
    at render (/Users/heidsoft/Downloads/research/itsm/itsm-prototype/node_modules/@testing-library/react/dist/pure.js:271:10)
    at Object.&lt;anonymous&gt; (/Users/heidsoft/Downloads/research/itsm/itsm-prototype/src/app/login/__tests__/page.test.tsx:125:13)
    at Promise.then.completed (/Users/heidsoft/Downloads/research/itsm/itsm-prototype/node_modules/jest-circus/build/utils.js:298:28)
    at new Promise (&lt;anonymous&gt;)
    at callAsyncCircusFn (/Users/heidsoft/Downloads/research/itsm/itsm-prototype/node_modules/jest-circus/build/utils.js:231:10)
    at _callCircusTest (/Users/heidsoft/Downloads/research/itsm/itsm-prototype/node_modules/jest-circus/build/run.js:316:40)
    at processTicksAndRejections (node:internal/process/task_queues:105:5)
    at _runTest (/Users/heidsoft/Downloads/research/itsm/itsm-prototype/node_modules/jest-circus/build/run.js:252:3)
    at _runTestsForDescribeBlock (/Users/heidsoft/Downloads/research/itsm/itsm-prototype/node_modules/jest-circus/build/run.js:126:9)
    at _runTestsForDescribeBlock (/Users/heidsoft/Downloads/research/itsm/itsm-prototype/node_modules/jest-circus/build/run.js:121:9)
    at _runTestsForDescribeBlock (/Users/heidsoft/Downloads/research/itsm/itsm-prototype/node_modules/jest-circus/build/run.js:121:9)
    at run (/Users/heidsoft/Downloads/research/itsm/itsm-prototype/node_modules/jest-circus/build/run.js:71:3)
    at runAndTransformResultsToJestFormat (/Users/heidsoft/Downloads/research/itsm/itsm-prototype/node_modules/jest-circus/build/legacy-code-todo-rewrite/jestAdapterInit.js:122:21)
    at jestAdapter (/Users/heidsoft/Downloads/research/itsm/itsm-prototype/node_modules/jest-circus/build/legacy-code-todo-rewrite/jestAdapter.js:79:19)
    at runTestInternal (/Users/heidsoft/Downloads/research/itsm/itsm-prototype/node_modules/jest-runner/build/runTest.js:367:16)
    at runTest (/Users/heidsoft/Downloads/research/itsm/itsm-prototype/node_modules/jest-runner/build/runTest.js:444:34)
    at Object.worker (/Users/heidsoft/Downloads/research/itsm/itsm-prototype/node_modules/jest-runner/build/testWorker.js:106:12)</failure>
    </testcase>
    <testcase classname="LoginPage › Form Interaction" name="should handle form submission" time="0.045">
      <failure>TypeError: ((cov_1v0xwptr2v.s[37]++) , _antd.Form.useForm) is not a function or its return value is not iterable
    at useForm (/Users/heidsoft/Downloads/research/itsm/itsm-prototype/src/app/login/page.tsx:32:23)
    at renderWithHooks (/Users/heidsoft/Downloads/research/itsm/itsm-prototype/node_modules/react-dom/cjs/react-dom.development.js:15486:18)
    at mountIndeterminateComponent (/Users/heidsoft/Downloads/research/itsm/itsm-prototype/node_modules/react-dom/cjs/react-dom.development.js:20103:13)
    at beginWork (/Users/heidsoft/Downloads/research/itsm/itsm-prototype/node_modules/react-dom/cjs/react-dom.development.js:21626:16)
    at beginWork$1 (/Users/heidsoft/Downloads/research/itsm/itsm-prototype/node_modules/react-dom/cjs/react-dom.development.js:27465:14)
    at performUnitOfWork (/Users/heidsoft/Downloads/research/itsm/itsm-prototype/node_modules/react-dom/cjs/react-dom.development.js:26599:12)
    at workLoopSync (/Users/heidsoft/Downloads/research/itsm/itsm-prototype/node_modules/react-dom/cjs/react-dom.development.js:26505:5)
    at renderRootSync (/Users/heidsoft/Downloads/research/itsm/itsm-prototype/node_modules/react-dom/cjs/react-dom.development.js:26473:7)
    at recoverFromConcurrentError (/Users/heidsoft/Downloads/research/itsm/itsm-prototype/node_modules/react-dom/cjs/react-dom.development.js:25889:20)
    at performConcurrentWorkOnRoot (/Users/heidsoft/Downloads/research/itsm/itsm-prototype/node_modules/react-dom/cjs/react-dom.development.js:25789:22)
    at flushActQueue (/Users/heidsoft/Downloads/research/itsm/itsm-prototype/node_modules/react/cjs/react.development.js:2667:24)
    at act (/Users/heidsoft/Downloads/research/itsm/itsm-prototype/node_modules/react/cjs/react.development.js:2582:11)
    at /Users/heidsoft/Downloads/research/itsm/itsm-prototype/node_modules/@testing-library/react/dist/act-compat.js:47:25
    at renderRoot (/Users/heidsoft/Downloads/research/itsm/itsm-prototype/node_modules/@testing-library/react/dist/pure.js:180:26)
    at render (/Users/heidsoft/Downloads/research/itsm/itsm-prototype/node_modules/@testing-library/react/dist/pure.js:271:10)
    at Object.&lt;anonymous&gt; (/Users/heidsoft/Downloads/research/itsm/itsm-prototype/src/app/login/__tests__/page.test.tsx:145:13)
    at Promise.then.completed (/Users/heidsoft/Downloads/research/itsm/itsm-prototype/node_modules/jest-circus/build/utils.js:298:28)
    at new Promise (&lt;anonymous&gt;)
    at callAsyncCircusFn (/Users/heidsoft/Downloads/research/itsm/itsm-prototype/node_modules/jest-circus/build/utils.js:231:10)
    at _callCircusTest (/Users/heidsoft/Downloads/research/itsm/itsm-prototype/node_modules/jest-circus/build/run.js:316:40)
    at processTicksAndRejections (node:internal/process/task_queues:105:5)
    at _runTest (/Users/heidsoft/Downloads/research/itsm/itsm-prototype/node_modules/jest-circus/build/run.js:252:3)
    at _runTestsForDescribeBlock (/Users/heidsoft/Downloads/research/itsm/itsm-prototype/node_modules/jest-circus/build/run.js:126:9)
    at _runTestsForDescribeBlock (/Users/heidsoft/Downloads/research/itsm/itsm-prototype/node_modules/jest-circus/build/run.js:121:9)
    at _runTestsForDescribeBlock (/Users/heidsoft/Downloads/research/itsm/itsm-prototype/node_modules/jest-circus/build/run.js:121:9)
    at run (/Users/heidsoft/Downloads/research/itsm/itsm-prototype/node_modules/jest-circus/build/run.js:71:3)
    at runAndTransformResultsToJestFormat (/Users/heidsoft/Downloads/research/itsm/itsm-prototype/node_modules/jest-circus/build/legacy-code-todo-rewrite/jestAdapterInit.js:122:21)
    at jestAdapter (/Users/heidsoft/Downloads/research/itsm/itsm-prototype/node_modules/jest-circus/build/legacy-code-todo-rewrite/jestAdapter.js:79:19)
    at runTestInternal (/Users/heidsoft/Downloads/research/itsm/itsm-prototype/node_modules/jest-runner/build/runTest.js:367:16)
    at runTest (/Users/heidsoft/Downloads/research/itsm/itsm-prototype/node_modules/jest-runner/build/runTest.js:444:34)
    at Object.worker (/Users/heidsoft/Downloads/research/itsm/itsm-prototype/node_modules/jest-runner/build/testWorker.js:106:12)</failure>
    </testcase>
    <testcase classname="LoginPage › Authentication Flow" name="should show loading state during login" time="0.03">
      <failure>TypeError: ((cov_1v0xwptr2v.s[37]++) , _antd.Form.useForm) is not a function or its return value is not iterable
    at useForm (/Users/heidsoft/Downloads/research/itsm/itsm-prototype/src/app/login/page.tsx:32:23)
    at renderWithHooks (/Users/heidsoft/Downloads/research/itsm/itsm-prototype/node_modules/react-dom/cjs/react-dom.development.js:15486:18)
    at mountIndeterminateComponent (/Users/heidsoft/Downloads/research/itsm/itsm-prototype/node_modules/react-dom/cjs/react-dom.development.js:20103:13)
    at beginWork (/Users/heidsoft/Downloads/research/itsm/itsm-prototype/node_modules/react-dom/cjs/react-dom.development.js:21626:16)
    at beginWork$1 (/Users/heidsoft/Downloads/research/itsm/itsm-prototype/node_modules/react-dom/cjs/react-dom.development.js:27465:14)
    at performUnitOfWork (/Users/heidsoft/Downloads/research/itsm/itsm-prototype/node_modules/react-dom/cjs/react-dom.development.js:26599:12)
    at workLoopSync (/Users/heidsoft/Downloads/research/itsm/itsm-prototype/node_modules/react-dom/cjs/react-dom.development.js:26505:5)
    at renderRootSync (/Users/heidsoft/Downloads/research/itsm/itsm-prototype/node_modules/react-dom/cjs/react-dom.development.js:26473:7)
    at recoverFromConcurrentError (/Users/heidsoft/Downloads/research/itsm/itsm-prototype/node_modules/react-dom/cjs/react-dom.development.js:25889:20)
    at performConcurrentWorkOnRoot (/Users/heidsoft/Downloads/research/itsm/itsm-prototype/node_modules/react-dom/cjs/react-dom.development.js:25789:22)
    at flushActQueue (/Users/heidsoft/Downloads/research/itsm/itsm-prototype/node_modules/react/cjs/react.development.js:2667:24)
    at act (/Users/heidsoft/Downloads/research/itsm/itsm-prototype/node_modules/react/cjs/react.development.js:2582:11)
    at /Users/heidsoft/Downloads/research/itsm/itsm-prototype/node_modules/@testing-library/react/dist/act-compat.js:47:25
    at renderRoot (/Users/heidsoft/Downloads/research/itsm/itsm-prototype/node_modules/@testing-library/react/dist/pure.js:180:26)
    at render (/Users/heidsoft/Downloads/research/itsm/itsm-prototype/node_modules/@testing-library/react/dist/pure.js:271:10)
    at Object.&lt;anonymous&gt; (/Users/heidsoft/Downloads/research/itsm/itsm-prototype/src/app/login/__tests__/page.test.tsx:166:13)
    at Promise.then.completed (/Users/heidsoft/Downloads/research/itsm/itsm-prototype/node_modules/jest-circus/build/utils.js:298:28)
    at new Promise (&lt;anonymous&gt;)
    at callAsyncCircusFn (/Users/heidsoft/Downloads/research/itsm/itsm-prototype/node_modules/jest-circus/build/utils.js:231:10)
    at _callCircusTest (/Users/heidsoft/Downloads/research/itsm/itsm-prototype/node_modules/jest-circus/build/run.js:316:40)
    at processTicksAndRejections (node:internal/process/task_queues:105:5)
    at _runTest (/Users/heidsoft/Downloads/research/itsm/itsm-prototype/node_modules/jest-circus/build/run.js:252:3)
    at _runTestsForDescribeBlock (/Users/heidsoft/Downloads/research/itsm/itsm-prototype/node_modules/jest-circus/build/run.js:126:9)
    at _runTestsForDescribeBlock (/Users/heidsoft/Downloads/research/itsm/itsm-prototype/node_modules/jest-circus/build/run.js:121:9)
    at _runTestsForDescribeBlock (/Users/heidsoft/Downloads/research/itsm/itsm-prototype/node_modules/jest-circus/build/run.js:121:9)
    at run (/Users/heidsoft/Downloads/research/itsm/itsm-prototype/node_modules/jest-circus/build/run.js:71:3)
    at runAndTransformResultsToJestFormat (/Users/heidsoft/Downloads/research/itsm/itsm-prototype/node_modules/jest-circus/build/legacy-code-todo-rewrite/jestAdapterInit.js:122:21)
    at jestAdapter (/Users/heidsoft/Downloads/research/itsm/itsm-prototype/node_modules/jest-circus/build/legacy-code-todo-rewrite/jestAdapter.js:79:19)
    at runTestInternal (/Users/heidsoft/Downloads/research/itsm/itsm-prototype/node_modules/jest-runner/build/runTest.js:367:16)
    at runTest (/Users/heidsoft/Downloads/research/itsm/itsm-prototype/node_modules/jest-runner/build/runTest.js:444:34)
    at Object.worker (/Users/heidsoft/Downloads/research/itsm/itsm-prototype/node_modules/jest-runner/build/testWorker.js:106:12)</failure>
    </testcase>
    <testcase classname="LoginPage › Authentication Flow" name="should handle successful login" time="0.052">
      <failure>TypeError: ((cov_1v0xwptr2v.s[37]++) , _antd.Form.useForm) is not a function or its return value is not iterable
    at useForm (/Users/heidsoft/Downloads/research/itsm/itsm-prototype/src/app/login/page.tsx:32:23)
    at renderWithHooks (/Users/heidsoft/Downloads/research/itsm/itsm-prototype/node_modules/react-dom/cjs/react-dom.development.js:15486:18)
    at mountIndeterminateComponent (/Users/heidsoft/Downloads/research/itsm/itsm-prototype/node_modules/react-dom/cjs/react-dom.development.js:20103:13)
    at beginWork (/Users/heidsoft/Downloads/research/itsm/itsm-prototype/node_modules/react-dom/cjs/react-dom.development.js:21626:16)
    at beginWork$1 (/Users/heidsoft/Downloads/research/itsm/itsm-prototype/node_modules/react-dom/cjs/react-dom.development.js:27465:14)
    at performUnitOfWork (/Users/heidsoft/Downloads/research/itsm/itsm-prototype/node_modules/react-dom/cjs/react-dom.development.js:26599:12)
    at workLoopSync (/Users/heidsoft/Downloads/research/itsm/itsm-prototype/node_modules/react-dom/cjs/react-dom.development.js:26505:5)
    at renderRootSync (/Users/heidsoft/Downloads/research/itsm/itsm-prototype/node_modules/react-dom/cjs/react-dom.development.js:26473:7)
    at recoverFromConcurrentError (/Users/heidsoft/Downloads/research/itsm/itsm-prototype/node_modules/react-dom/cjs/react-dom.development.js:25889:20)
    at performConcurrentWorkOnRoot (/Users/heidsoft/Downloads/research/itsm/itsm-prototype/node_modules/react-dom/cjs/react-dom.development.js:25789:22)
    at flushActQueue (/Users/heidsoft/Downloads/research/itsm/itsm-prototype/node_modules/react/cjs/react.development.js:2667:24)
    at act (/Users/heidsoft/Downloads/research/itsm/itsm-prototype/node_modules/react/cjs/react.development.js:2582:11)
    at /Users/heidsoft/Downloads/research/itsm/itsm-prototype/node_modules/@testing-library/react/dist/act-compat.js:47:25
    at renderRoot (/Users/heidsoft/Downloads/research/itsm/itsm-prototype/node_modules/@testing-library/react/dist/pure.js:180:26)
    at render (/Users/heidsoft/Downloads/research/itsm/itsm-prototype/node_modules/@testing-library/react/dist/pure.js:271:10)
    at Object.&lt;anonymous&gt; (/Users/heidsoft/Downloads/research/itsm/itsm-prototype/src/app/login/__tests__/page.test.tsx:188:13)
    at Promise.then.completed (/Users/heidsoft/Downloads/research/itsm/itsm-prototype/node_modules/jest-circus/build/utils.js:298:28)
    at new Promise (&lt;anonymous&gt;)
    at callAsyncCircusFn (/Users/heidsoft/Downloads/research/itsm/itsm-prototype/node_modules/jest-circus/build/utils.js:231:10)
    at _callCircusTest (/Users/heidsoft/Downloads/research/itsm/itsm-prototype/node_modules/jest-circus/build/run.js:316:40)
    at processTicksAndRejections (node:internal/process/task_queues:105:5)
    at _runTest (/Users/heidsoft/Downloads/research/itsm/itsm-prototype/node_modules/jest-circus/build/run.js:252:3)
    at _runTestsForDescribeBlock (/Users/heidsoft/Downloads/research/itsm/itsm-prototype/node_modules/jest-circus/build/run.js:126:9)
    at _runTestsForDescribeBlock (/Users/heidsoft/Downloads/research/itsm/itsm-prototype/node_modules/jest-circus/build/run.js:121:9)
    at _runTestsForDescribeBlock (/Users/heidsoft/Downloads/research/itsm/itsm-prototype/node_modules/jest-circus/build/run.js:121:9)
    at run (/Users/heidsoft/Downloads/research/itsm/itsm-prototype/node_modules/jest-circus/build/run.js:71:3)
    at runAndTransformResultsToJestFormat (/Users/heidsoft/Downloads/research/itsm/itsm-prototype/node_modules/jest-circus/build/legacy-code-todo-rewrite/jestAdapterInit.js:122:21)
    at jestAdapter (/Users/heidsoft/Downloads/research/itsm/itsm-prototype/node_modules/jest-circus/build/legacy-code-todo-rewrite/jestAdapter.js:79:19)
    at runTestInternal (/Users/heidsoft/Downloads/research/itsm/itsm-prototype/node_modules/jest-runner/build/runTest.js:367:16)
    at runTest (/Users/heidsoft/Downloads/research/itsm/itsm-prototype/node_modules/jest-runner/build/runTest.js:444:34)
    at Object.worker (/Users/heidsoft/Downloads/research/itsm/itsm-prototype/node_modules/jest-runner/build/testWorker.js:106:12)</failure>
    </testcase>
    <testcase classname="LoginPage › Authentication Flow" name="should handle login failure with error message" time="0.036">
      <failure>TypeError: ((cov_1v0xwptr2v.s[37]++) , _antd.Form.useForm) is not a function or its return value is not iterable
    at useForm (/Users/heidsoft/Downloads/research/itsm/itsm-prototype/src/app/login/page.tsx:32:23)
    at renderWithHooks (/Users/heidsoft/Downloads/research/itsm/itsm-prototype/node_modules/react-dom/cjs/react-dom.development.js:15486:18)
    at mountIndeterminateComponent (/Users/heidsoft/Downloads/research/itsm/itsm-prototype/node_modules/react-dom/cjs/react-dom.development.js:20103:13)
    at beginWork (/Users/heidsoft/Downloads/research/itsm/itsm-prototype/node_modules/react-dom/cjs/react-dom.development.js:21626:16)
    at beginWork$1 (/Users/heidsoft/Downloads/research/itsm/itsm-prototype/node_modules/react-dom/cjs/react-dom.development.js:27465:14)
    at performUnitOfWork (/Users/heidsoft/Downloads/research/itsm/itsm-prototype/node_modules/react-dom/cjs/react-dom.development.js:26599:12)
    at workLoopSync (/Users/heidsoft/Downloads/research/itsm/itsm-prototype/node_modules/react-dom/cjs/react-dom.development.js:26505:5)
    at renderRootSync (/Users/heidsoft/Downloads/research/itsm/itsm-prototype/node_modules/react-dom/cjs/react-dom.development.js:26473:7)
    at recoverFromConcurrentError (/Users/heidsoft/Downloads/research/itsm/itsm-prototype/node_modules/react-dom/cjs/react-dom.development.js:25889:20)
    at performConcurrentWorkOnRoot (/Users/heidsoft/Downloads/research/itsm/itsm-prototype/node_modules/react-dom/cjs/react-dom.development.js:25789:22)
    at flushActQueue (/Users/heidsoft/Downloads/research/itsm/itsm-prototype/node_modules/react/cjs/react.development.js:2667:24)
    at act (/Users/heidsoft/Downloads/research/itsm/itsm-prototype/node_modules/react/cjs/react.development.js:2582:11)
    at /Users/heidsoft/Downloads/research/itsm/itsm-prototype/node_modules/@testing-library/react/dist/act-compat.js:47:25
    at renderRoot (/Users/heidsoft/Downloads/research/itsm/itsm-prototype/node_modules/@testing-library/react/dist/pure.js:180:26)
    at render (/Users/heidsoft/Downloads/research/itsm/itsm-prototype/node_modules/@testing-library/react/dist/pure.js:271:10)
    at Object.&lt;anonymous&gt; (/Users/heidsoft/Downloads/research/itsm/itsm-prototype/src/app/login/__tests__/page.test.tsx:208:13)
    at Promise.then.completed (/Users/heidsoft/Downloads/research/itsm/itsm-prototype/node_modules/jest-circus/build/utils.js:298:28)
    at new Promise (&lt;anonymous&gt;)
    at callAsyncCircusFn (/Users/heidsoft/Downloads/research/itsm/itsm-prototype/node_modules/jest-circus/build/utils.js:231:10)
    at _callCircusTest (/Users/heidsoft/Downloads/research/itsm/itsm-prototype/node_modules/jest-circus/build/run.js:316:40)
    at processTicksAndRejections (node:internal/process/task_queues:105:5)
    at _runTest (/Users/heidsoft/Downloads/research/itsm/itsm-prototype/node_modules/jest-circus/build/run.js:252:3)
    at _runTestsForDescribeBlock (/Users/heidsoft/Downloads/research/itsm/itsm-prototype/node_modules/jest-circus/build/run.js:126:9)
    at _runTestsForDescribeBlock (/Users/heidsoft/Downloads/research/itsm/itsm-prototype/node_modules/jest-circus/build/run.js:121:9)
    at _runTestsForDescribeBlock (/Users/heidsoft/Downloads/research/itsm/itsm-prototype/node_modules/jest-circus/build/run.js:121:9)
    at run (/Users/heidsoft/Downloads/research/itsm/itsm-prototype/node_modules/jest-circus/build/run.js:71:3)
    at runAndTransformResultsToJestFormat (/Users/heidsoft/Downloads/research/itsm/itsm-prototype/node_modules/jest-circus/build/legacy-code-todo-rewrite/jestAdapterInit.js:122:21)
    at jestAdapter (/Users/heidsoft/Downloads/research/itsm/itsm-prototype/node_modules/jest-circus/build/legacy-code-todo-rewrite/jestAdapter.js:79:19)
    at runTestInternal (/Users/heidsoft/Downloads/research/itsm/itsm-prototype/node_modules/jest-runner/build/runTest.js:367:16)
    at runTest (/Users/heidsoft/Downloads/research/itsm/itsm-prototype/node_modules/jest-runner/build/runTest.js:444:34)
    at Object.worker (/Users/heidsoft/Downloads/research/itsm/itsm-prototype/node_modules/jest-runner/build/testWorker.js:106:12)</failure>
    </testcase>
    <testcase classname="LoginPage › Authentication Flow" name="should handle network error gracefully" time="0.059">
      <failure>TypeError: ((cov_1v0xwptr2v.s[37]++) , _antd.Form.useForm) is not a function or its return value is not iterable
    at useForm (/Users/heidsoft/Downloads/research/itsm/itsm-prototype/src/app/login/page.tsx:32:23)
    at renderWithHooks (/Users/heidsoft/Downloads/research/itsm/itsm-prototype/node_modules/react-dom/cjs/react-dom.development.js:15486:18)
    at mountIndeterminateComponent (/Users/heidsoft/Downloads/research/itsm/itsm-prototype/node_modules/react-dom/cjs/react-dom.development.js:20103:13)
    at beginWork (/Users/heidsoft/Downloads/research/itsm/itsm-prototype/node_modules/react-dom/cjs/react-dom.development.js:21626:16)
    at beginWork$1 (/Users/heidsoft/Downloads/research/itsm/itsm-prototype/node_modules/react-dom/cjs/react-dom.development.js:27465:14)
    at performUnitOfWork (/Users/heidsoft/Downloads/research/itsm/itsm-prototype/node_modules/react-dom/cjs/react-dom.development.js:26599:12)
    at workLoopSync (/Users/heidsoft/Downloads/research/itsm/itsm-prototype/node_modules/react-dom/cjs/react-dom.development.js:26505:5)
    at renderRootSync (/Users/heidsoft/Downloads/research/itsm/itsm-prototype/node_modules/react-dom/cjs/react-dom.development.js:26473:7)
    at recoverFromConcurrentError (/Users/heidsoft/Downloads/research/itsm/itsm-prototype/node_modules/react-dom/cjs/react-dom.development.js:25889:20)
    at performConcurrentWorkOnRoot (/Users/heidsoft/Downloads/research/itsm/itsm-prototype/node_modules/react-dom/cjs/react-dom.development.js:25789:22)
    at flushActQueue (/Users/heidsoft/Downloads/research/itsm/itsm-prototype/node_modules/react/cjs/react.development.js:2667:24)
    at act (/Users/heidsoft/Downloads/research/itsm/itsm-prototype/node_modules/react/cjs/react.development.js:2582:11)
    at /Users/heidsoft/Downloads/research/itsm/itsm-prototype/node_modules/@testing-library/react/dist/act-compat.js:47:25
    at renderRoot (/Users/heidsoft/Downloads/research/itsm/itsm-prototype/node_modules/@testing-library/react/dist/pure.js:180:26)
    at render (/Users/heidsoft/Downloads/research/itsm/itsm-prototype/node_modules/@testing-library/react/dist/pure.js:271:10)
    at Object.&lt;anonymous&gt; (/Users/heidsoft/Downloads/research/itsm/itsm-prototype/src/app/login/__tests__/page.test.tsx:227:13)
    at Promise.then.completed (/Users/heidsoft/Downloads/research/itsm/itsm-prototype/node_modules/jest-circus/build/utils.js:298:28)
    at new Promise (&lt;anonymous&gt;)
    at callAsyncCircusFn (/Users/heidsoft/Downloads/research/itsm/itsm-prototype/node_modules/jest-circus/build/utils.js:231:10)
    at _callCircusTest (/Users/heidsoft/Downloads/research/itsm/itsm-prototype/node_modules/jest-circus/build/run.js:316:40)
    at processTicksAndRejections (node:internal/process/task_queues:105:5)
    at _runTest (/Users/heidsoft/Downloads/research/itsm/itsm-prototype/node_modules/jest-circus/build/run.js:252:3)
    at _runTestsForDescribeBlock (/Users/heidsoft/Downloads/research/itsm/itsm-prototype/node_modules/jest-circus/build/run.js:126:9)
    at _runTestsForDescribeBlock (/Users/heidsoft/Downloads/research/itsm/itsm-prototype/node_modules/jest-circus/build/run.js:121:9)
    at _runTestsForDescribeBlock (/Users/heidsoft/Downloads/research/itsm/itsm-prototype/node_modules/jest-circus/build/run.js:121:9)
    at run (/Users/heidsoft/Downloads/research/itsm/itsm-prototype/node_modules/jest-circus/build/run.js:71:3)
    at runAndTransformResultsToJestFormat (/Users/heidsoft/Downloads/research/itsm/itsm-prototype/node_modules/jest-circus/build/legacy-code-todo-rewrite/jestAdapterInit.js:122:21)
    at jestAdapter (/Users/heidsoft/Downloads/research/itsm/itsm-prototype/node_modules/jest-circus/build/legacy-code-todo-rewrite/jestAdapter.js:79:19)
    at runTestInternal (/Users/heidsoft/Downloads/research/itsm/itsm-prototype/node_modules/jest-runner/build/runTest.js:367:16)
    at runTest (/Users/heidsoft/Downloads/research/itsm/itsm-prototype/node_modules/jest-runner/build/runTest.js:444:34)
    at Object.worker (/Users/heidsoft/Downloads/research/itsm/itsm-prototype/node_modules/jest-runner/build/testWorker.js:106:12)</failure>
    </testcase>
    <testcase classname="LoginPage › Form Validation" name="should handle empty form submission" time="0.045">
      <failure>TypeError: ((cov_1v0xwptr2v.s[37]++) , _antd.Form.useForm) is not a function or its return value is not iterable
    at useForm (/Users/heidsoft/Downloads/research/itsm/itsm-prototype/src/app/login/page.tsx:32:23)
    at renderWithHooks (/Users/heidsoft/Downloads/research/itsm/itsm-prototype/node_modules/react-dom/cjs/react-dom.development.js:15486:18)
    at mountIndeterminateComponent (/Users/heidsoft/Downloads/research/itsm/itsm-prototype/node_modules/react-dom/cjs/react-dom.development.js:20103:13)
    at beginWork (/Users/heidsoft/Downloads/research/itsm/itsm-prototype/node_modules/react-dom/cjs/react-dom.development.js:21626:16)
    at beginWork$1 (/Users/heidsoft/Downloads/research/itsm/itsm-prototype/node_modules/react-dom/cjs/react-dom.development.js:27465:14)
    at performUnitOfWork (/Users/heidsoft/Downloads/research/itsm/itsm-prototype/node_modules/react-dom/cjs/react-dom.development.js:26599:12)
    at workLoopSync (/Users/heidsoft/Downloads/research/itsm/itsm-prototype/node_modules/react-dom/cjs/react-dom.development.js:26505:5)
    at renderRootSync (/Users/heidsoft/Downloads/research/itsm/itsm-prototype/node_modules/react-dom/cjs/react-dom.development.js:26473:7)
    at recoverFromConcurrentError (/Users/heidsoft/Downloads/research/itsm/itsm-prototype/node_modules/react-dom/cjs/react-dom.development.js:25889:20)
    at performConcurrentWorkOnRoot (/Users/heidsoft/Downloads/research/itsm/itsm-prototype/node_modules/react-dom/cjs/react-dom.development.js:25789:22)
    at flushActQueue (/Users/heidsoft/Downloads/research/itsm/itsm-prototype/node_modules/react/cjs/react.development.js:2667:24)
    at act (/Users/heidsoft/Downloads/research/itsm/itsm-prototype/node_modules/react/cjs/react.development.js:2582:11)
    at /Users/heidsoft/Downloads/research/itsm/itsm-prototype/node_modules/@testing-library/react/dist/act-compat.js:47:25
    at renderRoot (/Users/heidsoft/Downloads/research/itsm/itsm-prototype/node_modules/@testing-library/react/dist/pure.js:180:26)
    at render (/Users/heidsoft/Downloads/research/itsm/itsm-prototype/node_modules/@testing-library/react/dist/pure.js:271:10)
    at Object.&lt;anonymous&gt; (/Users/heidsoft/Downloads/research/itsm/itsm-prototype/src/app/login/__tests__/page.test.tsx:246:13)
    at Promise.then.completed (/Users/heidsoft/Downloads/research/itsm/itsm-prototype/node_modules/jest-circus/build/utils.js:298:28)
    at new Promise (&lt;anonymous&gt;)
    at callAsyncCircusFn (/Users/heidsoft/Downloads/research/itsm/itsm-prototype/node_modules/jest-circus/build/utils.js:231:10)
    at _callCircusTest (/Users/heidsoft/Downloads/research/itsm/itsm-prototype/node_modules/jest-circus/build/run.js:316:40)
    at processTicksAndRejections (node:internal/process/task_queues:105:5)
    at _runTest (/Users/heidsoft/Downloads/research/itsm/itsm-prototype/node_modules/jest-circus/build/run.js:252:3)
    at _runTestsForDescribeBlock (/Users/heidsoft/Downloads/research/itsm/itsm-prototype/node_modules/jest-circus/build/run.js:126:9)
    at _runTestsForDescribeBlock (/Users/heidsoft/Downloads/research/itsm/itsm-prototype/node_modules/jest-circus/build/run.js:121:9)
    at _runTestsForDescribeBlock (/Users/heidsoft/Downloads/research/itsm/itsm-prototype/node_modules/jest-circus/build/run.js:121:9)
    at run (/Users/heidsoft/Downloads/research/itsm/itsm-prototype/node_modules/jest-circus/build/run.js:71:3)
    at runAndTransformResultsToJestFormat (/Users/heidsoft/Downloads/research/itsm/itsm-prototype/node_modules/jest-circus/build/legacy-code-todo-rewrite/jestAdapterInit.js:122:21)
    at jestAdapter (/Users/heidsoft/Downloads/research/itsm/itsm-prototype/node_modules/jest-circus/build/legacy-code-todo-rewrite/jestAdapter.js:79:19)
    at runTestInternal (/Users/heidsoft/Downloads/research/itsm/itsm-prototype/node_modules/jest-runner/build/runTest.js:367:16)
    at runTest (/Users/heidsoft/Downloads/research/itsm/itsm-prototype/node_modules/jest-runner/build/runTest.js:444:34)
    at Object.worker (/Users/heidsoft/Downloads/research/itsm/itsm-prototype/node_modules/jest-runner/build/testWorker.js:106:12)</failure>
    </testcase>
    <testcase classname="LoginPage › Form Validation" name="should handle partial form data" time="0.038">
      <failure>TypeError: ((cov_1v0xwptr2v.s[37]++) , _antd.Form.useForm) is not a function or its return value is not iterable
    at useForm (/Users/heidsoft/Downloads/research/itsm/itsm-prototype/src/app/login/page.tsx:32:23)
    at renderWithHooks (/Users/heidsoft/Downloads/research/itsm/itsm-prototype/node_modules/react-dom/cjs/react-dom.development.js:15486:18)
    at mountIndeterminateComponent (/Users/heidsoft/Downloads/research/itsm/itsm-prototype/node_modules/react-dom/cjs/react-dom.development.js:20103:13)
    at beginWork (/Users/heidsoft/Downloads/research/itsm/itsm-prototype/node_modules/react-dom/cjs/react-dom.development.js:21626:16)
    at beginWork$1 (/Users/heidsoft/Downloads/research/itsm/itsm-prototype/node_modules/react-dom/cjs/react-dom.development.js:27465:14)
    at performUnitOfWork (/Users/heidsoft/Downloads/research/itsm/itsm-prototype/node_modules/react-dom/cjs/react-dom.development.js:26599:12)
    at workLoopSync (/Users/heidsoft/Downloads/research/itsm/itsm-prototype/node_modules/react-dom/cjs/react-dom.development.js:26505:5)
    at renderRootSync (/Users/heidsoft/Downloads/research/itsm/itsm-prototype/node_modules/react-dom/cjs/react-dom.development.js:26473:7)
    at recoverFromConcurrentError (/Users/heidsoft/Downloads/research/itsm/itsm-prototype/node_modules/react-dom/cjs/react-dom.development.js:25889:20)
    at performConcurrentWorkOnRoot (/Users/heidsoft/Downloads/research/itsm/itsm-prototype/node_modules/react-dom/cjs/react-dom.development.js:25789:22)
    at flushActQueue (/Users/heidsoft/Downloads/research/itsm/itsm-prototype/node_modules/react/cjs/react.development.js:2667:24)
    at act (/Users/heidsoft/Downloads/research/itsm/itsm-prototype/node_modules/react/cjs/react.development.js:2582:11)
    at /Users/heidsoft/Downloads/research/itsm/itsm-prototype/node_modules/@testing-library/react/dist/act-compat.js:47:25
    at renderRoot (/Users/heidsoft/Downloads/research/itsm/itsm-prototype/node_modules/@testing-library/react/dist/pure.js:180:26)
    at render (/Users/heidsoft/Downloads/research/itsm/itsm-prototype/node_modules/@testing-library/react/dist/pure.js:271:10)
    at Object.&lt;anonymous&gt; (/Users/heidsoft/Downloads/research/itsm/itsm-prototype/src/app/login/__tests__/page.test.tsx:257:13)
    at Promise.then.completed (/Users/heidsoft/Downloads/research/itsm/itsm-prototype/node_modules/jest-circus/build/utils.js:298:28)
    at new Promise (&lt;anonymous&gt;)
    at callAsyncCircusFn (/Users/heidsoft/Downloads/research/itsm/itsm-prototype/node_modules/jest-circus/build/utils.js:231:10)
    at _callCircusTest (/Users/heidsoft/Downloads/research/itsm/itsm-prototype/node_modules/jest-circus/build/run.js:316:40)
    at processTicksAndRejections (node:internal/process/task_queues:105:5)
    at _runTest (/Users/heidsoft/Downloads/research/itsm/itsm-prototype/node_modules/jest-circus/build/run.js:252:3)
    at _runTestsForDescribeBlock (/Users/heidsoft/Downloads/research/itsm/itsm-prototype/node_modules/jest-circus/build/run.js:126:9)
    at _runTestsForDescribeBlock (/Users/heidsoft/Downloads/research/itsm/itsm-prototype/node_modules/jest-circus/build/run.js:121:9)
    at _runTestsForDescribeBlock (/Users/heidsoft/Downloads/research/itsm/itsm-prototype/node_modules/jest-circus/build/run.js:121:9)
    at run (/Users/heidsoft/Downloads/research/itsm/itsm-prototype/node_modules/jest-circus/build/run.js:71:3)
    at runAndTransformResultsToJestFormat (/Users/heidsoft/Downloads/research/itsm/itsm-prototype/node_modules/jest-circus/build/legacy-code-todo-rewrite/jestAdapterInit.js:122:21)
    at jestAdapter (/Users/heidsoft/Downloads/research/itsm/itsm-prototype/node_modules/jest-circus/build/legacy-code-todo-rewrite/jestAdapter.js:79:19)
    at runTestInternal (/Users/heidsoft/Downloads/research/itsm/itsm-prototype/node_modules/jest-runner/build/runTest.js:367:16)
    at runTest (/Users/heidsoft/Downloads/research/itsm/itsm-prototype/node_modules/jest-runner/build/runTest.js:444:34)
    at Object.worker (/Users/heidsoft/Downloads/research/itsm/itsm-prototype/node_modules/jest-runner/build/testWorker.js:106:12)</failure>
    </testcase>
    <testcase classname="LoginPage › Accessibility" name="should have proper form accessibility" time="0.031">
      <failure>TypeError: ((cov_1v0xwptr2v.s[37]++) , _antd.Form.useForm) is not a function or its return value is not iterable
    at useForm (/Users/heidsoft/Downloads/research/itsm/itsm-prototype/src/app/login/page.tsx:32:23)
    at renderWithHooks (/Users/heidsoft/Downloads/research/itsm/itsm-prototype/node_modules/react-dom/cjs/react-dom.development.js:15486:18)
    at mountIndeterminateComponent (/Users/heidsoft/Downloads/research/itsm/itsm-prototype/node_modules/react-dom/cjs/react-dom.development.js:20103:13)
    at beginWork (/Users/heidsoft/Downloads/research/itsm/itsm-prototype/node_modules/react-dom/cjs/react-dom.development.js:21626:16)
    at beginWork$1 (/Users/heidsoft/Downloads/research/itsm/itsm-prototype/node_modules/react-dom/cjs/react-dom.development.js:27465:14)
    at performUnitOfWork (/Users/heidsoft/Downloads/research/itsm/itsm-prototype/node_modules/react-dom/cjs/react-dom.development.js:26599:12)
    at workLoopSync (/Users/heidsoft/Downloads/research/itsm/itsm-prototype/node_modules/react-dom/cjs/react-dom.development.js:26505:5)
    at renderRootSync (/Users/heidsoft/Downloads/research/itsm/itsm-prototype/node_modules/react-dom/cjs/react-dom.development.js:26473:7)
    at recoverFromConcurrentError (/Users/heidsoft/Downloads/research/itsm/itsm-prototype/node_modules/react-dom/cjs/react-dom.development.js:25889:20)
    at performConcurrentWorkOnRoot (/Users/heidsoft/Downloads/research/itsm/itsm-prototype/node_modules/react-dom/cjs/react-dom.development.js:25789:22)
    at flushActQueue (/Users/heidsoft/Downloads/research/itsm/itsm-prototype/node_modules/react/cjs/react.development.js:2667:24)
    at act (/Users/heidsoft/Downloads/research/itsm/itsm-prototype/node_modules/react/cjs/react.development.js:2582:11)
    at /Users/heidsoft/Downloads/research/itsm/itsm-prototype/node_modules/@testing-library/react/dist/act-compat.js:47:25
    at renderRoot (/Users/heidsoft/Downloads/research/itsm/itsm-prototype/node_modules/@testing-library/react/dist/pure.js:180:26)
    at render (/Users/heidsoft/Downloads/research/itsm/itsm-prototype/node_modules/@testing-library/react/dist/pure.js:271:10)
    at Object.&lt;anonymous&gt; (/Users/heidsoft/Downloads/research/itsm/itsm-prototype/src/app/login/__tests__/page.test.tsx:271:13)
    at Promise.then.completed (/Users/heidsoft/Downloads/research/itsm/itsm-prototype/node_modules/jest-circus/build/utils.js:298:28)
    at new Promise (&lt;anonymous&gt;)
    at callAsyncCircusFn (/Users/heidsoft/Downloads/research/itsm/itsm-prototype/node_modules/jest-circus/build/utils.js:231:10)
    at _callCircusTest (/Users/heidsoft/Downloads/research/itsm/itsm-prototype/node_modules/jest-circus/build/run.js:316:40)
    at processTicksAndRejections (node:internal/process/task_queues:105:5)
    at _runTest (/Users/heidsoft/Downloads/research/itsm/itsm-prototype/node_modules/jest-circus/build/run.js:252:3)
    at _runTestsForDescribeBlock (/Users/heidsoft/Downloads/research/itsm/itsm-prototype/node_modules/jest-circus/build/run.js:126:9)
    at _runTestsForDescribeBlock (/Users/heidsoft/Downloads/research/itsm/itsm-prototype/node_modules/jest-circus/build/run.js:121:9)
    at _runTestsForDescribeBlock (/Users/heidsoft/Downloads/research/itsm/itsm-prototype/node_modules/jest-circus/build/run.js:121:9)
    at run (/Users/heidsoft/Downloads/research/itsm/itsm-prototype/node_modules/jest-circus/build/run.js:71:3)
    at runAndTransformResultsToJestFormat (/Users/heidsoft/Downloads/research/itsm/itsm-prototype/node_modules/jest-circus/build/legacy-code-todo-rewrite/jestAdapterInit.js:122:21)
    at jestAdapter (/Users/heidsoft/Downloads/research/itsm/itsm-prototype/node_modules/jest-circus/build/legacy-code-todo-rewrite/jestAdapter.js:79:19)
    at runTestInternal (/Users/heidsoft/Downloads/research/itsm/itsm-prototype/node_modules/jest-runner/build/runTest.js:367:16)
    at runTest (/Users/heidsoft/Downloads/research/itsm/itsm-prototype/node_modules/jest-runner/build/runTest.js:444:34)
    at Object.worker (/Users/heidsoft/Downloads/research/itsm/itsm-prototype/node_modules/jest-runner/build/testWorker.js:106:12)</failure>
    </testcase>
    <testcase classname="LoginPage › Accessibility" name="should have proper input types for security" time="0.042">
      <failure>TypeError: ((cov_1v0xwptr2v.s[37]++) , _antd.Form.useForm) is not a function or its return value is not iterable
    at useForm (/Users/heidsoft/Downloads/research/itsm/itsm-prototype/src/app/login/page.tsx:32:23)
    at renderWithHooks (/Users/heidsoft/Downloads/research/itsm/itsm-prototype/node_modules/react-dom/cjs/react-dom.development.js:15486:18)
    at mountIndeterminateComponent (/Users/heidsoft/Downloads/research/itsm/itsm-prototype/node_modules/react-dom/cjs/react-dom.development.js:20103:13)
    at beginWork (/Users/heidsoft/Downloads/research/itsm/itsm-prototype/node_modules/react-dom/cjs/react-dom.development.js:21626:16)
    at beginWork$1 (/Users/heidsoft/Downloads/research/itsm/itsm-prototype/node_modules/react-dom/cjs/react-dom.development.js:27465:14)
    at performUnitOfWork (/Users/heidsoft/Downloads/research/itsm/itsm-prototype/node_modules/react-dom/cjs/react-dom.development.js:26599:12)
    at workLoopSync (/Users/heidsoft/Downloads/research/itsm/itsm-prototype/node_modules/react-dom/cjs/react-dom.development.js:26505:5)
    at renderRootSync (/Users/heidsoft/Downloads/research/itsm/itsm-prototype/node_modules/react-dom/cjs/react-dom.development.js:26473:7)
    at recoverFromConcurrentError (/Users/heidsoft/Downloads/research/itsm/itsm-prototype/node_modules/react-dom/cjs/react-dom.development.js:25889:20)
    at performConcurrentWorkOnRoot (/Users/heidsoft/Downloads/research/itsm/itsm-prototype/node_modules/react-dom/cjs/react-dom.development.js:25789:22)
    at flushActQueue (/Users/heidsoft/Downloads/research/itsm/itsm-prototype/node_modules/react/cjs/react.development.js:2667:24)
    at act (/Users/heidsoft/Downloads/research/itsm/itsm-prototype/node_modules/react/cjs/react.development.js:2582:11)
    at /Users/heidsoft/Downloads/research/itsm/itsm-prototype/node_modules/@testing-library/react/dist/act-compat.js:47:25
    at renderRoot (/Users/heidsoft/Downloads/research/itsm/itsm-prototype/node_modules/@testing-library/react/dist/pure.js:180:26)
    at render (/Users/heidsoft/Downloads/research/itsm/itsm-prototype/node_modules/@testing-library/react/dist/pure.js:271:10)
    at Object.&lt;anonymous&gt; (/Users/heidsoft/Downloads/research/itsm/itsm-prototype/src/app/login/__tests__/page.test.tsx:281:13)
    at Promise.then.completed (/Users/heidsoft/Downloads/research/itsm/itsm-prototype/node_modules/jest-circus/build/utils.js:298:28)
    at new Promise (&lt;anonymous&gt;)
    at callAsyncCircusFn (/Users/heidsoft/Downloads/research/itsm/itsm-prototype/node_modules/jest-circus/build/utils.js:231:10)
    at _callCircusTest (/Users/heidsoft/Downloads/research/itsm/itsm-prototype/node_modules/jest-circus/build/run.js:316:40)
    at processTicksAndRejections (node:internal/process/task_queues:105:5)
    at _runTest (/Users/heidsoft/Downloads/research/itsm/itsm-prototype/node_modules/jest-circus/build/run.js:252:3)
    at _runTestsForDescribeBlock (/Users/heidsoft/Downloads/research/itsm/itsm-prototype/node_modules/jest-circus/build/run.js:126:9)
    at _runTestsForDescribeBlock (/Users/heidsoft/Downloads/research/itsm/itsm-prototype/node_modules/jest-circus/build/run.js:121:9)
    at _runTestsForDescribeBlock (/Users/heidsoft/Downloads/research/itsm/itsm-prototype/node_modules/jest-circus/build/run.js:121:9)
    at run (/Users/heidsoft/Downloads/research/itsm/itsm-prototype/node_modules/jest-circus/build/run.js:71:3)
    at runAndTransformResultsToJestFormat (/Users/heidsoft/Downloads/research/itsm/itsm-prototype/node_modules/jest-circus/build/legacy-code-todo-rewrite/jestAdapterInit.js:122:21)
    at jestAdapter (/Users/heidsoft/Downloads/research/itsm/itsm-prototype/node_modules/jest-circus/build/legacy-code-todo-rewrite/jestAdapter.js:79:19)
    at runTestInternal (/Users/heidsoft/Downloads/research/itsm/itsm-prototype/node_modules/jest-runner/build/runTest.js:367:16)
    at runTest (/Users/heidsoft/Downloads/research/itsm/itsm-prototype/node_modules/jest-runner/build/runTest.js:444:34)
    at Object.worker (/Users/heidsoft/Downloads/research/itsm/itsm-prototype/node_modules/jest-runner/build/testWorker.js:106:12)</failure>
    </testcase>
    <testcase classname="LoginPage › Edge Cases" name="should handle AuthService returning undefined" time="0.118">
      <failure>TypeError: ((cov_1v0xwptr2v.s[37]++) , _antd.Form.useForm) is not a function or its return value is not iterable
    at useForm (/Users/heidsoft/Downloads/research/itsm/itsm-prototype/src/app/login/page.tsx:32:23)
    at renderWithHooks (/Users/heidsoft/Downloads/research/itsm/itsm-prototype/node_modules/react-dom/cjs/react-dom.development.js:15486:18)
    at mountIndeterminateComponent (/Users/heidsoft/Downloads/research/itsm/itsm-prototype/node_modules/react-dom/cjs/react-dom.development.js:20103:13)
    at beginWork (/Users/heidsoft/Downloads/research/itsm/itsm-prototype/node_modules/react-dom/cjs/react-dom.development.js:21626:16)
    at beginWork$1 (/Users/heidsoft/Downloads/research/itsm/itsm-prototype/node_modules/react-dom/cjs/react-dom.development.js:27465:14)
    at performUnitOfWork (/Users/heidsoft/Downloads/research/itsm/itsm-prototype/node_modules/react-dom/cjs/react-dom.development.js:26599:12)
    at workLoopSync (/Users/heidsoft/Downloads/research/itsm/itsm-prototype/node_modules/react-dom/cjs/react-dom.development.js:26505:5)
    at renderRootSync (/Users/heidsoft/Downloads/research/itsm/itsm-prototype/node_modules/react-dom/cjs/react-dom.development.js:26473:7)
    at recoverFromConcurrentError (/Users/heidsoft/Downloads/research/itsm/itsm-prototype/node_modules/react-dom/cjs/react-dom.development.js:25889:20)
    at performConcurrentWorkOnRoot (/Users/heidsoft/Downloads/research/itsm/itsm-prototype/node_modules/react-dom/cjs/react-dom.development.js:25789:22)
    at flushActQueue (/Users/heidsoft/Downloads/research/itsm/itsm-prototype/node_modules/react/cjs/react.development.js:2667:24)
    at act (/Users/heidsoft/Downloads/research/itsm/itsm-prototype/node_modules/react/cjs/react.development.js:2582:11)
    at /Users/heidsoft/Downloads/research/itsm/itsm-prototype/node_modules/@testing-library/react/dist/act-compat.js:47:25
    at renderRoot (/Users/heidsoft/Downloads/research/itsm/itsm-prototype/node_modules/@testing-library/react/dist/pure.js:180:26)
    at render (/Users/heidsoft/Downloads/research/itsm/itsm-prototype/node_modules/@testing-library/react/dist/pure.js:271:10)
    at Object.&lt;anonymous&gt; (/Users/heidsoft/Downloads/research/itsm/itsm-prototype/src/app/login/__tests__/page.test.tsx:293:13)
    at Promise.then.completed (/Users/heidsoft/Downloads/research/itsm/itsm-prototype/node_modules/jest-circus/build/utils.js:298:28)
    at new Promise (&lt;anonymous&gt;)
    at callAsyncCircusFn (/Users/heidsoft/Downloads/research/itsm/itsm-prototype/node_modules/jest-circus/build/utils.js:231:10)
    at _callCircusTest (/Users/heidsoft/Downloads/research/itsm/itsm-prototype/node_modules/jest-circus/build/run.js:316:40)
    at processTicksAndRejections (node:internal/process/task_queues:105:5)
    at _runTest (/Users/heidsoft/Downloads/research/itsm/itsm-prototype/node_modules/jest-circus/build/run.js:252:3)
    at _runTestsForDescribeBlock (/Users/heidsoft/Downloads/research/itsm/itsm-prototype/node_modules/jest-circus/build/run.js:126:9)
    at _runTestsForDescribeBlock (/Users/heidsoft/Downloads/research/itsm/itsm-prototype/node_modules/jest-circus/build/run.js:121:9)
    at _runTestsForDescribeBlock (/Users/heidsoft/Downloads/research/itsm/itsm-prototype/node_modules/jest-circus/build/run.js:121:9)
    at run (/Users/heidsoft/Downloads/research/itsm/itsm-prototype/node_modules/jest-circus/build/run.js:71:3)
    at runAndTransformResultsToJestFormat (/Users/heidsoft/Downloads/research/itsm/itsm-prototype/node_modules/jest-circus/build/legacy-code-todo-rewrite/jestAdapterInit.js:122:21)
    at jestAdapter (/Users/heidsoft/Downloads/research/itsm/itsm-prototype/node_modules/jest-circus/build/legacy-code-todo-rewrite/jestAdapter.js:79:19)
    at runTestInternal (/Users/heidsoft/Downloads/research/itsm/itsm-prototype/node_modules/jest-runner/build/runTest.js:367:16)
    at runTest (/Users/heidsoft/Downloads/research/itsm/itsm-prototype/node_modules/jest-runner/build/runTest.js:444:34)
    at Object.worker (/Users/heidsoft/Downloads/research/itsm/itsm-prototype/node_modules/jest-runner/build/testWorker.js:106:12)</failure>
    </testcase>
    <testcase classname="LoginPage › Edge Cases" name="should handle very long input values" time="0.054">
      <failure>TypeError: ((cov_1v0xwptr2v.s[37]++) , _antd.Form.useForm) is not a function or its return value is not iterable
    at useForm (/Users/heidsoft/Downloads/research/itsm/itsm-prototype/src/app/login/page.tsx:32:23)
    at renderWithHooks (/Users/heidsoft/Downloads/research/itsm/itsm-prototype/node_modules/react-dom/cjs/react-dom.development.js:15486:18)
    at mountIndeterminateComponent (/Users/heidsoft/Downloads/research/itsm/itsm-prototype/node_modules/react-dom/cjs/react-dom.development.js:20103:13)
    at beginWork (/Users/heidsoft/Downloads/research/itsm/itsm-prototype/node_modules/react-dom/cjs/react-dom.development.js:21626:16)
    at beginWork$1 (/Users/heidsoft/Downloads/research/itsm/itsm-prototype/node_modules/react-dom/cjs/react-dom.development.js:27465:14)
    at performUnitOfWork (/Users/heidsoft/Downloads/research/itsm/itsm-prototype/node_modules/react-dom/cjs/react-dom.development.js:26599:12)
    at workLoopSync (/Users/heidsoft/Downloads/research/itsm/itsm-prototype/node_modules/react-dom/cjs/react-dom.development.js:26505:5)
    at renderRootSync (/Users/heidsoft/Downloads/research/itsm/itsm-prototype/node_modules/react-dom/cjs/react-dom.development.js:26473:7)
    at recoverFromConcurrentError (/Users/heidsoft/Downloads/research/itsm/itsm-prototype/node_modules/react-dom/cjs/react-dom.development.js:25889:20)
    at performConcurrentWorkOnRoot (/Users/heidsoft/Downloads/research/itsm/itsm-prototype/node_modules/react-dom/cjs/react-dom.development.js:25789:22)
    at flushActQueue (/Users/heidsoft/Downloads/research/itsm/itsm-prototype/node_modules/react/cjs/react.development.js:2667:24)
    at act (/Users/heidsoft/Downloads/research/itsm/itsm-prototype/node_modules/react/cjs/react.development.js:2582:11)
    at /Users/heidsoft/Downloads/research/itsm/itsm-prototype/node_modules/@testing-library/react/dist/act-compat.js:47:25
    at renderRoot (/Users/heidsoft/Downloads/research/itsm/itsm-prototype/node_modules/@testing-library/react/dist/pure.js:180:26)
    at render (/Users/heidsoft/Downloads/research/itsm/itsm-prototype/node_modules/@testing-library/react/dist/pure.js:271:10)
    at Object.&lt;anonymous&gt; (/Users/heidsoft/Downloads/research/itsm/itsm-prototype/src/app/login/__tests__/page.test.tsx:310:13)
    at Promise.then.completed (/Users/heidsoft/Downloads/research/itsm/itsm-prototype/node_modules/jest-circus/build/utils.js:298:28)
    at new Promise (&lt;anonymous&gt;)
    at callAsyncCircusFn (/Users/heidsoft/Downloads/research/itsm/itsm-prototype/node_modules/jest-circus/build/utils.js:231:10)
    at _callCircusTest (/Users/heidsoft/Downloads/research/itsm/itsm-prototype/node_modules/jest-circus/build/run.js:316:40)
    at processTicksAndRejections (node:internal/process/task_queues:105:5)
    at _runTest (/Users/heidsoft/Downloads/research/itsm/itsm-prototype/node_modules/jest-circus/build/run.js:252:3)
    at _runTestsForDescribeBlock (/Users/heidsoft/Downloads/research/itsm/itsm-prototype/node_modules/jest-circus/build/run.js:126:9)
    at _runTestsForDescribeBlock (/Users/heidsoft/Downloads/research/itsm/itsm-prototype/node_modules/jest-circus/build/run.js:121:9)
    at _runTestsForDescribeBlock (/Users/heidsoft/Downloads/research/itsm/itsm-prototype/node_modules/jest-circus/build/run.js:121:9)
    at run (/Users/heidsoft/Downloads/research/itsm/itsm-prototype/node_modules/jest-circus/build/run.js:71:3)
    at runAndTransformResultsToJestFormat (/Users/heidsoft/Downloads/research/itsm/itsm-prototype/node_modules/jest-circus/build/legacy-code-todo-rewrite/jestAdapterInit.js:122:21)
    at jestAdapter (/Users/heidsoft/Downloads/research/itsm/itsm-prototype/node_modules/jest-circus/build/legacy-code-todo-rewrite/jestAdapter.js:79:19)
    at runTestInternal (/Users/heidsoft/Downloads/research/itsm/itsm-prototype/node_modules/jest-runner/build/runTest.js:367:16)
    at runTest (/Users/heidsoft/Downloads/research/itsm/itsm-prototype/node_modules/jest-runner/build/runTest.js:444:34)
    at Object.worker (/Users/heidsoft/Downloads/research/itsm/itsm-prototype/node_modules/jest-runner/build/testWorker.js:106:12)</failure>
    </testcase>
    <testcase classname="LoginPage › Edge Cases" name="should handle special characters in input" time="0.043">
      <failure>TypeError: ((cov_1v0xwptr2v.s[37]++) , _antd.Form.useForm) is not a function or its return value is not iterable
    at useForm (/Users/heidsoft/Downloads/research/itsm/itsm-prototype/src/app/login/page.tsx:32:23)
    at renderWithHooks (/Users/heidsoft/Downloads/research/itsm/itsm-prototype/node_modules/react-dom/cjs/react-dom.development.js:15486:18)
    at mountIndeterminateComponent (/Users/heidsoft/Downloads/research/itsm/itsm-prototype/node_modules/react-dom/cjs/react-dom.development.js:20103:13)
    at beginWork (/Users/heidsoft/Downloads/research/itsm/itsm-prototype/node_modules/react-dom/cjs/react-dom.development.js:21626:16)
    at beginWork$1 (/Users/heidsoft/Downloads/research/itsm/itsm-prototype/node_modules/react-dom/cjs/react-dom.development.js:27465:14)
    at performUnitOfWork (/Users/heidsoft/Downloads/research/itsm/itsm-prototype/node_modules/react-dom/cjs/react-dom.development.js:26599:12)
    at workLoopSync (/Users/heidsoft/Downloads/research/itsm/itsm-prototype/node_modules/react-dom/cjs/react-dom.development.js:26505:5)
    at renderRootSync (/Users/heidsoft/Downloads/research/itsm/itsm-prototype/node_modules/react-dom/cjs/react-dom.development.js:26473:7)
    at recoverFromConcurrentError (/Users/heidsoft/Downloads/research/itsm/itsm-prototype/node_modules/react-dom/cjs/react-dom.development.js:25889:20)
    at performConcurrentWorkOnRoot (/Users/heidsoft/Downloads/research/itsm/itsm-prototype/node_modules/react-dom/cjs/react-dom.development.js:25789:22)
    at flushActQueue (/Users/heidsoft/Downloads/research/itsm/itsm-prototype/node_modules/react/cjs/react.development.js:2667:24)
    at act (/Users/heidsoft/Downloads/research/itsm/itsm-prototype/node_modules/react/cjs/react.development.js:2582:11)
    at /Users/heidsoft/Downloads/research/itsm/itsm-prototype/node_modules/@testing-library/react/dist/act-compat.js:47:25
    at renderRoot (/Users/heidsoft/Downloads/research/itsm/itsm-prototype/node_modules/@testing-library/react/dist/pure.js:180:26)
    at render (/Users/heidsoft/Downloads/research/itsm/itsm-prototype/node_modules/@testing-library/react/dist/pure.js:271:10)
    at Object.&lt;anonymous&gt; (/Users/heidsoft/Downloads/research/itsm/itsm-prototype/src/app/login/__tests__/page.test.tsx:321:13)
    at Promise.then.completed (/Users/heidsoft/Downloads/research/itsm/itsm-prototype/node_modules/jest-circus/build/utils.js:298:28)
    at new Promise (&lt;anonymous&gt;)
    at callAsyncCircusFn (/Users/heidsoft/Downloads/research/itsm/itsm-prototype/node_modules/jest-circus/build/utils.js:231:10)
    at _callCircusTest (/Users/heidsoft/Downloads/research/itsm/itsm-prototype/node_modules/jest-circus/build/run.js:316:40)
    at processTicksAndRejections (node:internal/process/task_queues:105:5)
    at _runTest (/Users/heidsoft/Downloads/research/itsm/itsm-prototype/node_modules/jest-circus/build/run.js:252:3)
    at _runTestsForDescribeBlock (/Users/heidsoft/Downloads/research/itsm/itsm-prototype/node_modules/jest-circus/build/run.js:126:9)
    at _runTestsForDescribeBlock (/Users/heidsoft/Downloads/research/itsm/itsm-prototype/node_modules/jest-circus/build/run.js:121:9)
    at _runTestsForDescribeBlock (/Users/heidsoft/Downloads/research/itsm/itsm-prototype/node_modules/jest-circus/build/run.js:121:9)
    at run (/Users/heidsoft/Downloads/research/itsm/itsm-prototype/node_modules/jest-circus/build/run.js:71:3)
    at runAndTransformResultsToJestFormat (/Users/heidsoft/Downloads/research/itsm/itsm-prototype/node_modules/jest-circus/build/legacy-code-todo-rewrite/jestAdapterInit.js:122:21)
    at jestAdapter (/Users/heidsoft/Downloads/research/itsm/itsm-prototype/node_modules/jest-circus/build/legacy-code-todo-rewrite/jestAdapter.js:79:19)
    at runTestInternal (/Users/heidsoft/Downloads/research/itsm/itsm-prototype/node_modules/jest-runner/build/runTest.js:367:16)
    at runTest (/Users/heidsoft/Downloads/research/itsm/itsm-prototype/node_modules/jest-runner/build/runTest.js:444:34)
    at Object.worker (/Users/heidsoft/Downloads/research/itsm/itsm-prototype/node_modules/jest-runner/build/testWorker.js:106:12)</failure>
    </testcase>
  </testsuite>
  <testsuite name="src/components/__tests__/EnterpriseLoginForm.test.tsx" errors="0" failures="24" skipped="0" timestamp="2025-10-21T14:15:53" time="4.583" tests="33">
    <testcase classname="EnterpriseLoginForm › 基础渲染测试" name="应该正确渲染登录表单" time="0.299">
      <failure>TestingLibraryElementError: Found multiple elements with the text of: /密码/i

Here are the matching elements:

Ignored nodes: comments, script, style
&lt;input
  aria-invalid=&quot;false&quot;
  autocomplete=&quot;current-password&quot;
  class=&quot;block w-full pl-10 pr-12 py-3 border rounded-lg focus:ring-2 focus:ring-blue-500 focus:border-blue-500 transition-colors border-gray-300 bg-white&quot;
  id=&quot;password&quot;
  name=&quot;password&quot;
  placeholder=&quot;请输入密码&quot;
  required=&quot;&quot;
  type=&quot;password&quot;
  value=&quot;&quot;
/&gt;

Ignored nodes: comments, script, style
&lt;button
  aria-label=&quot;显示密码&quot;
  class=&quot;absolute inset-y-0 right-0 pr-3 flex items-center&quot;
  type=&quot;button&quot;
&gt;
  &lt;svg
    aria-hidden=&quot;true&quot;
    class=&quot;lucide lucide-eye h-5 w-5 text-gray-400 hover:text-gray-600&quot;
    fill=&quot;none&quot;
    height=&quot;24&quot;
    stroke=&quot;currentColor&quot;
    stroke-linecap=&quot;round&quot;
    stroke-linejoin=&quot;round&quot;
    stroke-width=&quot;2&quot;
    viewBox=&quot;0 0 24 24&quot;
    width=&quot;24&quot;
    xmlns=&quot;http://www.w3.org/2000/svg&quot;
  &gt;
    &lt;path
      d=&quot;M2.062 12.348a1 1 0 0 1 0-.696 10.75 10.75 0 0 1 19.876 0 1 1 0 0 1 0 .696 10.75 10.75 0 0 1-19.876 0&quot;
    /&gt;
    &lt;circle
      cx=&quot;12&quot;
      cy=&quot;12&quot;
      r=&quot;3&quot;
    /&gt;
[...]
    </testcase>
    <testcase classname="性能测试 › 渲染性能测试" name="应该处理大量数据的渲染" time="0.018">
    </testcase>
    <testcase classname="性能测试 › 渲染性能测试" name="应该优化重复渲染" time="0.019">
    </testcase>
    <testcase classname="性能测试 › 内存使用测试" name="应该正确清理事件监听器" time="0.014">
    </testcase>
    <testcase classname="性能测试 › 内存使用测试" name="应该正确清理定时器" time="0.012">
    </testcase>
    <testcase classname="性能测试 › 内存使用测试" name="应该避免内存泄漏" time="0.014">
    </testcase>
    <testcase classname="性能测试 › 异步加载性能测试" name="应该高效处理懒加载组件" time="0.024">
    </testcase>
    <testcase classname="性能测试 › 异步加载性能测试" name="应该优化并发请求" time="0.019">
    </testcase>
    <testcase classname="性能测试 › 用户交互性能测试" name="应该快速响应用户点击" time="0.06">
    </testcase>
    <testcase classname="性能测试 › 用户交互性能测试" name="应该高效处理输入事件" time="0.075">
    </testcase>
    <testcase classname="性能测试 › 用户交互性能测试" name="应该优化滚动性能" time="0.24">
    </testcase>
    <testcase classname="性能测试 › 资源加载性能测试" name="应该优化图片加载" time="0.088">
      <failure>TestingLibraryElementError: Unable to find an element by: [data-testid=&quot;image-loaded&quot;]

Ignored nodes: comments, script, style
&lt;body&gt;
  &lt;div&gt;
    &lt;div
      data-testid=&quot;image-loading&quot;
    &gt;
      Loading image...
    &lt;/div&gt;
  &lt;/div&gt;
&lt;/body&gt;
    at Object.getElementError (/Users/heidsoft/Downloads/research/itsm/itsm-prototype/node_modules/@testing-library/dom/dist/config.js:37:19)
    at /Users/heidsoft/Downloads/research/itsm/itsm-prototype/node_modules/@testing-library/dom/dist/query-helpers.js:76:38
    at /Users/heidsoft/Downloads/research/itsm/itsm-prototype/node_modules/@testing-library/dom/dist/query-helpers.js:52:17
    at /Users/heidsoft/Downloads/research/itsm/itsm-prototype/node_modules/@testing-library/dom/dist/query-helpers.js:95:19
    at Object.getByTestId (/Users/heidsoft/Downloads/research/itsm/itsm-prototype/src/app/__tests__/performance/performance.test.tsx:635:21)
    at Promise.then.completed (/Users/heidsoft/Downloads/research/itsm/itsm-prototype/node_modules/jest-circus/build/utils.js:298:28)
    at new Promise (&lt;anonymous&gt;)
    at callAsyncCircusFn (/Users/heidsoft/Downloads/research/itsm/itsm-prototype/node_modules/jest-circus/build/utils.js:231:10)
    at _callCircusTest (/Users/heidsoft/Downloads/research/itsm/itsm-prototype/node_modules/jest-circus/build/run.js:316:40)
    at _runTest (/Users/heidsoft/Downloads/research/itsm/itsm-prototype/node_modules/jest-circus/build/run.js:252:3)
    at _runTestsForDescribeBlock (/Users/heidsoft/Downloads/research/itsm/itsm-prototype/node_modules/jest-circus/build/run.js:126:9)
    at _runTestsForDescribeBlock (/Users/heidsoft/Downloads/research/itsm/itsm-prototype/node_modules/jest-circus/build/run.js:121:9)
    at _runTestsForDescribeBlock (/Users/heidsoft/Downloads/research/itsm/itsm-prototype/node_modules/jest-circus/build/run.js:121:9)
    at run (/Users/heidsoft/Downloads/research/itsm/itsm-prototype/node_modules/jest-circus/build/run.js:71:3)
    at runAndTransformResultsToJestFormat (/Users/heidsoft/Downloads/research/itsm/itsm-prototype/node_modules/jest-circus/build/legacy-code-todo-rewrite/jestAdapterInit.js:122:21)
    at jestAdapter (/Users/heidsoft/Downloads/research/itsm/itsm-prototype/node_modules/jest-circus/build/legacy-code-todo-rewrite/jestAdapter.js:79:19)
    at runTestInternal (/Users/heidsoft/Downloads/research/itsm/itsm-prototype/node_modules/jest-runner/build/runTest.js:367:16)
    at runTest (/Users/heidsoft/Downloads/research/itsm/itsm-prototype/node_modules/jest-runner/build/runTest.js:444:34)
    at Object.worker (/Users/heidsoft/Downloads/research/itsm/itsm-prototype/node_modules/jest-runner/build/testWorker.js:106:12)</failure>
    </testcase>
    <testcase classname="性能测试 › 资源加载性能测试" name="应该实现资源预加载" time="0.014">
      <failure>ReferenceError: document is not defined
    at Document.&lt;anonymous&gt; (/Users/heidsoft/Downloads/research/itsm/itsm-prototype/src/app/__tests__/performance/performance.test.tsx:649:9)
    at /Users/heidsoft/Downloads/research/itsm/itsm-prototype/node_modules/jest-mock/build/index.js:397:39
    at Document.&lt;anonymous&gt; (/Users/heidsoft/Downloads/research/itsm/itsm-prototype/node_modules/jest-mock/build/index.js:404:13)
    at Document.mockConstructor [as createElement] (/Users/heidsoft/Downloads/research/itsm/itsm-prototype/node_modules/jest-mock/build/index.js:148:19)
    at Document.createElement (/Users/heidsoft/Downloads/research/itsm/itsm-prototype/src/app/__tests__/performance/performance.test.tsx:649:25)
    at /Users/heidsoft/Downloads/research/itsm/itsm-prototype/node_modules/jest-mock/build/index.js:397:39
    at Document.&lt;anonymous&gt; (/Users/heidsoft/Downloads/research/itsm/itsm-prototype/node_modules/jest-mock/build/index.js:404:13)
    at Document.mockConstructor [as createElement] (/Users/heidsoft/Downloads/research/itsm/itsm-prototype/node_modules/jest-mock/build/index.js:148:19)
    at Document.createElement (/Users/heidsoft/Downloads/research/itsm/itsm-prototype/src/app/__tests__/performance/performance.test.tsx:649:25)
    at /Users/heidsoft/Downloads/research/itsm/itsm-prototype/node_modules/jest-mock/build/index.js:397:39
    at Document.&lt;anonymous&gt; (/Users/heidsoft/Downloads/research/itsm/itsm-prototype/node_modules/jest-mock/build/index.js:404:13)
    at Document.mockConstructor [as createElement] (/Users/heidsoft/Downloads/research/itsm/itsm-prototype/node_modules/jest-mock/build/index.js:148:19)
    at Document.createElement (/Users/heidsoft/Downloads/research/itsm/itsm-prototype/src/app/__tests__/performance/performance.test.tsx:649:25)
    at /Users/heidsoft/Downloads/research/itsm/itsm-prototype/node_modules/jest-mock/build/index.js:397:39
    at Document.&lt;anonymous&gt; (/Users/heidsoft/Downloads/research/itsm/itsm-prototype/node_modules/jest-mock/build/index.js:404:13)
    at Document.mockConstructor [as createElement] (/Users/heidsoft/Downloads/research/itsm/itsm-prototype/node_modules/jest-mock/build/index.js:148:19)
    at Document.createElement (/Users/heidsoft/Downloads/research/itsm/itsm-prototype/src/app/__tests__/performance/performance.test.tsx:649:25)
    at /Users/heidsoft/Downloads/research/itsm/itsm-prototype/node_modules/jest-mock/build/index.js:397:39
    at Document.&lt;anonymous&gt; (/Users/heidsoft/Downloads/research/itsm/itsm-prototype/node_modules/jest-mock/build/index.js:404:13)
    at Document.mockConstructor [as createElement] (/Users/heidsoft/Downloads/research/itsm/itsm-prototype/node_modules/jest-mock/build/index.js:148:19)
    at Document.createElement (/Users/heidsoft/Downloads/research/itsm/itsm-prototype/src/app/__tests__/performance/performance.test.tsx:649:25)
    at /Users/heidsoft/Downloads/research/itsm/itsm-prototype/node_modules/jest-mock/build/index.js:397:39
    at Document.&lt;anonymous&gt; (/Users/heidsoft/Downloads/research/itsm/itsm-prototype/node_modules/jest-mock/build/index.js:404:13)
    at Document.mockConstructor [as createElement] (/Users/heidsoft/Downloads/research/itsm/itsm-prototype/node_modules/jest-mock/build/index.js:148:19)
    at Document.createElement (/Users/heidsoft/Downloads/research/itsm/itsm-prototype/src/app/__tests__/performance/performance.test.tsx:649:25)
    at /Users/heidsoft/Downloads/research/itsm/itsm-prototype/node_modules/jest-mock/build/index.js:397:39
    at Document.&lt;anonymous&gt; (/Users/heidsoft/Downloads/research/itsm/itsm-prototype/node_modules/jest-mock/build/index.js:404:13)
    at Document.mockConstructor [as createElement] (/Users/heidsoft/Downloads/research/itsm/itsm-prototype/node_modules/jest-mock/build/index.js:148:19)
    at Document.createElement (/Users/heidsoft/Downloads/research/itsm/itsm-prototype/src/app/__tests__/performance/performance.test.tsx:649:25)
    at /Users/heidsoft/Downloads/research/itsm/itsm-prototype/node_modules/jest-mock/build/index.js:397:39
    at Document.&lt;anonymous&gt; (/Users/heidsoft/Downloads/research/itsm/itsm-prototype/node_modules/jest-mock/build/index.js:404:13)
    at Document.mockConstructor [as createElement] (/Users/heidsoft/Downloads/research/itsm/itsm-prototype/node_modules/jest-mock/build/index.js:148:19)
    at Document.createElement (/Users/heidsoft/Downloads/research/itsm/itsm-prototype/src/app/__tests__/performance/performance.test.tsx:649:25)
    at /Users/heidsoft/Downloads/research/itsm/itsm-prototype/node_modules/jest-mock/build/index.js:397:39
    at Document.&lt;anonymous&gt; (/Users/heidsoft/Downloads/research/itsm/itsm-prototype/node_modules/jest-mock/build/index.js:404:13)
    at Document.mockConstructor [as createElement] (/Users/heidsoft/Downloads/research/itsm/itsm-prototype/node_modules/jest-mock/build/index.js:148:19)
    at Document.createElement (/Users/heidsoft/Downloads/research/itsm/itsm-prototype/src/app/__tests__/performance/performance.test.tsx:649:25)
    at /Users/heidsoft/Downloads/research/itsm/itsm-prototype/node_modules/jest-mock/build/index.js:397:39
    at Document.&lt;anonymous&gt; (/Users/heidsoft/Downloads/research/itsm/itsm-prototype/node_modules/jest-mock/build/index.js:404:13)
    at Document.mockConstructor [as createElement] (/Users/heidsoft/Downloads/research/itsm/itsm-prototype/node_modules/jest-mock/build/index.js:148:19)
    at Document.createElement (/Users/heidsoft/Downloads/research/itsm/itsm-prototype/src/app/__tests__/performance/performance.test.tsx:649:25)
    at /Users/heidsoft/Downloads/research/itsm/itsm-prototype/node_modules/jest-mock/build/index.js:397:39
    at Document.&lt;anonymous&gt; (/Users/heidsoft/Downloads/research/itsm/itsm-prototype/node_modules/jest-mock/build/index.js:404:13)
    at Document.mockConstructor [as createElement] (/Users/heidsoft/Downloads/research/itsm/itsm-prototype/node_modules/jest-mock/build/index.js:148:19)
    at Document.createElement (/Users/heidsoft/Downloads/research/itsm/itsm-prototype/src/app/__tests__/performance/performance.test.tsx:649:25)
    at /Users/heidsoft/Downloads/research/itsm/itsm-prototype/node_modules/jest-mock/build/index.js:397:39
    at Document.&lt;anonymous&gt; (/Users/heidsoft/Downloads/research/itsm/itsm-prototype/node_modules/jest-mock/build/index.js:404:13)
    at Document.mockConstructor [as createElement] (/Users/heidsoft/Downloads/research/itsm/itsm-prototype/node_modules/jest-mock/build/index.js:148:19)
    at Document.createElement (/Users/heidsoft/Downloads/research/itsm/itsm-prototype/src/app/__tests__/performance/performance.test.tsx:649:25)
    at /Users/heidsoft/Downloads/research/itsm/itsm-prototype/node_modules/jest-mock/build/index.js:397:39
    at Document.&lt;anonymous&gt; (/Users/heidsoft/Downloads/research/itsm/itsm-prototype/node_modules/jest-mock/build/index.js:404:13)
    at Document.mockConstructor [as createElement] (/Users/heidsoft/Downloads/research/itsm/itsm-prototype/node_modules/jest-mock/build/index.js:148:19)
    at Document.createElement (/Users/heidsoft/Downloads/research/itsm/itsm-prototype/src/app/__tests__/performance/performance.test.tsx:649:25)
    at /Users/heidsoft/Downloads/research/itsm/itsm-prototype/node_modules/jest-mock/build/index.js:397:39
    at Document.&lt;anonymous&gt; (/Users/heidsoft/Downloads/research/itsm/itsm-prototype/node_modules/jest-mock/build/index.js:404:13)
    at Document.mockConstructor [as createElement] (/Users/heidsoft/Downloads/research/itsm/itsm-prototype/node_modules/jest-mock/build/index.js:148:19)
    at Document.createElement (/Users/heidsoft/Downloads/research/itsm/itsm-prototype/src/app/__tests__/performance/performance.test.tsx:649:25)
    at /Users/heidsoft/Downloads/research/itsm/itsm-prototype/node_modules/jest-mock/build/index.js:397:39
    at Document.&lt;anonymous&gt; (/Users/heidsoft/Downloads/research/itsm/itsm-prototype/node_modules/jest-mock/build/index.js:404:13)
    at Document.mockConstructor [as createElement] (/Users/heidsoft/Downloads/research/itsm/itsm-prototype/node_modules/jest-mock/build/index.js:148:19)
    at Document.createElement (/Users/heidsoft/Downloads/research/itsm/itsm-prototype/src/app/__tests__/performance/performance.test.tsx:649:25)
    at /Users/heidsoft/Downloads/research/itsm/itsm-prototype/node_modules/jest-mock/build/index.js:397:39
    at Document.&lt;anonymous&gt; (/Users/heidsoft/Downloads/research/itsm/itsm-prototype/node_modules/jest-mock/build/index.js:404:13)
    at Document.mockConstructor [as createElement] (/Users/heidsoft/Downloads/research/itsm/itsm-prototype/node_modules/jest-mock/build/index.js:148:19)
    at Document.createElement (/Users/heidsoft/Downloads/research/itsm/itsm-prototype/src/app/__tests__/performance/performance.test.tsx:649:25)
    at /Users/heidsoft/Downloads/research/itsm/itsm-prototype/node_modules/jest-mock/build/index.js:397:39
    at Document.&lt;anonymous&gt; (/Users/heidsoft/Downloads/research/itsm/itsm-prototype/node_modules/jest-mock/build/index.js:404:13)
    at Document.mockConstructor [as createElement] (/Users/heidsoft/Downloads/research/itsm/itsm-prototype/node_modules/jest-mock/build/index.js:148:19)
    at Document.createElement (/Users/heidsoft/Downloads/research/itsm/itsm-prototype/src/app/__tests__/performance/performance.test.tsx:649:25)
    at /Users/heidsoft/Downloads/research/itsm/itsm-prototype/node_modules/jest-mock/build/index.js:397:39
    at Document.&lt;anonymous&gt; (/Users/heidsoft/Downloads/research/itsm/itsm-prototype/node_modules/jest-mock/build/index.js:404:13)
    at Document.mockConstructor [as createElement] (/Users/heidsoft/Downloads/research/itsm/itsm-prototype/node_modules/jest-mock/build/index.js:148:19)
    at Document.createElement (/Users/heidsoft/Downloads/research/itsm/itsm-prototype/src/app/__tests__/performance/performance.test.tsx:649:25)
    at /Users/heidsoft/Downloads/research/itsm/itsm-prototype/node_modules/jest-mock/build/index.js:397:39
    at Document.&lt;anonymous&gt; (/Users/heidsoft/Downloads/research/itsm/itsm-prototype/node_modules/jest-mock/build/index.js:404:13)
    at Document.mockConstructor [as createElement] (/Users/heidsoft/Downloads/research/itsm/itsm-prototype/node_modules/jest-mock/build/index.js:148:19)
    at Document.createElement (/Users/heidsoft/Downloads/research/itsm/itsm-prototype/src/app/__tests__/performance/performance.test.tsx:649:25)
    at /Users/heidsoft/Downloads/research/itsm/itsm-prototype/node_modules/jest-mock/build/index.js:397:39
    at Document.&lt;anonymous&gt; (/Users/heidsoft/Downloads/research/itsm/itsm-prototype/node_modules/jest-mock/build/index.js:404:13)
    at Document.mockConstructor [as createElement] (/Users/heidsoft/Downloads/research/itsm/itsm-prototype/node_modules/jest-mock/build/index.js:148:19)
    at Document.createElement (/Users/heidsoft/Downloads/research/itsm/itsm-prototype/src/app/__tests__/performance/performance.test.tsx:649:25)
    at /Users/heidsoft/Downloads/research/itsm/itsm-prototype/node_modules/jest-mock/build/index.js:397:39
    at Document.&lt;anonymous&gt; (/Users/heidsoft/Downloads/research/itsm/itsm-prototype/node_modules/jest-mock/build/index.js:404:13)
    at Document.mockConstructor [as createElement] (/Users/heidsoft/Downloads/research/itsm/itsm-prototype/node_modules/jest-mock/build/index.js:148:19)
    at Document.createElement (/Users/heidsoft/Downloads/research/itsm/itsm-prototype/src/app/__tests__/performance/performance.test.tsx:649:25)
    at /Users/heidsoft/Downloads/research/itsm/itsm-prototype/node_modules/jest-mock/build/index.js:397:39
    at Document.&lt;anonymous&gt; (/Users/heidsoft/Downloads/research/itsm/itsm-prototype/node_modules/jest-mock/build/index.js:404:13)
    at Document.mockConstructor [as createElement] (/Users/heidsoft/Downloads/research/itsm/itsm-prototype/node_modules/jest-mock/build/index.js:148:19)
    at Document.createElement (/Users/heidsoft/Downloads/research/itsm/itsm-prototype/src/app/__tests__/performance/performance.test.tsx:649:25)
    at /Users/heidsoft/Downloads/research/itsm/itsm-prototype/node_modules/jest-mock/build/index.js:397:39
    at Document.&lt;anonymous&gt; (/Users/heidsoft/Downloads/research/itsm/itsm-prototype/node_modules/jest-mock/build/index.js:404:13)
    at Document.mockConstructor [as createElement] (/Users/heidsoft/Downloads/research/itsm/itsm-prototype/node_modules/jest-mock/build/index.js:148:19)
    at Document.createElement (/Users/heidsoft/Downloads/research/itsm/itsm-prototype/src/app/__tests__/performance/performance.test.tsx:649:25)
    at /Users/heidsoft/Downloads/research/itsm/itsm-prototype/node_modules/jest-mock/build/index.js:397:39
    at Document.&lt;anonymous&gt; (/Users/heidsoft/Downloads/research/itsm/itsm-prototype/node_modules/jest-mock/build/index.js:404:13)
    at Document.mockConstructor [as createElement] (/Users/heidsoft/Downloads/research/itsm/itsm-prototype/node_modules/jest-mock/build/index.js:148:19)
    at Document.createElement (/Users/heidsoft/Downloads/research/itsm/itsm-prototype/src/app/__tests__/performance/performance.test.tsx:649:25)
    at /Users/heidsoft/Downloads/research/itsm/itsm-prototype/node_modules/jest-mock/build/index.js:397:39
    at Document.&lt;anonymous&gt; (/Users/heidsoft/Downloads/research/itsm/itsm-prototype/node_modules/jest-mock/build/index.js:404:13)
    at Document.mockConstructor [as createElement] (/Users/heidsoft/Downloads/research/itsm/itsm-prototype/node_modules/jest-mock/build/index.js:148:19)</failure>
    </testcase>
    <testcase classname="性能测试 › Bundle大小优化测试" name="应该支持代码分割" time="0.024">
    </testcase>
    <testcase classname="性能测试 › Bundle大小优化测试" name="应该优化依赖包大小" time="0.009">
    </testcase>
    <testcase classname="性能测试 › 缓存策略测试" name="应该实现组件级缓存" time="0.011">
    </testcase>
    <testcase classname="性能测试 › 缓存策略测试" name="应该实现请求缓存" time="0.016">
    </testcase>
  </testsuite>
  <testsuite name="src/app/__tests__/ux/user-experience.test.tsx" errors="0" failures="0" skipped="0" timestamp="2025-10-21T14:15:53" time="9.655" tests="22">
    <testcase classname="用户体验测试 › 加载状态测试" name="应该显示加载中的骨架屏" time="0.106">
    </testcase>
    <testcase classname="用户体验测试 › 加载状态测试" name="应该在表单提交时显示加载状态" time="0.21">
    </testcase>
    <testcase classname="用户体验测试 › 加载状态测试" name="应该显示加载中的旋转图标" time="0.023">
    </testcase>
    <testcase classname="用户体验测试 › 错误处理测试" name="应该显示表单验证错误" time="0.021">
    </testcase>
    <testcase classname="用户体验测试 › 错误处理测试" name="应该显示网络错误状态" time="0.016">
    </testcase>
    <testcase classname="用户体验测试 › 错误处理测试" name="应该处理组件错误边界" time="0.168">
    </testcase>
    <testcase classname="用户体验测试 › 错误处理测试" name="应该支持错误重试功能" time="0.034">
    </testcase>
    <testcase classname="用户体验测试 › 交互反馈测试" name="应该显示成功消息" time="0.147">
    </testcase>
    <testcase classname="用户体验测试 › 交互反馈测试" name="应该显示失败消息" time="0.13">
    </testcase>
    <testcase classname="用户体验测试 › 交互反馈测试" name="应该提供视觉反馈" time="0.027">
    </testcase>
    <testcase classname="用户体验测试 › 交互反馈测试" name="应该支持键盘导航" time="0.056">
    </testcase>
    <testcase classname="用户体验测试 › 空状态测试" name="应该显示空状态页面" time="0.009">
    </testcase>
    <testcase classname="用户体验测试 › 空状态测试" name="应该在有数据时显示列表" time="0.012">
    </testcase>
    <testcase classname="用户体验测试 › 表单验证测试" name="应该验证必填字段" time="0.087">
    </testcase>
    <testcase classname="用户体验测试 › 表单验证测试" name="应该实时验证输入内容" time="0.148">
    </testcase>
    <testcase classname="用户体验测试 › 响应式交互测试" name="应该在移动设备上正确显示" time="0.013">
    </testcase>
    <testcase classname="用户体验测试 › 响应式交互测试" name="应该支持触摸交互" time="0.022">
    </testcase>
    <testcase classname="用户体验测试 › 性能优化测试" name="应该防止重复提交" time="0.122">
    </testcase>
    <testcase classname="用户体验测试 › 性能优化测试" name="应该优化大量数据的渲染" time="0.268">
    </testcase>
    <testcase classname="用户体验测试 › 无障碍访问测试" name="应该提供正确的ARIA标签" time="0.014">
    </testcase>
    <testcase classname="用户体验测试 › 无障碍访问测试" name="应该支持屏幕阅读器" time="0.02">
    </testcase>
    <testcase classname="用户体验测试 › 无障碍访问测试" name="应该提供键盘快捷键支持" time="0.014">
    </testcase>
  </testsuite>
</testsuites>