<?xml version="1.0" encoding="UTF-8"?>
<testsuites name="jest tests" tests="131" failures="29" errors="0" time="10.042">
  <testsuite name="src/app/lib/__tests__/api-integration.test.ts" errors="0" failures="0" skipped="0" timestamp="2025-10-05T00:15:08" time="1.417" tests="19">
    <testcase classname="API Integration Tests › TicketApi › getTickets" name="should fetch tickets successfully" time="0.122">
    </testcase>
    <testcase classname="API Integration Tests › TicketApi › getTickets" name="should handle API error responses" time="0.055">
    </testcase>
    <testcase classname="API Integration Tests › TicketApi › getTickets" name="should handle network errors" time="0.014">
    </testcase>
    <testcase classname="API Integration Tests › TicketApi › getTickets" name="should include query parameters correctly" time="0.01">
    </testcase>
    <testcase classname="API Integration Tests › TicketApi › createTicket" name="should create ticket successfully" time="0.008">
    </testcase>
    <testcase classname="API Integration Tests › TicketApi › createTicket" name="should handle validation errors" time="0.013">
    </testcase>
    <testcase classname="API Integration Tests › DashboardAPI › getDashboardConfig" name="should fetch dashboard config successfully" time="0.012">
    </testcase>
    <testcase classname="API Integration Tests › DashboardAPI › getTicketStats" name="should fetch ticket statistics successfully" time="0.007">
    </testcase>
    <testcase classname="API Integration Tests › Error Handling" name="should handle HTTP error status codes" time="0.01">
    </testcase>
    <testcase classname="API Integration Tests › Error Handling" name="should handle malformed JSON responses" time="0.01">
    </testcase>
    <testcase classname="API Integration Tests › Error Handling" name="should handle timeout errors" time="0.116">
    </testcase>
    <testcase classname="API Integration Tests › Error Handling" name="should handle CORS errors" time="0.008">
    </testcase>
    <testcase classname="API Integration Tests › Authentication Integration" name="should include authorization header when token exists" time="0.007">
    </testcase>
    <testcase classname="API Integration Tests › Authentication Integration" name="should handle token expiration" time="0.011">
    </testcase>
    <testcase classname="API Integration Tests › Authentication Integration" name="should handle unauthorized access" time="0.03">
    </testcase>
    <testcase classname="API Integration Tests › Performance and Caching" name="should handle concurrent requests" time="0.013">
    </testcase>
    <testcase classname="API Integration Tests › Performance and Caching" name="should handle large response payloads" time="0.006">
    </testcase>
    <testcase classname="API Integration Tests › Data Validation" name="should handle missing response fields" time="0.005">
    </testcase>
    <testcase classname="API Integration Tests › Data Validation" name="should validate response data structure" time="0.004">
    </testcase>
  </testsuite>
  <testsuite name="src/app/components/__tests__/LoadingEmptyError.test.tsx" errors="0" failures="0" skipped="0" timestamp="2025-10-05T00:15:08" time="1.78" tests="17">
    <testcase classname="LoadingEmptyError Component › Loading State" name="should render loading spinner with default text" time="0.053">
    </testcase>
    <testcase classname="LoadingEmptyError Component › Loading State" name="should render loading spinner with custom text" time="0.007">
    </testcase>
    <testcase classname="LoadingEmptyError Component › Loading State" name="should apply custom minHeight and className" time="0.007">
    </testcase>
    <testcase classname="LoadingEmptyError Component › Empty State" name="should render empty state with default configuration" time="0.008">
    </testcase>
    <testcase classname="LoadingEmptyError Component › Empty State" name="should render empty state with custom configuration" time="0.023">
    </testcase>
    <testcase classname="LoadingEmptyError Component › Empty State" name="should not render action button when showAction is false" time="0.005">
    </testcase>
    <testcase classname="LoadingEmptyError Component › Empty State" name="should render custom icon when provided" time="0.005">
    </testcase>
    <testcase classname="LoadingEmptyError Component › Error State" name="should render error state with default configuration" time="0.008">
    </testcase>
    <testcase classname="LoadingEmptyError Component › Error State" name="should render error state with custom configuration and retry action" time="0.009">
    </testcase>
    <testcase classname="LoadingEmptyError Component › Error State" name="should not render retry button when showRetry is false" time="0.006">
    </testcase>
    <testcase classname="LoadingEmptyError Component › Success State" name="should render children when state is success" time="0.004">
    </testcase>
    <testcase classname="LoadingEmptyError Component › Success State" name="should render success configuration when provided" time="0.007">
    </testcase>
    <testcase classname="LoadingEmptyError Component › Success State" name="should render both success config and children" time="0.011">
    </testcase>
    <testcase classname="LoadingEmptyError Component › Custom Styling" name="should apply custom className to different states" time="0.012">
    </testcase>
    <testcase classname="LoadingEmptyError Component › Custom Styling" name="should apply custom minHeight to loading and empty states" time="0.006">
    </testcase>
    <testcase classname="LoadingEmptyError Component › Edge Cases" name="should return null for invalid state" time="0.003">
    </testcase>
    <testcase classname="LoadingEmptyError Component › Edge Cases" name="should handle missing onAction gracefully" time="0.004">
    </testcase>
  </testsuite>
  <testsuite name="src/app/components/__tests__/TicketCard.test.tsx" errors="0" failures="0" skipped="0" timestamp="2025-10-05T00:15:08" time="2.062" tests="28">
    <testcase classname="TicketCard › Rendering" name="should render ticket card with basic information" time="0.065">
    </testcase>
    <testcase classname="TicketCard › Rendering" name="should display priority badge correctly" time="0.011">
    </testcase>
    <testcase classname="TicketCard › Rendering" name="should show appropriate icon for priority" time="0.01">
    </testcase>
    <testcase classname="TicketCard › Rendering" name="should display clock icon and last update time" time="0.009">
    </testcase>
    <testcase classname="TicketCard › Priority Variants" name="should render P1 priority correctly with Zap icon" time="0.009">
    </testcase>
    <testcase classname="TicketCard › Priority Variants" name="should render P2 priority correctly with AlertCircle icon" time="0.008">
    </testcase>
    <testcase classname="TicketCard › Priority Variants" name="should render P3 priority correctly with Info icon" time="0.006">
    </testcase>
    <testcase classname="TicketCard › Priority Variants" name="should render P4 priority correctly with ChevronsDown icon" time="0.005">
    </testcase>
    <testcase classname="TicketCard › P1 Priority Alert Behavior" name="should play alert sound for P1 priority tickets" time="0.01">
    </testcase>
    <testcase classname="TicketCard › P1 Priority Alert Behavior" name="should add pulse animation class for P1 priority" time="0.007">
    </testcase>
    <testcase classname="TicketCard › P1 Priority Alert Behavior" name="should not play sound for non-P1 priorities" time="0.006">
    </testcase>
    <testcase classname="TicketCard › Type Variants" name="should display custom type when provided" time="0.012">
    </testcase>
    <testcase classname="TicketCard › Type Variants" name="should use default type when not provided" time="0.006">
    </testcase>
    <testcase classname="TicketCard › ID Variants" name="should handle string ID" time="0.005">
    </testcase>
    <testcase classname="TicketCard › ID Variants" name="should handle numeric ID" time="0.006">
    </testcase>
    <testcase classname="TicketCard › Styling and Layout" name="should have proper CSS classes for layout" time="0.005">
    </testcase>
    <testcase classname="TicketCard › Styling and Layout" name="should have hover effects" time="0.006">
    </testcase>
    <testcase classname="TicketCard › Styling and Layout" name="should have priority-based border color" time="0.004">
    </testcase>
    <testcase classname="TicketCard › Accessibility" name="should have proper semantic structure" time="0.076">
    </testcase>
    <testcase classname="TicketCard › Accessibility" name="应该支持键盘导航" time="0.01">
    </testcase>
    <testcase classname="TicketCard › Edge Cases" name="should handle very long titles" time="0.005">
    </testcase>
    <testcase classname="TicketCard › Edge Cases" name="should handle empty status" time="0.005">
    </testcase>
    <testcase classname="TicketCard › Edge Cases" name="should handle invalid priority gracefully" time="0.004">
    </testcase>
    <testcase classname="TicketCard › Performance" name="should not re-render unnecessarily" time="0.008">
    </testcase>
    <testcase classname="TicketCard › Performance" name="should handle priority changes correctly" time="0.009">
    </testcase>
    <testcase classname="TicketCard › Audio Error Handling" name="should handle audio play errors gracefully" time="0.114">
    </testcase>
    <testcase classname="TicketCard › Component Lifecycle" name="should clean up animation classes on unmount" time="0.017">
    </testcase>
    <testcase classname="TicketCard › Component Lifecycle" name="should handle priority changes during component lifecycle" time="0.021">
    </testcase>
  </testsuite>
  <testsuite name="src/app/login/__tests__/page.test.tsx" errors="0" failures="16" skipped="0" timestamp="2025-10-05T00:15:08" time="5.06" tests="16">
    <testcase classname="LoginPage › Rendering" name="should render login form with all required elements" time="0.55">
      <failure>Error: Element type is invalid: expected a string (for built-in components) or a class/function (for composite components) but got: undefined. You likely forgot to export your component from the file it&apos;s defined in, or you might have mixed up default and named imports.

Check the render method of `LoginPage`.
    at createFiberFromTypeAndProps (/Users/heidsoft/Downloads/research/itsm/itsm-prototype/node_modules/react-dom/cjs/react-dom.development.js:28478:17)
    at createFiberFromElement (/Users/heidsoft/Downloads/research/itsm/itsm-prototype/node_modules/react-dom/cjs/react-dom.development.js:28504:15)
    at createChild (/Users/heidsoft/Downloads/research/itsm/itsm-prototype/node_modules/react-dom/cjs/react-dom.development.js:13345:28)
    at reconcileChildrenArray (/Users/heidsoft/Downloads/research/itsm/itsm-prototype/node_modules/react-dom/cjs/react-dom.development.js:13640:25)
    at reconcileChildFibers (/Users/heidsoft/Downloads/research/itsm/itsm-prototype/node_modules/react-dom/cjs/react-dom.development.js:14057:16)
    at reconcileChildren (/Users/heidsoft/Downloads/research/itsm/itsm-prototype/node_modules/react-dom/cjs/react-dom.development.js:19186:28)
    at updateHostComponent (/Users/heidsoft/Downloads/research/itsm/itsm-prototype/node_modules/react-dom/cjs/react-dom.development.js:19953:3)
    at beginWork (/Users/heidsoft/Downloads/research/itsm/itsm-prototype/node_modules/react-dom/cjs/react-dom.development.js:21657:14)
    at beginWork$1 (/Users/heidsoft/Downloads/research/itsm/itsm-prototype/node_modules/react-dom/cjs/react-dom.development.js:27465:14)
    at performUnitOfWork (/Users/heidsoft/Downloads/research/itsm/itsm-prototype/node_modules/react-dom/cjs/react-dom.development.js:26599:12)
    at workLoopSync (/Users/heidsoft/Downloads/research/itsm/itsm-prototype/node_modules/react-dom/cjs/react-dom.development.js:26505:5)
    at renderRootSync (/Users/heidsoft/Downloads/research/itsm/itsm-prototype/node_modules/react-dom/cjs/react-dom.development.js:26473:7)
    at recoverFromConcurrentError (/Users/heidsoft/Downloads/research/itsm/itsm-prototype/node_modules/react-dom/cjs/react-dom.development.js:25889:20)
    at performConcurrentWorkOnRoot (/Users/heidsoft/Downloads/research/itsm/itsm-prototype/node_modules/react-dom/cjs/react-dom.development.js:25789:22)
    at flushActQueue (/Users/heidsoft/Downloads/research/itsm/itsm-prototype/node_modules/react/cjs/react.development.js:2667:24)
    at act (/Users/heidsoft/Downloads/research/itsm/itsm-prototype/node_modules/react/cjs/react.development.js:2582:11)
    at /Users/heidsoft/Downloads/research/itsm/itsm-prototype/node_modules/@testing-library/react/dist/act-compat.js:47:25
    at renderRoot (/Users/heidsoft/Downloads/research/itsm/itsm-prototype/node_modules/@testing-library/react/dist/pure.js:180:26)
    at render (/Users/heidsoft/Downloads/research/itsm/itsm-prototype/node_modules/@testing-library/react/dist/pure.js:271:10)
    at Object.&lt;anonymous&gt; (/Users/heidsoft/Downloads/research/itsm/itsm-prototype/src/app/login/__tests__/page.test.tsx:91:13)
    at Promise.then.completed (/Users/heidsoft/Downloads/research/itsm/itsm-prototype/node_modules/jest-circus/build/utils.js:298:28)
    at new Promise (&lt;anonymous&gt;)
    at callAsyncCircusFn (/Users/heidsoft/Downloads/research/itsm/itsm-prototype/node_modules/jest-circus/build/utils.js:231:10)
    at _callCircusTest (/Users/heidsoft/Downloads/research/itsm/itsm-prototype/node_modules/jest-circus/build/run.js:316:40)
    at processTicksAndRejections (node:internal/process/task_queues:105:5)
    at _runTest (/Users/heidsoft/Downloads/research/itsm/itsm-prototype/node_modules/jest-circus/build/run.js:252:3)
    at _runTestsForDescribeBlock (/Users/heidsoft/Downloads/research/itsm/itsm-prototype/node_modules/jest-circus/build/run.js:126:9)
    at _runTestsForDescribeBlock (/Users/heidsoft/Downloads/research/itsm/itsm-prototype/node_modules/jest-circus/build/run.js:121:9)
    at _runTestsForDescribeBlock (/Users/heidsoft/Downloads/research/itsm/itsm-prototype/node_modules/jest-circus/build/run.js:121:9)
    at run (/Users/heidsoft/Downloads/research/itsm/itsm-prototype/node_modules/jest-circus/build/run.js:71:3)
    at runAndTransformResultsToJestFormat (/Users/heidsoft/Downloads/research/itsm/itsm-prototype/node_modules/jest-circus/build/legacy-code-todo-rewrite/jestAdapterInit.js:122:21)
    at jestAdapter (/Users/heidsoft/Downloads/research/itsm/itsm-prototype/node_modules/jest-circus/build/legacy-code-todo-rewrite/jestAdapter.js:79:19)
    at runTestInternal (/Users/heidsoft/Downloads/research/itsm/itsm-prototype/node_modules/jest-runner/build/runTest.js:367:16)
    at runTest (/Users/heidsoft/Downloads/research/itsm/itsm-prototype/node_modules/jest-runner/build/runTest.js:444:34)
    at Object.worker (/Users/heidsoft/Downloads/research/itsm/itsm-prototype/node_modules/jest-runner/build/testWorker.js:106:12)</failure>
    </testcase>
    <testcase classname="LoginPage › Rendering" name="should render icons for username and password fields" time="0.239">
      <failure>Error: Element type is invalid: expected a string (for built-in components) or a class/function (for composite components) but got: undefined. You likely forgot to export your component from the file it&apos;s defined in, or you might have mixed up default and named imports.

Check the render method of `LoginPage`.
    at createFiberFromTypeAndProps (/Users/heidsoft/Downloads/research/itsm/itsm-prototype/node_modules/react-dom/cjs/react-dom.development.js:28478:17)
    at createFiberFromElement (/Users/heidsoft/Downloads/research/itsm/itsm-prototype/node_modules/react-dom/cjs/react-dom.development.js:28504:15)
    at createChild (/Users/heidsoft/Downloads/research/itsm/itsm-prototype/node_modules/react-dom/cjs/react-dom.development.js:13345:28)
    at reconcileChildrenArray (/Users/heidsoft/Downloads/research/itsm/itsm-prototype/node_modules/react-dom/cjs/react-dom.development.js:13640:25)
    at reconcileChildFibers (/Users/heidsoft/Downloads/research/itsm/itsm-prototype/node_modules/react-dom/cjs/react-dom.development.js:14057:16)
    at reconcileChildren (/Users/heidsoft/Downloads/research/itsm/itsm-prototype/node_modules/react-dom/cjs/react-dom.development.js:19186:28)
    at updateHostComponent (/Users/heidsoft/Downloads/research/itsm/itsm-prototype/node_modules/react-dom/cjs/react-dom.development.js:19953:3)
    at beginWork (/Users/heidsoft/Downloads/research/itsm/itsm-prototype/node_modules/react-dom/cjs/react-dom.development.js:21657:14)
    at beginWork$1 (/Users/heidsoft/Downloads/research/itsm/itsm-prototype/node_modules/react-dom/cjs/react-dom.development.js:27465:14)
    at performUnitOfWork (/Users/heidsoft/Downloads/research/itsm/itsm-prototype/node_modules/react-dom/cjs/react-dom.development.js:26599:12)
    at workLoopSync (/Users/heidsoft/Downloads/research/itsm/itsm-prototype/node_modules/react-dom/cjs/react-dom.development.js:26505:5)
    at renderRootSync (/Users/heidsoft/Downloads/research/itsm/itsm-prototype/node_modules/react-dom/cjs/react-dom.development.js:26473:7)
    at recoverFromConcurrentError (/Users/heidsoft/Downloads/research/itsm/itsm-prototype/node_modules/react-dom/cjs/react-dom.development.js:25889:20)
    at performConcurrentWorkOnRoot (/Users/heidsoft/Downloads/research/itsm/itsm-prototype/node_modules/react-dom/cjs/react-dom.development.js:25789:22)
    at flushActQueue (/Users/heidsoft/Downloads/research/itsm/itsm-prototype/node_modules/react/cjs/react.development.js:2667:24)
    at act (/Users/heidsoft/Downloads/research/itsm/itsm-prototype/node_modules/react/cjs/react.development.js:2582:11)
    at /Users/heidsoft/Downloads/research/itsm/itsm-prototype/node_modules/@testing-library/react/dist/act-compat.js:47:25
    at renderRoot (/Users/heidsoft/Downloads/research/itsm/itsm-prototype/node_modules/@testing-library/react/dist/pure.js:180:26)
    at render (/Users/heidsoft/Downloads/research/itsm/itsm-prototype/node_modules/@testing-library/react/dist/pure.js:271:10)
    at Object.&lt;anonymous&gt; (/Users/heidsoft/Downloads/research/itsm/itsm-prototype/src/app/login/__tests__/page.test.tsx:101:13)
    at Promise.then.completed (/Users/heidsoft/Downloads/research/itsm/itsm-prototype/node_modules/jest-circus/build/utils.js:298:28)
    at new Promise (&lt;anonymous&gt;)
    at callAsyncCircusFn (/Users/heidsoft/Downloads/research/itsm/itsm-prototype/node_modules/jest-circus/build/utils.js:231:10)
    at _callCircusTest (/Users/heidsoft/Downloads/research/itsm/itsm-prototype/node_modules/jest-circus/build/run.js:316:40)
    at processTicksAndRejections (node:internal/process/task_queues:105:5)
    at _runTest (/Users/heidsoft/Downloads/research/itsm/itsm-prototype/node_modules/jest-circus/build/run.js:252:3)
    at _runTestsForDescribeBlock (/Users/heidsoft/Downloads/research/itsm/itsm-prototype/node_modules/jest-circus/build/run.js:126:9)
    at _runTestsForDescribeBlock (/Users/heidsoft/Downloads/research/itsm/itsm-prototype/node_modules/jest-circus/build/run.js:121:9)
    at _runTestsForDescribeBlock (/Users/heidsoft/Downloads/research/itsm/itsm-prototype/node_modules/jest-circus/build/run.js:121:9)
    at run (/Users/heidsoft/Downloads/research/itsm/itsm-prototype/node_modules/jest-circus/build/run.js:71:3)
    at runAndTransformResultsToJestFormat (/Users/heidsoft/Downloads/research/itsm/itsm-prototype/node_modules/jest-circus/build/legacy-code-todo-rewrite/jestAdapterInit.js:122:21)
    at jestAdapter (/Users/heidsoft/Downloads/research/itsm/itsm-prototype/node_modules/jest-circus/build/legacy-code-todo-rewrite/jestAdapter.js:79:19)
    at runTestInternal (/Users/heidsoft/Downloads/research/itsm/itsm-prototype/node_modules/jest-runner/build/runTest.js:367:16)
    at runTest (/Users/heidsoft/Downloads/research/itsm/itsm-prototype/node_modules/jest-runner/build/runTest.js:444:34)
    at Object.worker (/Users/heidsoft/Downloads/research/itsm/itsm-prototype/node_modules/jest-runner/build/testWorker.js:106:12)</failure>
    </testcase>
    <testcase classname="LoginPage › Rendering" name="should have proper form structure" time="0.188">
      <failure>Error: Element type is invalid: expected a string (for built-in components) or a class/function (for composite components) but got: undefined. You likely forgot to export your component from the file it&apos;s defined in, or you might have mixed up default and named imports.

Check the render method of `LoginPage`.
    at createFiberFromTypeAndProps (/Users/heidsoft/Downloads/research/itsm/itsm-prototype/node_modules/react-dom/cjs/react-dom.development.js:28478:17)
    at createFiberFromElement (/Users/heidsoft/Downloads/research/itsm/itsm-prototype/node_modules/react-dom/cjs/react-dom.development.js:28504:15)
    at createChild (/Users/heidsoft/Downloads/research/itsm/itsm-prototype/node_modules/react-dom/cjs/react-dom.development.js:13345:28)
    at reconcileChildrenArray (/Users/heidsoft/Downloads/research/itsm/itsm-prototype/node_modules/react-dom/cjs/react-dom.development.js:13640:25)
    at reconcileChildFibers (/Users/heidsoft/Downloads/research/itsm/itsm-prototype/node_modules/react-dom/cjs/react-dom.development.js:14057:16)
    at reconcileChildren (/Users/heidsoft/Downloads/research/itsm/itsm-prototype/node_modules/react-dom/cjs/react-dom.development.js:19186:28)
    at updateHostComponent (/Users/heidsoft/Downloads/research/itsm/itsm-prototype/node_modules/react-dom/cjs/react-dom.development.js:19953:3)
    at beginWork (/Users/heidsoft/Downloads/research/itsm/itsm-prototype/node_modules/react-dom/cjs/react-dom.development.js:21657:14)
    at beginWork$1 (/Users/heidsoft/Downloads/research/itsm/itsm-prototype/node_modules/react-dom/cjs/react-dom.development.js:27465:14)
    at performUnitOfWork (/Users/heidsoft/Downloads/research/itsm/itsm-prototype/node_modules/react-dom/cjs/react-dom.development.js:26599:12)
    at workLoopSync (/Users/heidsoft/Downloads/research/itsm/itsm-prototype/node_modules/react-dom/cjs/react-dom.development.js:26505:5)
    at renderRootSync (/Users/heidsoft/Downloads/research/itsm/itsm-prototype/node_modules/react-dom/cjs/react-dom.development.js:26473:7)
    at recoverFromConcurrentError (/Users/heidsoft/Downloads/research/itsm/itsm-prototype/node_modules/react-dom/cjs/react-dom.development.js:25889:20)
    at performConcurrentWorkOnRoot (/Users/heidsoft/Downloads/research/itsm/itsm-prototype/node_modules/react-dom/cjs/react-dom.development.js:25789:22)
    at flushActQueue (/Users/heidsoft/Downloads/research/itsm/itsm-prototype/node_modules/react/cjs/react.development.js:2667:24)
    at act (/Users/heidsoft/Downloads/research/itsm/itsm-prototype/node_modules/react/cjs/react.development.js:2582:11)
    at /Users/heidsoft/Downloads/research/itsm/itsm-prototype/node_modules/@testing-library/react/dist/act-compat.js:47:25
    at renderRoot (/Users/heidsoft/Downloads/research/itsm/itsm-prototype/node_modules/@testing-library/react/dist/pure.js:180:26)
    at render (/Users/heidsoft/Downloads/research/itsm/itsm-prototype/node_modules/@testing-library/react/dist/pure.js:271:10)
    at Object.&lt;anonymous&gt; (/Users/heidsoft/Downloads/research/itsm/itsm-prototype/src/app/login/__tests__/page.test.tsx:108:13)
    at Promise.then.completed (/Users/heidsoft/Downloads/research/itsm/itsm-prototype/node_modules/jest-circus/build/utils.js:298:28)
    at new Promise (&lt;anonymous&gt;)
    at callAsyncCircusFn (/Users/heidsoft/Downloads/research/itsm/itsm-prototype/node_modules/jest-circus/build/utils.js:231:10)
    at _callCircusTest (/Users/heidsoft/Downloads/research/itsm/itsm-prototype/node_modules/jest-circus/build/run.js:316:40)
    at processTicksAndRejections (node:internal/process/task_queues:105:5)
    at _runTest (/Users/heidsoft/Downloads/research/itsm/itsm-prototype/node_modules/jest-circus/build/run.js:252:3)
    at _runTestsForDescribeBlock (/Users/heidsoft/Downloads/research/itsm/itsm-prototype/node_modules/jest-circus/build/run.js:126:9)
    at _runTestsForDescribeBlock (/Users/heidsoft/Downloads/research/itsm/itsm-prototype/node_modules/jest-circus/build/run.js:121:9)
    at _runTestsForDescribeBlock (/Users/heidsoft/Downloads/research/itsm/itsm-prototype/node_modules/jest-circus/build/run.js:121:9)
    at run (/Users/heidsoft/Downloads/research/itsm/itsm-prototype/node_modules/jest-circus/build/run.js:71:3)
    at runAndTransformResultsToJestFormat (/Users/heidsoft/Downloads/research/itsm/itsm-prototype/node_modules/jest-circus/build/legacy-code-todo-rewrite/jestAdapterInit.js:122:21)
    at jestAdapter (/Users/heidsoft/Downloads/research/itsm/itsm-prototype/node_modules/jest-circus/build/legacy-code-todo-rewrite/jestAdapter.js:79:19)
    at runTestInternal (/Users/heidsoft/Downloads/research/itsm/itsm-prototype/node_modules/jest-runner/build/runTest.js:367:16)
    at runTest (/Users/heidsoft/Downloads/research/itsm/itsm-prototype/node_modules/jest-runner/build/runTest.js:444:34)
    at Object.worker (/Users/heidsoft/Downloads/research/itsm/itsm-prototype/node_modules/jest-runner/build/testWorker.js:106:12)</failure>
    </testcase>
    <testcase classname="LoginPage › Form Interaction" name="should allow user to type in username and password fields" time="0.184">
      <failure>Error: Element type is invalid: expected a string (for built-in components) or a class/function (for composite components) but got: undefined. You likely forgot to export your component from the file it&apos;s defined in, or you might have mixed up default and named imports.

Check the render method of `LoginPage`.
    at createFiberFromTypeAndProps (/Users/heidsoft/Downloads/research/itsm/itsm-prototype/node_modules/react-dom/cjs/react-dom.development.js:28478:17)
    at createFiberFromElement (/Users/heidsoft/Downloads/research/itsm/itsm-prototype/node_modules/react-dom/cjs/react-dom.development.js:28504:15)
    at createChild (/Users/heidsoft/Downloads/research/itsm/itsm-prototype/node_modules/react-dom/cjs/react-dom.development.js:13345:28)
    at reconcileChildrenArray (/Users/heidsoft/Downloads/research/itsm/itsm-prototype/node_modules/react-dom/cjs/react-dom.development.js:13640:25)
    at reconcileChildFibers (/Users/heidsoft/Downloads/research/itsm/itsm-prototype/node_modules/react-dom/cjs/react-dom.development.js:14057:16)
    at reconcileChildren (/Users/heidsoft/Downloads/research/itsm/itsm-prototype/node_modules/react-dom/cjs/react-dom.development.js:19186:28)
    at updateHostComponent (/Users/heidsoft/Downloads/research/itsm/itsm-prototype/node_modules/react-dom/cjs/react-dom.development.js:19953:3)
    at beginWork (/Users/heidsoft/Downloads/research/itsm/itsm-prototype/node_modules/react-dom/cjs/react-dom.development.js:21657:14)
    at beginWork$1 (/Users/heidsoft/Downloads/research/itsm/itsm-prototype/node_modules/react-dom/cjs/react-dom.development.js:27465:14)
    at performUnitOfWork (/Users/heidsoft/Downloads/research/itsm/itsm-prototype/node_modules/react-dom/cjs/react-dom.development.js:26599:12)
    at workLoopSync (/Users/heidsoft/Downloads/research/itsm/itsm-prototype/node_modules/react-dom/cjs/react-dom.development.js:26505:5)
    at renderRootSync (/Users/heidsoft/Downloads/research/itsm/itsm-prototype/node_modules/react-dom/cjs/react-dom.development.js:26473:7)
    at recoverFromConcurrentError (/Users/heidsoft/Downloads/research/itsm/itsm-prototype/node_modules/react-dom/cjs/react-dom.development.js:25889:20)
    at performConcurrentWorkOnRoot (/Users/heidsoft/Downloads/research/itsm/itsm-prototype/node_modules/react-dom/cjs/react-dom.development.js:25789:22)
    at flushActQueue (/Users/heidsoft/Downloads/research/itsm/itsm-prototype/node_modules/react/cjs/react.development.js:2667:24)
    at act (/Users/heidsoft/Downloads/research/itsm/itsm-prototype/node_modules/react/cjs/react.development.js:2582:11)
    at /Users/heidsoft/Downloads/research/itsm/itsm-prototype/node_modules/@testing-library/react/dist/act-compat.js:47:25
    at renderRoot (/Users/heidsoft/Downloads/research/itsm/itsm-prototype/node_modules/@testing-library/react/dist/pure.js:180:26)
    at render (/Users/heidsoft/Downloads/research/itsm/itsm-prototype/node_modules/@testing-library/react/dist/pure.js:271:10)
    at Object.&lt;anonymous&gt; (/Users/heidsoft/Downloads/research/itsm/itsm-prototype/src/app/login/__tests__/page.test.tsx:125:13)
    at Promise.then.completed (/Users/heidsoft/Downloads/research/itsm/itsm-prototype/node_modules/jest-circus/build/utils.js:298:28)
    at new Promise (&lt;anonymous&gt;)
    at callAsyncCircusFn (/Users/heidsoft/Downloads/research/itsm/itsm-prototype/node_modules/jest-circus/build/utils.js:231:10)
    at _callCircusTest (/Users/heidsoft/Downloads/research/itsm/itsm-prototype/node_modules/jest-circus/build/run.js:316:40)
    at processTicksAndRejections (node:internal/process/task_queues:105:5)
    at _runTest (/Users/heidsoft/Downloads/research/itsm/itsm-prototype/node_modules/jest-circus/build/run.js:252:3)
    at _runTestsForDescribeBlock (/Users/heidsoft/Downloads/research/itsm/itsm-prototype/node_modules/jest-circus/build/run.js:126:9)
    at _runTestsForDescribeBlock (/Users/heidsoft/Downloads/research/itsm/itsm-prototype/node_modules/jest-circus/build/run.js:121:9)
    at _runTestsForDescribeBlock (/Users/heidsoft/Downloads/research/itsm/itsm-prototype/node_modules/jest-circus/build/run.js:121:9)
    at run (/Users/heidsoft/Downloads/research/itsm/itsm-prototype/node_modules/jest-circus/build/run.js:71:3)
    at runAndTransformResultsToJestFormat (/Users/heidsoft/Downloads/research/itsm/itsm-prototype/node_modules/jest-circus/build/legacy-code-todo-rewrite/jestAdapterInit.js:122:21)
    at jestAdapter (/Users/heidsoft/Downloads/research/itsm/itsm-prototype/node_modules/jest-circus/build/legacy-code-todo-rewrite/jestAdapter.js:79:19)
    at runTestInternal (/Users/heidsoft/Downloads/research/itsm/itsm-prototype/node_modules/jest-runner/build/runTest.js:367:16)
    at runTest (/Users/heidsoft/Downloads/research/itsm/itsm-prototype/node_modules/jest-runner/build/runTest.js:444:34)
    at Object.worker (/Users/heidsoft/Downloads/research/itsm/itsm-prototype/node_modules/jest-runner/build/testWorker.js:106:12)</failure>
    </testcase>
    <testcase classname="LoginPage › Form Interaction" name="should handle form submission" time="0.186">
      <failure>Error: Element type is invalid: expected a string (for built-in components) or a class/function (for composite components) but got: undefined. You likely forgot to export your component from the file it&apos;s defined in, or you might have mixed up default and named imports.

Check the render method of `LoginPage`.
    at createFiberFromTypeAndProps (/Users/heidsoft/Downloads/research/itsm/itsm-prototype/node_modules/react-dom/cjs/react-dom.development.js:28478:17)
    at createFiberFromElement (/Users/heidsoft/Downloads/research/itsm/itsm-prototype/node_modules/react-dom/cjs/react-dom.development.js:28504:15)
    at createChild (/Users/heidsoft/Downloads/research/itsm/itsm-prototype/node_modules/react-dom/cjs/react-dom.development.js:13345:28)
    at reconcileChildrenArray (/Users/heidsoft/Downloads/research/itsm/itsm-prototype/node_modules/react-dom/cjs/react-dom.development.js:13640:25)
    at reconcileChildFibers (/Users/heidsoft/Downloads/research/itsm/itsm-prototype/node_modules/react-dom/cjs/react-dom.development.js:14057:16)
    at reconcileChildren (/Users/heidsoft/Downloads/research/itsm/itsm-prototype/node_modules/react-dom/cjs/react-dom.development.js:19186:28)
    at updateHostComponent (/Users/heidsoft/Downloads/research/itsm/itsm-prototype/node_modules/react-dom/cjs/react-dom.development.js:19953:3)
    at beginWork (/Users/heidsoft/Downloads/research/itsm/itsm-prototype/node_modules/react-dom/cjs/react-dom.development.js:21657:14)
    at beginWork$1 (/Users/heidsoft/Downloads/research/itsm/itsm-prototype/node_modules/react-dom/cjs/react-dom.development.js:27465:14)
    at performUnitOfWork (/Users/heidsoft/Downloads/research/itsm/itsm-prototype/node_modules/react-dom/cjs/react-dom.development.js:26599:12)
    at workLoopSync (/Users/heidsoft/Downloads/research/itsm/itsm-prototype/node_modules/react-dom/cjs/react-dom.development.js:26505:5)
    at renderRootSync (/Users/heidsoft/Downloads/research/itsm/itsm-prototype/node_modules/react-dom/cjs/react-dom.development.js:26473:7)
    at recoverFromConcurrentError (/Users/heidsoft/Downloads/research/itsm/itsm-prototype/node_modules/react-dom/cjs/react-dom.development.js:25889:20)
    at performConcurrentWorkOnRoot (/Users/heidsoft/Downloads/research/itsm/itsm-prototype/node_modules/react-dom/cjs/react-dom.development.js:25789:22)
    at flushActQueue (/Users/heidsoft/Downloads/research/itsm/itsm-prototype/node_modules/react/cjs/react.development.js:2667:24)
    at act (/Users/heidsoft/Downloads/research/itsm/itsm-prototype/node_modules/react/cjs/react.development.js:2582:11)
    at /Users/heidsoft/Downloads/research/itsm/itsm-prototype/node_modules/@testing-library/react/dist/act-compat.js:47:25
    at renderRoot (/Users/heidsoft/Downloads/research/itsm/itsm-prototype/node_modules/@testing-library/react/dist/pure.js:180:26)
    at render (/Users/heidsoft/Downloads/research/itsm/itsm-prototype/node_modules/@testing-library/react/dist/pure.js:271:10)
    at Object.&lt;anonymous&gt; (/Users/heidsoft/Downloads/research/itsm/itsm-prototype/src/app/login/__tests__/page.test.tsx:145:13)
    at Promise.then.completed (/Users/heidsoft/Downloads/research/itsm/itsm-prototype/node_modules/jest-circus/build/utils.js:298:28)
    at new Promise (&lt;anonymous&gt;)
    at callAsyncCircusFn (/Users/heidsoft/Downloads/research/itsm/itsm-prototype/node_modules/jest-circus/build/utils.js:231:10)
    at _callCircusTest (/Users/heidsoft/Downloads/research/itsm/itsm-prototype/node_modules/jest-circus/build/run.js:316:40)
    at processTicksAndRejections (node:internal/process/task_queues:105:5)
    at _runTest (/Users/heidsoft/Downloads/research/itsm/itsm-prototype/node_modules/jest-circus/build/run.js:252:3)
    at _runTestsForDescribeBlock (/Users/heidsoft/Downloads/research/itsm/itsm-prototype/node_modules/jest-circus/build/run.js:126:9)
    at _runTestsForDescribeBlock (/Users/heidsoft/Downloads/research/itsm/itsm-prototype/node_modules/jest-circus/build/run.js:121:9)
    at _runTestsForDescribeBlock (/Users/heidsoft/Downloads/research/itsm/itsm-prototype/node_modules/jest-circus/build/run.js:121:9)
    at run (/Users/heidsoft/Downloads/research/itsm/itsm-prototype/node_modules/jest-circus/build/run.js:71:3)
    at runAndTransformResultsToJestFormat (/Users/heidsoft/Downloads/research/itsm/itsm-prototype/node_modules/jest-circus/build/legacy-code-todo-rewrite/jestAdapterInit.js:122:21)
    at jestAdapter (/Users/heidsoft/Downloads/research/itsm/itsm-prototype/node_modules/jest-circus/build/legacy-code-todo-rewrite/jestAdapter.js:79:19)
    at runTestInternal (/Users/heidsoft/Downloads/research/itsm/itsm-prototype/node_modules/jest-runner/build/runTest.js:367:16)
    at runTest (/Users/heidsoft/Downloads/research/itsm/itsm-prototype/node_modules/jest-runner/build/runTest.js:444:34)
    at Object.worker (/Users/heidsoft/Downloads/research/itsm/itsm-prototype/node_modules/jest-runner/build/testWorker.js:106:12)</failure>
    </testcase>
    <testcase classname="LoginPage › Authentication Flow" name="should show loading state during login" time="0.183">
      <failure>Error: Element type is invalid: expected a string (for built-in components) or a class/function (for composite components) but got: undefined. You likely forgot to export your component from the file it&apos;s defined in, or you might have mixed up default and named imports.

Check the render method of `LoginPage`.
    at createFiberFromTypeAndProps (/Users/heidsoft/Downloads/research/itsm/itsm-prototype/node_modules/react-dom/cjs/react-dom.development.js:28478:17)
    at createFiberFromElement (/Users/heidsoft/Downloads/research/itsm/itsm-prototype/node_modules/react-dom/cjs/react-dom.development.js:28504:15)
    at createChild (/Users/heidsoft/Downloads/research/itsm/itsm-prototype/node_modules/react-dom/cjs/react-dom.development.js:13345:28)
    at reconcileChildrenArray (/Users/heidsoft/Downloads/research/itsm/itsm-prototype/node_modules/react-dom/cjs/react-dom.development.js:13640:25)
    at reconcileChildFibers (/Users/heidsoft/Downloads/research/itsm/itsm-prototype/node_modules/react-dom/cjs/react-dom.development.js:14057:16)
    at reconcileChildren (/Users/heidsoft/Downloads/research/itsm/itsm-prototype/node_modules/react-dom/cjs/react-dom.development.js:19186:28)
    at updateHostComponent (/Users/heidsoft/Downloads/research/itsm/itsm-prototype/node_modules/react-dom/cjs/react-dom.development.js:19953:3)
    at beginWork (/Users/heidsoft/Downloads/research/itsm/itsm-prototype/node_modules/react-dom/cjs/react-dom.development.js:21657:14)
    at beginWork$1 (/Users/heidsoft/Downloads/research/itsm/itsm-prototype/node_modules/react-dom/cjs/react-dom.development.js:27465:14)
    at performUnitOfWork (/Users/heidsoft/Downloads/research/itsm/itsm-prototype/node_modules/react-dom/cjs/react-dom.development.js:26599:12)
    at workLoopSync (/Users/heidsoft/Downloads/research/itsm/itsm-prototype/node_modules/react-dom/cjs/react-dom.development.js:26505:5)
    at renderRootSync (/Users/heidsoft/Downloads/research/itsm/itsm-prototype/node_modules/react-dom/cjs/react-dom.development.js:26473:7)
    at recoverFromConcurrentError (/Users/heidsoft/Downloads/research/itsm/itsm-prototype/node_modules/react-dom/cjs/react-dom.development.js:25889:20)
    at performConcurrentWorkOnRoot (/Users/heidsoft/Downloads/research/itsm/itsm-prototype/node_modules/react-dom/cjs/react-dom.development.js:25789:22)
    at flushActQueue (/Users/heidsoft/Downloads/research/itsm/itsm-prototype/node_modules/react/cjs/react.development.js:2667:24)
    at act (/Users/heidsoft/Downloads/research/itsm/itsm-prototype/node_modules/react/cjs/react.development.js:2582:11)
    at /Users/heidsoft/Downloads/research/itsm/itsm-prototype/node_modules/@testing-library/react/dist/act-compat.js:47:25
    at renderRoot (/Users/heidsoft/Downloads/research/itsm/itsm-prototype/node_modules/@testing-library/react/dist/pure.js:180:26)
    at render (/Users/heidsoft/Downloads/research/itsm/itsm-prototype/node_modules/@testing-library/react/dist/pure.js:271:10)
    at Object.&lt;anonymous&gt; (/Users/heidsoft/Downloads/research/itsm/itsm-prototype/src/app/login/__tests__/page.test.tsx:166:13)
    at Promise.then.completed (/Users/heidsoft/Downloads/research/itsm/itsm-prototype/node_modules/jest-circus/build/utils.js:298:28)
    at new Promise (&lt;anonymous&gt;)
    at callAsyncCircusFn (/Users/heidsoft/Downloads/research/itsm/itsm-prototype/node_modules/jest-circus/build/utils.js:231:10)
    at _callCircusTest (/Users/heidsoft/Downloads/research/itsm/itsm-prototype/node_modules/jest-circus/build/run.js:316:40)
    at processTicksAndRejections (node:internal/process/task_queues:105:5)
    at _runTest (/Users/heidsoft/Downloads/research/itsm/itsm-prototype/node_modules/jest-circus/build/run.js:252:3)
    at _runTestsForDescribeBlock (/Users/heidsoft/Downloads/research/itsm/itsm-prototype/node_modules/jest-circus/build/run.js:126:9)
    at _runTestsForDescribeBlock (/Users/heidsoft/Downloads/research/itsm/itsm-prototype/node_modules/jest-circus/build/run.js:121:9)
    at _runTestsForDescribeBlock (/Users/heidsoft/Downloads/research/itsm/itsm-prototype/node_modules/jest-circus/build/run.js:121:9)
    at run (/Users/heidsoft/Downloads/research/itsm/itsm-prototype/node_modules/jest-circus/build/run.js:71:3)
    at runAndTransformResultsToJestFormat (/Users/heidsoft/Downloads/research/itsm/itsm-prototype/node_modules/jest-circus/build/legacy-code-todo-rewrite/jestAdapterInit.js:122:21)
    at jestAdapter (/Users/heidsoft/Downloads/research/itsm/itsm-prototype/node_modules/jest-circus/build/legacy-code-todo-rewrite/jestAdapter.js:79:19)
    at runTestInternal (/Users/heidsoft/Downloads/research/itsm/itsm-prototype/node_modules/jest-runner/build/runTest.js:367:16)
    at runTest (/Users/heidsoft/Downloads/research/itsm/itsm-prototype/node_modules/jest-runner/build/runTest.js:444:34)
    at Object.worker (/Users/heidsoft/Downloads/research/itsm/itsm-prototype/node_modules/jest-runner/build/testWorker.js:106:12)</failure>
    </testcase>
    <testcase classname="LoginPage › Authentication Flow" name="should handle successful login" time="0.153">
      <failure>Error: Element type is invalid: expected a string (for built-in components) or a class/function (for composite components) but got: undefined. You likely forgot to export your component from the file it&apos;s defined in, or you might have mixed up default and named imports.

Check the render method of `LoginPage`.
    at createFiberFromTypeAndProps (/Users/heidsoft/Downloads/research/itsm/itsm-prototype/node_modules/react-dom/cjs/react-dom.development.js:28478:17)
    at createFiberFromElement (/Users/heidsoft/Downloads/research/itsm/itsm-prototype/node_modules/react-dom/cjs/react-dom.development.js:28504:15)
    at createChild (/Users/heidsoft/Downloads/research/itsm/itsm-prototype/node_modules/react-dom/cjs/react-dom.development.js:13345:28)
    at reconcileChildrenArray (/Users/heidsoft/Downloads/research/itsm/itsm-prototype/node_modules/react-dom/cjs/react-dom.development.js:13640:25)
    at reconcileChildFibers (/Users/heidsoft/Downloads/research/itsm/itsm-prototype/node_modules/react-dom/cjs/react-dom.development.js:14057:16)
    at reconcileChildren (/Users/heidsoft/Downloads/research/itsm/itsm-prototype/node_modules/react-dom/cjs/react-dom.development.js:19186:28)
    at updateHostComponent (/Users/heidsoft/Downloads/research/itsm/itsm-prototype/node_modules/react-dom/cjs/react-dom.development.js:19953:3)
    at beginWork (/Users/heidsoft/Downloads/research/itsm/itsm-prototype/node_modules/react-dom/cjs/react-dom.development.js:21657:14)
    at beginWork$1 (/Users/heidsoft/Downloads/research/itsm/itsm-prototype/node_modules/react-dom/cjs/react-dom.development.js:27465:14)
    at performUnitOfWork (/Users/heidsoft/Downloads/research/itsm/itsm-prototype/node_modules/react-dom/cjs/react-dom.development.js:26599:12)
    at workLoopSync (/Users/heidsoft/Downloads/research/itsm/itsm-prototype/node_modules/react-dom/cjs/react-dom.development.js:26505:5)
    at renderRootSync (/Users/heidsoft/Downloads/research/itsm/itsm-prototype/node_modules/react-dom/cjs/react-dom.development.js:26473:7)
    at recoverFromConcurrentError (/Users/heidsoft/Downloads/research/itsm/itsm-prototype/node_modules/react-dom/cjs/react-dom.development.js:25889:20)
    at performConcurrentWorkOnRoot (/Users/heidsoft/Downloads/research/itsm/itsm-prototype/node_modules/react-dom/cjs/react-dom.development.js:25789:22)
    at flushActQueue (/Users/heidsoft/Downloads/research/itsm/itsm-prototype/node_modules/react/cjs/react.development.js:2667:24)
    at act (/Users/heidsoft/Downloads/research/itsm/itsm-prototype/node_modules/react/cjs/react.development.js:2582:11)
    at /Users/heidsoft/Downloads/research/itsm/itsm-prototype/node_modules/@testing-library/react/dist/act-compat.js:47:25
    at renderRoot (/Users/heidsoft/Downloads/research/itsm/itsm-prototype/node_modules/@testing-library/react/dist/pure.js:180:26)
    at render (/Users/heidsoft/Downloads/research/itsm/itsm-prototype/node_modules/@testing-library/react/dist/pure.js:271:10)
    at Object.&lt;anonymous&gt; (/Users/heidsoft/Downloads/research/itsm/itsm-prototype/src/app/login/__tests__/page.test.tsx:188:13)
    at Promise.then.completed (/Users/heidsoft/Downloads/research/itsm/itsm-prototype/node_modules/jest-circus/build/utils.js:298:28)
    at new Promise (&lt;anonymous&gt;)
    at callAsyncCircusFn (/Users/heidsoft/Downloads/research/itsm/itsm-prototype/node_modules/jest-circus/build/utils.js:231:10)
    at _callCircusTest (/Users/heidsoft/Downloads/research/itsm/itsm-prototype/node_modules/jest-circus/build/run.js:316:40)
    at processTicksAndRejections (node:internal/process/task_queues:105:5)
    at _runTest (/Users/heidsoft/Downloads/research/itsm/itsm-prototype/node_modules/jest-circus/build/run.js:252:3)
    at _runTestsForDescribeBlock (/Users/heidsoft/Downloads/research/itsm/itsm-prototype/node_modules/jest-circus/build/run.js:126:9)
    at _runTestsForDescribeBlock (/Users/heidsoft/Downloads/research/itsm/itsm-prototype/node_modules/jest-circus/build/run.js:121:9)
    at _runTestsForDescribeBlock (/Users/heidsoft/Downloads/research/itsm/itsm-prototype/node_modules/jest-circus/build/run.js:121:9)
    at run (/Users/heidsoft/Downloads/research/itsm/itsm-prototype/node_modules/jest-circus/build/run.js:71:3)
    at runAndTransformResultsToJestFormat (/Users/heidsoft/Downloads/research/itsm/itsm-prototype/node_modules/jest-circus/build/legacy-code-todo-rewrite/jestAdapterInit.js:122:21)
    at jestAdapter (/Users/heidsoft/Downloads/research/itsm/itsm-prototype/node_modules/jest-circus/build/legacy-code-todo-rewrite/jestAdapter.js:79:19)
    at runTestInternal (/Users/heidsoft/Downloads/research/itsm/itsm-prototype/node_modules/jest-runner/build/runTest.js:367:16)
    at runTest (/Users/heidsoft/Downloads/research/itsm/itsm-prototype/node_modules/jest-runner/build/runTest.js:444:34)
    at Object.worker (/Users/heidsoft/Downloads/research/itsm/itsm-prototype/node_modules/jest-runner/build/testWorker.js:106:12)</failure>
    </testcase>
    <testcase classname="LoginPage › Authentication Flow" name="should handle login failure with error message" time="0.155">
      <failure>Error: Element type is invalid: expected a string (for built-in components) or a class/function (for composite components) but got: undefined. You likely forgot to export your component from the file it&apos;s defined in, or you might have mixed up default and named imports.

Check the render method of `LoginPage`.
    at createFiberFromTypeAndProps (/Users/heidsoft/Downloads/research/itsm/itsm-prototype/node_modules/react-dom/cjs/react-dom.development.js:28478:17)
    at createFiberFromElement (/Users/heidsoft/Downloads/research/itsm/itsm-prototype/node_modules/react-dom/cjs/react-dom.development.js:28504:15)
    at createChild (/Users/heidsoft/Downloads/research/itsm/itsm-prototype/node_modules/react-dom/cjs/react-dom.development.js:13345:28)
    at reconcileChildrenArray (/Users/heidsoft/Downloads/research/itsm/itsm-prototype/node_modules/react-dom/cjs/react-dom.development.js:13640:25)
    at reconcileChildFibers (/Users/heidsoft/Downloads/research/itsm/itsm-prototype/node_modules/react-dom/cjs/react-dom.development.js:14057:16)
    at reconcileChildren (/Users/heidsoft/Downloads/research/itsm/itsm-prototype/node_modules/react-dom/cjs/react-dom.development.js:19186:28)
    at updateHostComponent (/Users/heidsoft/Downloads/research/itsm/itsm-prototype/node_modules/react-dom/cjs/react-dom.development.js:19953:3)
    at beginWork (/Users/heidsoft/Downloads/research/itsm/itsm-prototype/node_modules/react-dom/cjs/react-dom.development.js:21657:14)
    at beginWork$1 (/Users/heidsoft/Downloads/research/itsm/itsm-prototype/node_modules/react-dom/cjs/react-dom.development.js:27465:14)
    at performUnitOfWork (/Users/heidsoft/Downloads/research/itsm/itsm-prototype/node_modules/react-dom/cjs/react-dom.development.js:26599:12)
    at workLoopSync (/Users/heidsoft/Downloads/research/itsm/itsm-prototype/node_modules/react-dom/cjs/react-dom.development.js:26505:5)
    at renderRootSync (/Users/heidsoft/Downloads/research/itsm/itsm-prototype/node_modules/react-dom/cjs/react-dom.development.js:26473:7)
    at recoverFromConcurrentError (/Users/heidsoft/Downloads/research/itsm/itsm-prototype/node_modules/react-dom/cjs/react-dom.development.js:25889:20)
    at performConcurrentWorkOnRoot (/Users/heidsoft/Downloads/research/itsm/itsm-prototype/node_modules/react-dom/cjs/react-dom.development.js:25789:22)
    at flushActQueue (/Users/heidsoft/Downloads/research/itsm/itsm-prototype/node_modules/react/cjs/react.development.js:2667:24)
    at act (/Users/heidsoft/Downloads/research/itsm/itsm-prototype/node_modules/react/cjs/react.development.js:2582:11)
    at /Users/heidsoft/Downloads/research/itsm/itsm-prototype/node_modules/@testing-library/react/dist/act-compat.js:47:25
    at renderRoot (/Users/heidsoft/Downloads/research/itsm/itsm-prototype/node_modules/@testing-library/react/dist/pure.js:180:26)
    at render (/Users/heidsoft/Downloads/research/itsm/itsm-prototype/node_modules/@testing-library/react/dist/pure.js:271:10)
    at Object.&lt;anonymous&gt; (/Users/heidsoft/Downloads/research/itsm/itsm-prototype/src/app/login/__tests__/page.test.tsx:208:13)
    at Promise.then.completed (/Users/heidsoft/Downloads/research/itsm/itsm-prototype/node_modules/jest-circus/build/utils.js:298:28)
    at new Promise (&lt;anonymous&gt;)
    at callAsyncCircusFn (/Users/heidsoft/Downloads/research/itsm/itsm-prototype/node_modules/jest-circus/build/utils.js:231:10)
    at _callCircusTest (/Users/heidsoft/Downloads/research/itsm/itsm-prototype/node_modules/jest-circus/build/run.js:316:40)
    at processTicksAndRejections (node:internal/process/task_queues:105:5)
    at _runTest (/Users/heidsoft/Downloads/research/itsm/itsm-prototype/node_modules/jest-circus/build/run.js:252:3)
    at _runTestsForDescribeBlock (/Users/heidsoft/Downloads/research/itsm/itsm-prototype/node_modules/jest-circus/build/run.js:126:9)
    at _runTestsForDescribeBlock (/Users/heidsoft/Downloads/research/itsm/itsm-prototype/node_modules/jest-circus/build/run.js:121:9)
    at _runTestsForDescribeBlock (/Users/heidsoft/Downloads/research/itsm/itsm-prototype/node_modules/jest-circus/build/run.js:121:9)
    at run (/Users/heidsoft/Downloads/research/itsm/itsm-prototype/node_modules/jest-circus/build/run.js:71:3)
    at runAndTransformResultsToJestFormat (/Users/heidsoft/Downloads/research/itsm/itsm-prototype/node_modules/jest-circus/build/legacy-code-todo-rewrite/jestAdapterInit.js:122:21)
    at jestAdapter (/Users/heidsoft/Downloads/research/itsm/itsm-prototype/node_modules/jest-circus/build/legacy-code-todo-rewrite/jestAdapter.js:79:19)
    at runTestInternal (/Users/heidsoft/Downloads/research/itsm/itsm-prototype/node_modules/jest-runner/build/runTest.js:367:16)
    at runTest (/Users/heidsoft/Downloads/research/itsm/itsm-prototype/node_modules/jest-runner/build/runTest.js:444:34)
    at Object.worker (/Users/heidsoft/Downloads/research/itsm/itsm-prototype/node_modules/jest-runner/build/testWorker.js:106:12)</failure>
    </testcase>
    <testcase classname="LoginPage › Authentication Flow" name="should handle network error gracefully" time="0.157">
      <failure>Error: Element type is invalid: expected a string (for built-in components) or a class/function (for composite components) but got: undefined. You likely forgot to export your component from the file it&apos;s defined in, or you might have mixed up default and named imports.

Check the render method of `LoginPage`.
    at createFiberFromTypeAndProps (/Users/heidsoft/Downloads/research/itsm/itsm-prototype/node_modules/react-dom/cjs/react-dom.development.js:28478:17)
    at createFiberFromElement (/Users/heidsoft/Downloads/research/itsm/itsm-prototype/node_modules/react-dom/cjs/react-dom.development.js:28504:15)
    at createChild (/Users/heidsoft/Downloads/research/itsm/itsm-prototype/node_modules/react-dom/cjs/react-dom.development.js:13345:28)
    at reconcileChildrenArray (/Users/heidsoft/Downloads/research/itsm/itsm-prototype/node_modules/react-dom/cjs/react-dom.development.js:13640:25)
    at reconcileChildFibers (/Users/heidsoft/Downloads/research/itsm/itsm-prototype/node_modules/react-dom/cjs/react-dom.development.js:14057:16)
    at reconcileChildren (/Users/heidsoft/Downloads/research/itsm/itsm-prototype/node_modules/react-dom/cjs/react-dom.development.js:19186:28)
    at updateHostComponent (/Users/heidsoft/Downloads/research/itsm/itsm-prototype/node_modules/react-dom/cjs/react-dom.development.js:19953:3)
    at beginWork (/Users/heidsoft/Downloads/research/itsm/itsm-prototype/node_modules/react-dom/cjs/react-dom.development.js:21657:14)
    at beginWork$1 (/Users/heidsoft/Downloads/research/itsm/itsm-prototype/node_modules/react-dom/cjs/react-dom.development.js:27465:14)
    at performUnitOfWork (/Users/heidsoft/Downloads/research/itsm/itsm-prototype/node_modules/react-dom/cjs/react-dom.development.js:26599:12)
    at workLoopSync (/Users/heidsoft/Downloads/research/itsm/itsm-prototype/node_modules/react-dom/cjs/react-dom.development.js:26505:5)
    at renderRootSync (/Users/heidsoft/Downloads/research/itsm/itsm-prototype/node_modules/react-dom/cjs/react-dom.development.js:26473:7)
    at recoverFromConcurrentError (/Users/heidsoft/Downloads/research/itsm/itsm-prototype/node_modules/react-dom/cjs/react-dom.development.js:25889:20)
    at performConcurrentWorkOnRoot (/Users/heidsoft/Downloads/research/itsm/itsm-prototype/node_modules/react-dom/cjs/react-dom.development.js:25789:22)
    at flushActQueue (/Users/heidsoft/Downloads/research/itsm/itsm-prototype/node_modules/react/cjs/react.development.js:2667:24)
    at act (/Users/heidsoft/Downloads/research/itsm/itsm-prototype/node_modules/react/cjs/react.development.js:2582:11)
    at /Users/heidsoft/Downloads/research/itsm/itsm-prototype/node_modules/@testing-library/react/dist/act-compat.js:47:25
    at renderRoot (/Users/heidsoft/Downloads/research/itsm/itsm-prototype/node_modules/@testing-library/react/dist/pure.js:180:26)
    at render (/Users/heidsoft/Downloads/research/itsm/itsm-prototype/node_modules/@testing-library/react/dist/pure.js:271:10)
    at Object.&lt;anonymous&gt; (/Users/heidsoft/Downloads/research/itsm/itsm-prototype/src/app/login/__tests__/page.test.tsx:227:13)
    at Promise.then.completed (/Users/heidsoft/Downloads/research/itsm/itsm-prototype/node_modules/jest-circus/build/utils.js:298:28)
    at new Promise (&lt;anonymous&gt;)
    at callAsyncCircusFn (/Users/heidsoft/Downloads/research/itsm/itsm-prototype/node_modules/jest-circus/build/utils.js:231:10)
    at _callCircusTest (/Users/heidsoft/Downloads/research/itsm/itsm-prototype/node_modules/jest-circus/build/run.js:316:40)
    at processTicksAndRejections (node:internal/process/task_queues:105:5)
    at _runTest (/Users/heidsoft/Downloads/research/itsm/itsm-prototype/node_modules/jest-circus/build/run.js:252:3)
    at _runTestsForDescribeBlock (/Users/heidsoft/Downloads/research/itsm/itsm-prototype/node_modules/jest-circus/build/run.js:126:9)
    at _runTestsForDescribeBlock (/Users/heidsoft/Downloads/research/itsm/itsm-prototype/node_modules/jest-circus/build/run.js:121:9)
    at _runTestsForDescribeBlock (/Users/heidsoft/Downloads/research/itsm/itsm-prototype/node_modules/jest-circus/build/run.js:121:9)
    at run (/Users/heidsoft/Downloads/research/itsm/itsm-prototype/node_modules/jest-circus/build/run.js:71:3)
    at runAndTransformResultsToJestFormat (/Users/heidsoft/Downloads/research/itsm/itsm-prototype/node_modules/jest-circus/build/legacy-code-todo-rewrite/jestAdapterInit.js:122:21)
    at jestAdapter (/Users/heidsoft/Downloads/research/itsm/itsm-prototype/node_modules/jest-circus/build/legacy-code-todo-rewrite/jestAdapter.js:79:19)
    at runTestInternal (/Users/heidsoft/Downloads/research/itsm/itsm-prototype/node_modules/jest-runner/build/runTest.js:367:16)
    at runTest (/Users/heidsoft/Downloads/research/itsm/itsm-prototype/node_modules/jest-runner/build/runTest.js:444:34)
    at Object.worker (/Users/heidsoft/Downloads/research/itsm/itsm-prototype/node_modules/jest-runner/build/testWorker.js:106:12)</failure>
    </testcase>
    <testcase classname="LoginPage › Form Validation" name="should handle empty form submission" time="0.159">
      <failure>Error: Element type is invalid: expected a string (for built-in components) or a class/function (for composite components) but got: undefined. You likely forgot to export your component from the file it&apos;s defined in, or you might have mixed up default and named imports.

Check the render method of `LoginPage`.
    at createFiberFromTypeAndProps (/Users/heidsoft/Downloads/research/itsm/itsm-prototype/node_modules/react-dom/cjs/react-dom.development.js:28478:17)
    at createFiberFromElement (/Users/heidsoft/Downloads/research/itsm/itsm-prototype/node_modules/react-dom/cjs/react-dom.development.js:28504:15)
    at createChild (/Users/heidsoft/Downloads/research/itsm/itsm-prototype/node_modules/react-dom/cjs/react-dom.development.js:13345:28)
    at reconcileChildrenArray (/Users/heidsoft/Downloads/research/itsm/itsm-prototype/node_modules/react-dom/cjs/react-dom.development.js:13640:25)
    at reconcileChildFibers (/Users/heidsoft/Downloads/research/itsm/itsm-prototype/node_modules/react-dom/cjs/react-dom.development.js:14057:16)
    at reconcileChildren (/Users/heidsoft/Downloads/research/itsm/itsm-prototype/node_modules/react-dom/cjs/react-dom.development.js:19186:28)
    at updateHostComponent (/Users/heidsoft/Downloads/research/itsm/itsm-prototype/node_modules/react-dom/cjs/react-dom.development.js:19953:3)
    at beginWork (/Users/heidsoft/Downloads/research/itsm/itsm-prototype/node_modules/react-dom/cjs/react-dom.development.js:21657:14)
    at beginWork$1 (/Users/heidsoft/Downloads/research/itsm/itsm-prototype/node_modules/react-dom/cjs/react-dom.development.js:27465:14)
    at performUnitOfWork (/Users/heidsoft/Downloads/research/itsm/itsm-prototype/node_modules/react-dom/cjs/react-dom.development.js:26599:12)
    at workLoopSync (/Users/heidsoft/Downloads/research/itsm/itsm-prototype/node_modules/react-dom/cjs/react-dom.development.js:26505:5)
    at renderRootSync (/Users/heidsoft/Downloads/research/itsm/itsm-prototype/node_modules/react-dom/cjs/react-dom.development.js:26473:7)
    at recoverFromConcurrentError (/Users/heidsoft/Downloads/research/itsm/itsm-prototype/node_modules/react-dom/cjs/react-dom.development.js:25889:20)
    at performConcurrentWorkOnRoot (/Users/heidsoft/Downloads/research/itsm/itsm-prototype/node_modules/react-dom/cjs/react-dom.development.js:25789:22)
    at flushActQueue (/Users/heidsoft/Downloads/research/itsm/itsm-prototype/node_modules/react/cjs/react.development.js:2667:24)
    at act (/Users/heidsoft/Downloads/research/itsm/itsm-prototype/node_modules/react/cjs/react.development.js:2582:11)
    at /Users/heidsoft/Downloads/research/itsm/itsm-prototype/node_modules/@testing-library/react/dist/act-compat.js:47:25
    at renderRoot (/Users/heidsoft/Downloads/research/itsm/itsm-prototype/node_modules/@testing-library/react/dist/pure.js:180:26)
    at render (/Users/heidsoft/Downloads/research/itsm/itsm-prototype/node_modules/@testing-library/react/dist/pure.js:271:10)
    at Object.&lt;anonymous&gt; (/Users/heidsoft/Downloads/research/itsm/itsm-prototype/src/app/login/__tests__/page.test.tsx:246:13)
    at Promise.then.completed (/Users/heidsoft/Downloads/research/itsm/itsm-prototype/node_modules/jest-circus/build/utils.js:298:28)
    at new Promise (&lt;anonymous&gt;)
    at callAsyncCircusFn (/Users/heidsoft/Downloads/research/itsm/itsm-prototype/node_modules/jest-circus/build/utils.js:231:10)
    at _callCircusTest (/Users/heidsoft/Downloads/research/itsm/itsm-prototype/node_modules/jest-circus/build/run.js:316:40)
    at processTicksAndRejections (node:internal/process/task_queues:105:5)
    at _runTest (/Users/heidsoft/Downloads/research/itsm/itsm-prototype/node_modules/jest-circus/build/run.js:252:3)
    at _runTestsForDescribeBlock (/Users/heidsoft/Downloads/research/itsm/itsm-prototype/node_modules/jest-circus/build/run.js:126:9)
    at _runTestsForDescribeBlock (/Users/heidsoft/Downloads/research/itsm/itsm-prototype/node_modules/jest-circus/build/run.js:121:9)
    at _runTestsForDescribeBlock (/Users/heidsoft/Downloads/research/itsm/itsm-prototype/node_modules/jest-circus/build/run.js:121:9)
    at run (/Users/heidsoft/Downloads/research/itsm/itsm-prototype/node_modules/jest-circus/build/run.js:71:3)
    at runAndTransformResultsToJestFormat (/Users/heidsoft/Downloads/research/itsm/itsm-prototype/node_modules/jest-circus/build/legacy-code-todo-rewrite/jestAdapterInit.js:122:21)
    at jestAdapter (/Users/heidsoft/Downloads/research/itsm/itsm-prototype/node_modules/jest-circus/build/legacy-code-todo-rewrite/jestAdapter.js:79:19)
    at runTestInternal (/Users/heidsoft/Downloads/research/itsm/itsm-prototype/node_modules/jest-runner/build/runTest.js:367:16)
    at runTest (/Users/heidsoft/Downloads/research/itsm/itsm-prototype/node_modules/jest-runner/build/runTest.js:444:34)
    at Object.worker (/Users/heidsoft/Downloads/research/itsm/itsm-prototype/node_modules/jest-runner/build/testWorker.js:106:12)</failure>
    </testcase>
    <testcase classname="LoginPage › Form Validation" name="should handle partial form data" time="0.156">
      <failure>Error: Element type is invalid: expected a string (for built-in components) or a class/function (for composite components) but got: undefined. You likely forgot to export your component from the file it&apos;s defined in, or you might have mixed up default and named imports.

Check the render method of `LoginPage`.
    at createFiberFromTypeAndProps (/Users/heidsoft/Downloads/research/itsm/itsm-prototype/node_modules/react-dom/cjs/react-dom.development.js:28478:17)
    at createFiberFromElement (/Users/heidsoft/Downloads/research/itsm/itsm-prototype/node_modules/react-dom/cjs/react-dom.development.js:28504:15)
    at createChild (/Users/heidsoft/Downloads/research/itsm/itsm-prototype/node_modules/react-dom/cjs/react-dom.development.js:13345:28)
    at reconcileChildrenArray (/Users/heidsoft/Downloads/research/itsm/itsm-prototype/node_modules/react-dom/cjs/react-dom.development.js:13640:25)
    at reconcileChildFibers (/Users/heidsoft/Downloads/research/itsm/itsm-prototype/node_modules/react-dom/cjs/react-dom.development.js:14057:16)
    at reconcileChildren (/Users/heidsoft/Downloads/research/itsm/itsm-prototype/node_modules/react-dom/cjs/react-dom.development.js:19186:28)
    at updateHostComponent (/Users/heidsoft/Downloads/research/itsm/itsm-prototype/node_modules/react-dom/cjs/react-dom.development.js:19953:3)
    at beginWork (/Users/heidsoft/Downloads/research/itsm/itsm-prototype/node_modules/react-dom/cjs/react-dom.development.js:21657:14)
    at beginWork$1 (/Users/heidsoft/Downloads/research/itsm/itsm-prototype/node_modules/react-dom/cjs/react-dom.development.js:27465:14)
    at performUnitOfWork (/Users/heidsoft/Downloads/research/itsm/itsm-prototype/node_modules/react-dom/cjs/react-dom.development.js:26599:12)
    at workLoopSync (/Users/heidsoft/Downloads/research/itsm/itsm-prototype/node_modules/react-dom/cjs/react-dom.development.js:26505:5)
    at renderRootSync (/Users/heidsoft/Downloads/research/itsm/itsm-prototype/node_modules/react-dom/cjs/react-dom.development.js:26473:7)
    at recoverFromConcurrentError (/Users/heidsoft/Downloads/research/itsm/itsm-prototype/node_modules/react-dom/cjs/react-dom.development.js:25889:20)
    at performConcurrentWorkOnRoot (/Users/heidsoft/Downloads/research/itsm/itsm-prototype/node_modules/react-dom/cjs/react-dom.development.js:25789:22)
    at flushActQueue (/Users/heidsoft/Downloads/research/itsm/itsm-prototype/node_modules/react/cjs/react.development.js:2667:24)
    at act (/Users/heidsoft/Downloads/research/itsm/itsm-prototype/node_modules/react/cjs/react.development.js:2582:11)
    at /Users/heidsoft/Downloads/research/itsm/itsm-prototype/node_modules/@testing-library/react/dist/act-compat.js:47:25
    at renderRoot (/Users/heidsoft/Downloads/research/itsm/itsm-prototype/node_modules/@testing-library/react/dist/pure.js:180:26)
    at render (/Users/heidsoft/Downloads/research/itsm/itsm-prototype/node_modules/@testing-library/react/dist/pure.js:271:10)
    at Object.&lt;anonymous&gt; (/Users/heidsoft/Downloads/research/itsm/itsm-prototype/src/app/login/__tests__/page.test.tsx:257:13)
    at Promise.then.completed (/Users/heidsoft/Downloads/research/itsm/itsm-prototype/node_modules/jest-circus/build/utils.js:298:28)
    at new Promise (&lt;anonymous&gt;)
    at callAsyncCircusFn (/Users/heidsoft/Downloads/research/itsm/itsm-prototype/node_modules/jest-circus/build/utils.js:231:10)
    at _callCircusTest (/Users/heidsoft/Downloads/research/itsm/itsm-prototype/node_modules/jest-circus/build/run.js:316:40)
    at processTicksAndRejections (node:internal/process/task_queues:105:5)
    at _runTest (/Users/heidsoft/Downloads/research/itsm/itsm-prototype/node_modules/jest-circus/build/run.js:252:3)
    at _runTestsForDescribeBlock (/Users/heidsoft/Downloads/research/itsm/itsm-prototype/node_modules/jest-circus/build/run.js:126:9)
    at _runTestsForDescribeBlock (/Users/heidsoft/Downloads/research/itsm/itsm-prototype/node_modules/jest-circus/build/run.js:121:9)
    at _runTestsForDescribeBlock (/Users/heidsoft/Downloads/research/itsm/itsm-prototype/node_modules/jest-circus/build/run.js:121:9)
    at run (/Users/heidsoft/Downloads/research/itsm/itsm-prototype/node_modules/jest-circus/build/run.js:71:3)
    at runAndTransformResultsToJestFormat (/Users/heidsoft/Downloads/research/itsm/itsm-prototype/node_modules/jest-circus/build/legacy-code-todo-rewrite/jestAdapterInit.js:122:21)
    at jestAdapter (/Users/heidsoft/Downloads/research/itsm/itsm-prototype/node_modules/jest-circus/build/legacy-code-todo-rewrite/jestAdapter.js:79:19)
    at runTestInternal (/Users/heidsoft/Downloads/research/itsm/itsm-prototype/node_modules/jest-runner/build/runTest.js:367:16)
    at runTest (/Users/heidsoft/Downloads/research/itsm/itsm-prototype/node_modules/jest-runner/build/runTest.js:444:34)
    at Object.worker (/Users/heidsoft/Downloads/research/itsm/itsm-prototype/node_modules/jest-runner/build/testWorker.js:106:12)</failure>
    </testcase>
    <testcase classname="LoginPage › Accessibility" name="should have proper form accessibility" time="0.16">
      <failure>Error: Element type is invalid: expected a string (for built-in components) or a class/function (for composite components) but got: undefined. You likely forgot to export your component from the file it&apos;s defined in, or you might have mixed up default and named imports.

Check the render method of `LoginPage`.
    at createFiberFromTypeAndProps (/Users/heidsoft/Downloads/research/itsm/itsm-prototype/node_modules/react-dom/cjs/react-dom.development.js:28478:17)
    at createFiberFromElement (/Users/heidsoft/Downloads/research/itsm/itsm-prototype/node_modules/react-dom/cjs/react-dom.development.js:28504:15)
    at createChild (/Users/heidsoft/Downloads/research/itsm/itsm-prototype/node_modules/react-dom/cjs/react-dom.development.js:13345:28)
    at reconcileChildrenArray (/Users/heidsoft/Downloads/research/itsm/itsm-prototype/node_modules/react-dom/cjs/react-dom.development.js:13640:25)
    at reconcileChildFibers (/Users/heidsoft/Downloads/research/itsm/itsm-prototype/node_modules/react-dom/cjs/react-dom.development.js:14057:16)
    at reconcileChildren (/Users/heidsoft/Downloads/research/itsm/itsm-prototype/node_modules/react-dom/cjs/react-dom.development.js:19186:28)
    at updateHostComponent (/Users/heidsoft/Downloads/research/itsm/itsm-prototype/node_modules/react-dom/cjs/react-dom.development.js:19953:3)
    at beginWork (/Users/heidsoft/Downloads/research/itsm/itsm-prototype/node_modules/react-dom/cjs/react-dom.development.js:21657:14)
    at beginWork$1 (/Users/heidsoft/Downloads/research/itsm/itsm-prototype/node_modules/react-dom/cjs/react-dom.development.js:27465:14)
    at performUnitOfWork (/Users/heidsoft/Downloads/research/itsm/itsm-prototype/node_modules/react-dom/cjs/react-dom.development.js:26599:12)
    at workLoopSync (/Users/heidsoft/Downloads/research/itsm/itsm-prototype/node_modules/react-dom/cjs/react-dom.development.js:26505:5)
    at renderRootSync (/Users/heidsoft/Downloads/research/itsm/itsm-prototype/node_modules/react-dom/cjs/react-dom.development.js:26473:7)
    at recoverFromConcurrentError (/Users/heidsoft/Downloads/research/itsm/itsm-prototype/node_modules/react-dom/cjs/react-dom.development.js:25889:20)
    at performConcurrentWorkOnRoot (/Users/heidsoft/Downloads/research/itsm/itsm-prototype/node_modules/react-dom/cjs/react-dom.development.js:25789:22)
    at flushActQueue (/Users/heidsoft/Downloads/research/itsm/itsm-prototype/node_modules/react/cjs/react.development.js:2667:24)
    at act (/Users/heidsoft/Downloads/research/itsm/itsm-prototype/node_modules/react/cjs/react.development.js:2582:11)
    at /Users/heidsoft/Downloads/research/itsm/itsm-prototype/node_modules/@testing-library/react/dist/act-compat.js:47:25
    at renderRoot (/Users/heidsoft/Downloads/research/itsm/itsm-prototype/node_modules/@testing-library/react/dist/pure.js:180:26)
    at render (/Users/heidsoft/Downloads/research/itsm/itsm-prototype/node_modules/@testing-library/react/dist/pure.js:271:10)
    at Object.&lt;anonymous&gt; (/Users/heidsoft/Downloads/research/itsm/itsm-prototype/src/app/login/__tests__/page.test.tsx:271:13)
    at Promise.then.completed (/Users/heidsoft/Downloads/research/itsm/itsm-prototype/node_modules/jest-circus/build/utils.js:298:28)
    at new Promise (&lt;anonymous&gt;)
    at callAsyncCircusFn (/Users/heidsoft/Downloads/research/itsm/itsm-prototype/node_modules/jest-circus/build/utils.js:231:10)
    at _callCircusTest (/Users/heidsoft/Downloads/research/itsm/itsm-prototype/node_modules/jest-circus/build/run.js:316:40)
    at processTicksAndRejections (node:internal/process/task_queues:105:5)
    at _runTest (/Users/heidsoft/Downloads/research/itsm/itsm-prototype/node_modules/jest-circus/build/run.js:252:3)
    at _runTestsForDescribeBlock (/Users/heidsoft/Downloads/research/itsm/itsm-prototype/node_modules/jest-circus/build/run.js:126:9)
    at _runTestsForDescribeBlock (/Users/heidsoft/Downloads/research/itsm/itsm-prototype/node_modules/jest-circus/build/run.js:121:9)
    at _runTestsForDescribeBlock (/Users/heidsoft/Downloads/research/itsm/itsm-prototype/node_modules/jest-circus/build/run.js:121:9)
    at run (/Users/heidsoft/Downloads/research/itsm/itsm-prototype/node_modules/jest-circus/build/run.js:71:3)
    at runAndTransformResultsToJestFormat (/Users/heidsoft/Downloads/research/itsm/itsm-prototype/node_modules/jest-circus/build/legacy-code-todo-rewrite/jestAdapterInit.js:122:21)
    at jestAdapter (/Users/heidsoft/Downloads/research/itsm/itsm-prototype/node_modules/jest-circus/build/legacy-code-todo-rewrite/jestAdapter.js:79:19)
    at runTestInternal (/Users/heidsoft/Downloads/research/itsm/itsm-prototype/node_modules/jest-runner/build/runTest.js:367:16)
    at runTest (/Users/heidsoft/Downloads/research/itsm/itsm-prototype/node_modules/jest-runner/build/runTest.js:444:34)
    at Object.worker (/Users/heidsoft/Downloads/research/itsm/itsm-prototype/node_modules/jest-runner/build/testWorker.js:106:12)</failure>
    </testcase>
    <testcase classname="LoginPage › Accessibility" name="should have proper input types for security" time="0.19">
      <failure>Error: Element type is invalid: expected a string (for built-in components) or a class/function (for composite components) but got: undefined. You likely forgot to export your component from the file it&apos;s defined in, or you might have mixed up default and named imports.

Check the render method of `LoginPage`.
    at createFiberFromTypeAndProps (/Users/heidsoft/Downloads/research/itsm/itsm-prototype/node_modules/react-dom/cjs/react-dom.development.js:28478:17)
    at createFiberFromElement (/Users/heidsoft/Downloads/research/itsm/itsm-prototype/node_modules/react-dom/cjs/react-dom.development.js:28504:15)
    at createChild (/Users/heidsoft/Downloads/research/itsm/itsm-prototype/node_modules/react-dom/cjs/react-dom.development.js:13345:28)
    at reconcileChildrenArray (/Users/heidsoft/Downloads/research/itsm/itsm-prototype/node_modules/react-dom/cjs/react-dom.development.js:13640:25)
    at reconcileChildFibers (/Users/heidsoft/Downloads/research/itsm/itsm-prototype/node_modules/react-dom/cjs/react-dom.development.js:14057:16)
    at reconcileChildren (/Users/heidsoft/Downloads/research/itsm/itsm-prototype/node_modules/react-dom/cjs/react-dom.development.js:19186:28)
    at updateHostComponent (/Users/heidsoft/Downloads/research/itsm/itsm-prototype/node_modules/react-dom/cjs/react-dom.development.js:19953:3)
    at beginWork (/Users/heidsoft/Downloads/research/itsm/itsm-prototype/node_modules/react-dom/cjs/react-dom.development.js:21657:14)
    at beginWork$1 (/Users/heidsoft/Downloads/research/itsm/itsm-prototype/node_modules/react-dom/cjs/react-dom.development.js:27465:14)
    at performUnitOfWork (/Users/heidsoft/Downloads/research/itsm/itsm-prototype/node_modules/react-dom/cjs/react-dom.development.js:26599:12)
    at workLoopSync (/Users/heidsoft/Downloads/research/itsm/itsm-prototype/node_modules/react-dom/cjs/react-dom.development.js:26505:5)
    at renderRootSync (/Users/heidsoft/Downloads/research/itsm/itsm-prototype/node_modules/react-dom/cjs/react-dom.development.js:26473:7)
    at recoverFromConcurrentError (/Users/heidsoft/Downloads/research/itsm/itsm-prototype/node_modules/react-dom/cjs/react-dom.development.js:25889:20)
    at performConcurrentWorkOnRoot (/Users/heidsoft/Downloads/research/itsm/itsm-prototype/node_modules/react-dom/cjs/react-dom.development.js:25789:22)
    at flushActQueue (/Users/heidsoft/Downloads/research/itsm/itsm-prototype/node_modules/react/cjs/react.development.js:2667:24)
    at act (/Users/heidsoft/Downloads/research/itsm/itsm-prototype/node_modules/react/cjs/react.development.js:2582:11)
    at /Users/heidsoft/Downloads/research/itsm/itsm-prototype/node_modules/@testing-library/react/dist/act-compat.js:47:25
    at renderRoot (/Users/heidsoft/Downloads/research/itsm/itsm-prototype/node_modules/@testing-library/react/dist/pure.js:180:26)
    at render (/Users/heidsoft/Downloads/research/itsm/itsm-prototype/node_modules/@testing-library/react/dist/pure.js:271:10)
    at Object.&lt;anonymous&gt; (/Users/heidsoft/Downloads/research/itsm/itsm-prototype/src/app/login/__tests__/page.test.tsx:281:13)
    at Promise.then.completed (/Users/heidsoft/Downloads/research/itsm/itsm-prototype/node_modules/jest-circus/build/utils.js:298:28)
    at new Promise (&lt;anonymous&gt;)
    at callAsyncCircusFn (/Users/heidsoft/Downloads/research/itsm/itsm-prototype/node_modules/jest-circus/build/utils.js:231:10)
    at _callCircusTest (/Users/heidsoft/Downloads/research/itsm/itsm-prototype/node_modules/jest-circus/build/run.js:316:40)
    at processTicksAndRejections (node:internal/process/task_queues:105:5)
    at _runTest (/Users/heidsoft/Downloads/research/itsm/itsm-prototype/node_modules/jest-circus/build/run.js:252:3)
    at _runTestsForDescribeBlock (/Users/heidsoft/Downloads/research/itsm/itsm-prototype/node_modules/jest-circus/build/run.js:126:9)
    at _runTestsForDescribeBlock (/Users/heidsoft/Downloads/research/itsm/itsm-prototype/node_modules/jest-circus/build/run.js:121:9)
    at _runTestsForDescribeBlock (/Users/heidsoft/Downloads/research/itsm/itsm-prototype/node_modules/jest-circus/build/run.js:121:9)
    at run (/Users/heidsoft/Downloads/research/itsm/itsm-prototype/node_modules/jest-circus/build/run.js:71:3)
    at runAndTransformResultsToJestFormat (/Users/heidsoft/Downloads/research/itsm/itsm-prototype/node_modules/jest-circus/build/legacy-code-todo-rewrite/jestAdapterInit.js:122:21)
    at jestAdapter (/Users/heidsoft/Downloads/research/itsm/itsm-prototype/node_modules/jest-circus/build/legacy-code-todo-rewrite/jestAdapter.js:79:19)
    at runTestInternal (/Users/heidsoft/Downloads/research/itsm/itsm-prototype/node_modules/jest-runner/build/runTest.js:367:16)
    at runTest (/Users/heidsoft/Downloads/research/itsm/itsm-prototype/node_modules/jest-runner/build/runTest.js:444:34)
    at Object.worker (/Users/heidsoft/Downloads/research/itsm/itsm-prototype/node_modules/jest-runner/build/testWorker.js:106:12)</failure>
    </testcase>
    <testcase classname="LoginPage › Edge Cases" name="should handle AuthService returning undefined" time="0.156">
      <failure>Error: Element type is invalid: expected a string (for built-in components) or a class/function (for composite components) but got: undefined. You likely forgot to export your component from the file it&apos;s defined in, or you might have mixed up default and named imports.

Check the render method of `LoginPage`.
    at createFiberFromTypeAndProps (/Users/heidsoft/Downloads/research/itsm/itsm-prototype/node_modules/react-dom/cjs/react-dom.development.js:28478:17)
    at createFiberFromElement (/Users/heidsoft/Downloads/research/itsm/itsm-prototype/node_modules/react-dom/cjs/react-dom.development.js:28504:15)
    at createChild (/Users/heidsoft/Downloads/research/itsm/itsm-prototype/node_modules/react-dom/cjs/react-dom.development.js:13345:28)
    at reconcileChildrenArray (/Users/heidsoft/Downloads/research/itsm/itsm-prototype/node_modules/react-dom/cjs/react-dom.development.js:13640:25)
    at reconcileChildFibers (/Users/heidsoft/Downloads/research/itsm/itsm-prototype/node_modules/react-dom/cjs/react-dom.development.js:14057:16)
    at reconcileChildren (/Users/heidsoft/Downloads/research/itsm/itsm-prototype/node_modules/react-dom/cjs/react-dom.development.js:19186:28)
    at updateHostComponent (/Users/heidsoft/Downloads/research/itsm/itsm-prototype/node_modules/react-dom/cjs/react-dom.development.js:19953:3)
    at beginWork (/Users/heidsoft/Downloads/research/itsm/itsm-prototype/node_modules/react-dom/cjs/react-dom.development.js:21657:14)
    at beginWork$1 (/Users/heidsoft/Downloads/research/itsm/itsm-prototype/node_modules/react-dom/cjs/react-dom.development.js:27465:14)
    at performUnitOfWork (/Users/heidsoft/Downloads/research/itsm/itsm-prototype/node_modules/react-dom/cjs/react-dom.development.js:26599:12)
    at workLoopSync (/Users/heidsoft/Downloads/research/itsm/itsm-prototype/node_modules/react-dom/cjs/react-dom.development.js:26505:5)
    at renderRootSync (/Users/heidsoft/Downloads/research/itsm/itsm-prototype/node_modules/react-dom/cjs/react-dom.development.js:26473:7)
    at recoverFromConcurrentError (/Users/heidsoft/Downloads/research/itsm/itsm-prototype/node_modules/react-dom/cjs/react-dom.development.js:25889:20)
    at performConcurrentWorkOnRoot (/Users/heidsoft/Downloads/research/itsm/itsm-prototype/node_modules/react-dom/cjs/react-dom.development.js:25789:22)
    at flushActQueue (/Users/heidsoft/Downloads/research/itsm/itsm-prototype/node_modules/react/cjs/react.development.js:2667:24)
    at act (/Users/heidsoft/Downloads/research/itsm/itsm-prototype/node_modules/react/cjs/react.development.js:2582:11)
    at /Users/heidsoft/Downloads/research/itsm/itsm-prototype/node_modules/@testing-library/react/dist/act-compat.js:47:25
    at renderRoot (/Users/heidsoft/Downloads/research/itsm/itsm-prototype/node_modules/@testing-library/react/dist/pure.js:180:26)
    at render (/Users/heidsoft/Downloads/research/itsm/itsm-prototype/node_modules/@testing-library/react/dist/pure.js:271:10)
    at Object.&lt;anonymous&gt; (/Users/heidsoft/Downloads/research/itsm/itsm-prototype/src/app/login/__tests__/page.test.tsx:293:13)
    at Promise.then.completed (/Users/heidsoft/Downloads/research/itsm/itsm-prototype/node_modules/jest-circus/build/utils.js:298:28)
    at new Promise (&lt;anonymous&gt;)
    at callAsyncCircusFn (/Users/heidsoft/Downloads/research/itsm/itsm-prototype/node_modules/jest-circus/build/utils.js:231:10)
    at _callCircusTest (/Users/heidsoft/Downloads/research/itsm/itsm-prototype/node_modules/jest-circus/build/run.js:316:40)
    at processTicksAndRejections (node:internal/process/task_queues:105:5)
    at _runTest (/Users/heidsoft/Downloads/research/itsm/itsm-prototype/node_modules/jest-circus/build/run.js:252:3)
    at _runTestsForDescribeBlock (/Users/heidsoft/Downloads/research/itsm/itsm-prototype/node_modules/jest-circus/build/run.js:126:9)
    at _runTestsForDescribeBlock (/Users/heidsoft/Downloads/research/itsm/itsm-prototype/node_modules/jest-circus/build/run.js:121:9)
    at _runTestsForDescribeBlock (/Users/heidsoft/Downloads/research/itsm/itsm-prototype/node_modules/jest-circus/build/run.js:121:9)
    at run (/Users/heidsoft/Downloads/research/itsm/itsm-prototype/node_modules/jest-circus/build/run.js:71:3)
    at runAndTransformResultsToJestFormat (/Users/heidsoft/Downloads/research/itsm/itsm-prototype/node_modules/jest-circus/build/legacy-code-todo-rewrite/jestAdapterInit.js:122:21)
    at jestAdapter (/Users/heidsoft/Downloads/research/itsm/itsm-prototype/node_modules/jest-circus/build/legacy-code-todo-rewrite/jestAdapter.js:79:19)
    at runTestInternal (/Users/heidsoft/Downloads/research/itsm/itsm-prototype/node_modules/jest-runner/build/runTest.js:367:16)
    at runTest (/Users/heidsoft/Downloads/research/itsm/itsm-prototype/node_modules/jest-runner/build/runTest.js:444:34)
    at Object.worker (/Users/heidsoft/Downloads/research/itsm/itsm-prototype/node_modules/jest-runner/build/testWorker.js:106:12)</failure>
    </testcase>
    <testcase classname="LoginPage › Edge Cases" name="should handle very long input values" time="0.153">
      <failure>Error: Element type is invalid: expected a string (for built-in components) or a class/function (for composite components) but got: undefined. You likely forgot to export your component from the file it&apos;s defined in, or you might have mixed up default and named imports.

Check the render method of `LoginPage`.
    at createFiberFromTypeAndProps (/Users/heidsoft/Downloads/research/itsm/itsm-prototype/node_modules/react-dom/cjs/react-dom.development.js:28478:17)
    at createFiberFromElement (/Users/heidsoft/Downloads/research/itsm/itsm-prototype/node_modules/react-dom/cjs/react-dom.development.js:28504:15)
    at createChild (/Users/heidsoft/Downloads/research/itsm/itsm-prototype/node_modules/react-dom/cjs/react-dom.development.js:13345:28)
    at reconcileChildrenArray (/Users/heidsoft/Downloads/research/itsm/itsm-prototype/node_modules/react-dom/cjs/react-dom.development.js:13640:25)
    at reconcileChildFibers (/Users/heidsoft/Downloads/research/itsm/itsm-prototype/node_modules/react-dom/cjs/react-dom.development.js:14057:16)
    at reconcileChildren (/Users/heidsoft/Downloads/research/itsm/itsm-prototype/node_modules/react-dom/cjs/react-dom.development.js:19186:28)
    at updateHostComponent (/Users/heidsoft/Downloads/research/itsm/itsm-prototype/node_modules/react-dom/cjs/react-dom.development.js:19953:3)
    at beginWork (/Users/heidsoft/Downloads/research/itsm/itsm-prototype/node_modules/react-dom/cjs/react-dom.development.js:21657:14)
    at beginWork$1 (/Users/heidsoft/Downloads/research/itsm/itsm-prototype/node_modules/react-dom/cjs/react-dom.development.js:27465:14)
    at performUnitOfWork (/Users/heidsoft/Downloads/research/itsm/itsm-prototype/node_modules/react-dom/cjs/react-dom.development.js:26599:12)
    at workLoopSync (/Users/heidsoft/Downloads/research/itsm/itsm-prototype/node_modules/react-dom/cjs/react-dom.development.js:26505:5)
    at renderRootSync (/Users/heidsoft/Downloads/research/itsm/itsm-prototype/node_modules/react-dom/cjs/react-dom.development.js:26473:7)
    at recoverFromConcurrentError (/Users/heidsoft/Downloads/research/itsm/itsm-prototype/node_modules/react-dom/cjs/react-dom.development.js:25889:20)
    at performConcurrentWorkOnRoot (/Users/heidsoft/Downloads/research/itsm/itsm-prototype/node_modules/react-dom/cjs/react-dom.development.js:25789:22)
    at flushActQueue (/Users/heidsoft/Downloads/research/itsm/itsm-prototype/node_modules/react/cjs/react.development.js:2667:24)
    at act (/Users/heidsoft/Downloads/research/itsm/itsm-prototype/node_modules/react/cjs/react.development.js:2582:11)
    at /Users/heidsoft/Downloads/research/itsm/itsm-prototype/node_modules/@testing-library/react/dist/act-compat.js:47:25
    at renderRoot (/Users/heidsoft/Downloads/research/itsm/itsm-prototype/node_modules/@testing-library/react/dist/pure.js:180:26)
    at render (/Users/heidsoft/Downloads/research/itsm/itsm-prototype/node_modules/@testing-library/react/dist/pure.js:271:10)
    at Object.&lt;anonymous&gt; (/Users/heidsoft/Downloads/research/itsm/itsm-prototype/src/app/login/__tests__/page.test.tsx:310:13)
    at Promise.then.completed (/Users/heidsoft/Downloads/research/itsm/itsm-prototype/node_modules/jest-circus/build/utils.js:298:28)
    at new Promise (&lt;anonymous&gt;)
    at callAsyncCircusFn (/Users/heidsoft/Downloads/research/itsm/itsm-prototype/node_modules/jest-circus/build/utils.js:231:10)
    at _callCircusTest (/Users/heidsoft/Downloads/research/itsm/itsm-prototype/node_modules/jest-circus/build/run.js:316:40)
    at processTicksAndRejections (node:internal/process/task_queues:105:5)
    at _runTest (/Users/heidsoft/Downloads/research/itsm/itsm-prototype/node_modules/jest-circus/build/run.js:252:3)
    at _runTestsForDescribeBlock (/Users/heidsoft/Downloads/research/itsm/itsm-prototype/node_modules/jest-circus/build/run.js:126:9)
    at _runTestsForDescribeBlock (/Users/heidsoft/Downloads/research/itsm/itsm-prototype/node_modules/jest-circus/build/run.js:121:9)
    at _runTestsForDescribeBlock (/Users/heidsoft/Downloads/research/itsm/itsm-prototype/node_modules/jest-circus/build/run.js:121:9)
    at run (/Users/heidsoft/Downloads/research/itsm/itsm-prototype/node_modules/jest-circus/build/run.js:71:3)
    at runAndTransformResultsToJestFormat (/Users/heidsoft/Downloads/research/itsm/itsm-prototype/node_modules/jest-circus/build/legacy-code-todo-rewrite/jestAdapterInit.js:122:21)
    at jestAdapter (/Users/heidsoft/Downloads/research/itsm/itsm-prototype/node_modules/jest-circus/build/legacy-code-todo-rewrite/jestAdapter.js:79:19)
    at runTestInternal (/Users/heidsoft/Downloads/research/itsm/itsm-prototype/node_modules/jest-runner/build/runTest.js:367:16)
    at runTest (/Users/heidsoft/Downloads/research/itsm/itsm-prototype/node_modules/jest-runner/build/runTest.js:444:34)
    at Object.worker (/Users/heidsoft/Downloads/research/itsm/itsm-prototype/node_modules/jest-runner/build/testWorker.js:106:12)</failure>
    </testcase>
    <testcase classname="LoginPage › Edge Cases" name="should handle special characters in input" time="0.15">
      <failure>Error: Element type is invalid: expected a string (for built-in components) or a class/function (for composite components) but got: undefined. You likely forgot to export your component from the file it&apos;s defined in, or you might have mixed up default and named imports.

Check the render method of `LoginPage`.
    at createFiberFromTypeAndProps (/Users/heidsoft/Downloads/research/itsm/itsm-prototype/node_modules/react-dom/cjs/react-dom.development.js:28478:17)
    at createFiberFromElement (/Users/heidsoft/Downloads/research/itsm/itsm-prototype/node_modules/react-dom/cjs/react-dom.development.js:28504:15)
    at createChild (/Users/heidsoft/Downloads/research/itsm/itsm-prototype/node_modules/react-dom/cjs/react-dom.development.js:13345:28)
    at reconcileChildrenArray (/Users/heidsoft/Downloads/research/itsm/itsm-prototype/node_modules/react-dom/cjs/react-dom.development.js:13640:25)
    at reconcileChildFibers (/Users/heidsoft/Downloads/research/itsm/itsm-prototype/node_modules/react-dom/cjs/react-dom.development.js:14057:16)
    at reconcileChildren (/Users/heidsoft/Downloads/research/itsm/itsm-prototype/node_modules/react-dom/cjs/react-dom.development.js:19186:28)
    at updateHostComponent (/Users/heidsoft/Downloads/research/itsm/itsm-prototype/node_modules/react-dom/cjs/react-dom.development.js:19953:3)
    at beginWork (/Users/heidsoft/Downloads/research/itsm/itsm-prototype/node_modules/react-dom/cjs/react-dom.development.js:21657:14)
    at beginWork$1 (/Users/heidsoft/Downloads/research/itsm/itsm-prototype/node_modules/react-dom/cjs/react-dom.development.js:27465:14)
    at performUnitOfWork (/Users/heidsoft/Downloads/research/itsm/itsm-prototype/node_modules/react-dom/cjs/react-dom.development.js:26599:12)
    at workLoopSync (/Users/heidsoft/Downloads/research/itsm/itsm-prototype/node_modules/react-dom/cjs/react-dom.development.js:26505:5)
    at renderRootSync (/Users/heidsoft/Downloads/research/itsm/itsm-prototype/node_modules/react-dom/cjs/react-dom.development.js:26473:7)
    at recoverFromConcurrentError (/Users/heidsoft/Downloads/research/itsm/itsm-prototype/node_modules/react-dom/cjs/react-dom.development.js:25889:20)
    at performConcurrentWorkOnRoot (/Users/heidsoft/Downloads/research/itsm/itsm-prototype/node_modules/react-dom/cjs/react-dom.development.js:25789:22)
    at flushActQueue (/Users/heidsoft/Downloads/research/itsm/itsm-prototype/node_modules/react/cjs/react.development.js:2667:24)
    at act (/Users/heidsoft/Downloads/research/itsm/itsm-prototype/node_modules/react/cjs/react.development.js:2582:11)
    at /Users/heidsoft/Downloads/research/itsm/itsm-prototype/node_modules/@testing-library/react/dist/act-compat.js:47:25
    at renderRoot (/Users/heidsoft/Downloads/research/itsm/itsm-prototype/node_modules/@testing-library/react/dist/pure.js:180:26)
    at render (/Users/heidsoft/Downloads/research/itsm/itsm-prototype/node_modules/@testing-library/react/dist/pure.js:271:10)
    at Object.&lt;anonymous&gt; (/Users/heidsoft/Downloads/research/itsm/itsm-prototype/src/app/login/__tests__/page.test.tsx:321:13)
    at Promise.then.completed (/Users/heidsoft/Downloads/research/itsm/itsm-prototype/node_modules/jest-circus/build/utils.js:298:28)
    at new Promise (&lt;anonymous&gt;)
    at callAsyncCircusFn (/Users/heidsoft/Downloads/research/itsm/itsm-prototype/node_modules/jest-circus/build/utils.js:231:10)
    at _callCircusTest (/Users/heidsoft/Downloads/research/itsm/itsm-prototype/node_modules/jest-circus/build/run.js:316:40)
    at processTicksAndRejections (node:internal/process/task_queues:105:5)
    at _runTest (/Users/heidsoft/Downloads/research/itsm/itsm-prototype/node_modules/jest-circus/build/run.js:252:3)
    at _runTestsForDescribeBlock (/Users/heidsoft/Downloads/research/itsm/itsm-prototype/node_modules/jest-circus/build/run.js:126:9)
    at _runTestsForDescribeBlock (/Users/heidsoft/Downloads/research/itsm/itsm-prototype/node_modules/jest-circus/build/run.js:121:9)
    at _runTestsForDescribeBlock (/Users/heidsoft/Downloads/research/itsm/itsm-prototype/node_modules/jest-circus/build/run.js:121:9)
    at run (/Users/heidsoft/Downloads/research/itsm/itsm-prototype/node_modules/jest-circus/build/run.js:71:3)
    at runAndTransformResultsToJestFormat (/Users/heidsoft/Downloads/research/itsm/itsm-prototype/node_modules/jest-circus/build/legacy-code-todo-rewrite/jestAdapterInit.js:122:21)
    at jestAdapter (/Users/heidsoft/Downloads/research/itsm/itsm-prototype/node_modules/jest-circus/build/legacy-code-todo-rewrite/jestAdapter.js:79:19)
    at runTestInternal (/Users/heidsoft/Downloads/research/itsm/itsm-prototype/node_modules/jest-runner/build/runTest.js:367:16)
    at runTest (/Users/heidsoft/Downloads/research/itsm/itsm-prototype/node_modules/jest-runner/build/runTest.js:444:34)
    at Object.worker (/Users/heidsoft/Downloads/research/itsm/itsm-prototype/node_modules/jest-runner/build/testWorker.js:106:12)</failure>
    </testcase>
  </testsuite>
  <testsuite name="src/app/__tests__/e2e/ticket-workflow.e2e.test.tsx" errors="0" failures="10" skipped="0" timestamp="2025-10-05T00:15:08" time="7.018" tests="11">
    <testcase classname="工单管理端到端测试 › 基础功能测试" name="应该正确渲染工单列表页面" time="0.174">
      <failure>Error: Element type is invalid: expected a string (for built-in components) or a class/function (for composite components) but got: object.
    at createFiberFromTypeAndProps (/Users/heidsoft/Downloads/research/itsm/itsm-prototype/node_modules/react-dom/cjs/react-dom.development.js:28478:17)
    at createFiberFromElement (/Users/heidsoft/Downloads/research/itsm/itsm-prototype/node_modules/react-dom/cjs/react-dom.development.js:28504:15)
    at createChild (/Users/heidsoft/Downloads/research/itsm/itsm-prototype/node_modules/react-dom/cjs/react-dom.development.js:13345:28)
    at reconcileChildrenArray (/Users/heidsoft/Downloads/research/itsm/itsm-prototype/node_modules/react-dom/cjs/react-dom.development.js:13640:25)
    at reconcileChildFibers (/Users/heidsoft/Downloads/research/itsm/itsm-prototype/node_modules/react-dom/cjs/react-dom.development.js:14057:16)
    at reconcileChildren (/Users/heidsoft/Downloads/research/itsm/itsm-prototype/node_modules/react-dom/cjs/react-dom.development.js:19186:28)
    at updateContextProvider (/Users/heidsoft/Downloads/research/itsm/itsm-prototype/node_modules/react-dom/cjs/react-dom.development.js:21193:3)
    at beginWork (/Users/heidsoft/Downloads/research/itsm/itsm-prototype/node_modules/react-dom/cjs/react-dom.development.js:21688:14)
    at beginWork$1 (/Users/heidsoft/Downloads/research/itsm/itsm-prototype/node_modules/react-dom/cjs/react-dom.development.js:27465:14)
    at performUnitOfWork (/Users/heidsoft/Downloads/research/itsm/itsm-prototype/node_modules/react-dom/cjs/react-dom.development.js:26599:12)
    at workLoopSync (/Users/heidsoft/Downloads/research/itsm/itsm-prototype/node_modules/react-dom/cjs/react-dom.development.js:26505:5)
    at renderRootSync (/Users/heidsoft/Downloads/research/itsm/itsm-prototype/node_modules/react-dom/cjs/react-dom.development.js:26473:7)
    at recoverFromConcurrentError (/Users/heidsoft/Downloads/research/itsm/itsm-prototype/node_modules/react-dom/cjs/react-dom.development.js:25889:20)
    at performConcurrentWorkOnRoot (/Users/heidsoft/Downloads/research/itsm/itsm-prototype/node_modules/react-dom/cjs/react-dom.development.js:25789:22)
    at flushActQueue (/Users/heidsoft/Downloads/research/itsm/itsm-prototype/node_modules/react/cjs/react.development.js:2667:24)
    at act (/Users/heidsoft/Downloads/research/itsm/itsm-prototype/node_modules/react/cjs/react.development.js:2582:11)
    at /Users/heidsoft/Downloads/research/itsm/itsm-prototype/node_modules/@testing-library/react/dist/act-compat.js:47:25
    at renderRoot (/Users/heidsoft/Downloads/research/itsm/itsm-prototype/node_modules/@testing-library/react/dist/pure.js:180:26)
    at render (/Users/heidsoft/Downloads/research/itsm/itsm-prototype/node_modules/@testing-library/react/dist/pure.js:271:10)
    at Object.&lt;anonymous&gt; (/Users/heidsoft/Downloads/research/itsm/itsm-prototype/src/app/__tests__/e2e/ticket-workflow.e2e.test.tsx:97:13)
    at processTicksAndRejections (node:internal/process/task_queues:105:5)</failure>
    </testcase>
    <testcase classname="工单管理端到端测试 › 基础功能测试" name="应该正确渲染仪表板页面" time="0.024">
      <failure>Error: Element type is invalid: expected a string (for built-in components) or a class/function (for composite components) but got: object.
    at createFiberFromTypeAndProps (/Users/heidsoft/Downloads/research/itsm/itsm-prototype/node_modules/react-dom/cjs/react-dom.development.js:28478:17)
    at createFiberFromElement (/Users/heidsoft/Downloads/research/itsm/itsm-prototype/node_modules/react-dom/cjs/react-dom.development.js:28504:15)
    at createChild (/Users/heidsoft/Downloads/research/itsm/itsm-prototype/node_modules/react-dom/cjs/react-dom.development.js:13345:28)
    at reconcileChildrenArray (/Users/heidsoft/Downloads/research/itsm/itsm-prototype/node_modules/react-dom/cjs/react-dom.development.js:13640:25)
    at reconcileChildFibers (/Users/heidsoft/Downloads/research/itsm/itsm-prototype/node_modules/react-dom/cjs/react-dom.development.js:14057:16)
    at reconcileChildren (/Users/heidsoft/Downloads/research/itsm/itsm-prototype/node_modules/react-dom/cjs/react-dom.development.js:19186:28)
    at updateContextProvider (/Users/heidsoft/Downloads/research/itsm/itsm-prototype/node_modules/react-dom/cjs/react-dom.development.js:21193:3)
    at beginWork (/Users/heidsoft/Downloads/research/itsm/itsm-prototype/node_modules/react-dom/cjs/react-dom.development.js:21688:14)
    at beginWork$1 (/Users/heidsoft/Downloads/research/itsm/itsm-prototype/node_modules/react-dom/cjs/react-dom.development.js:27465:14)
    at performUnitOfWork (/Users/heidsoft/Downloads/research/itsm/itsm-prototype/node_modules/react-dom/cjs/react-dom.development.js:26599:12)
    at workLoopSync (/Users/heidsoft/Downloads/research/itsm/itsm-prototype/node_modules/react-dom/cjs/react-dom.development.js:26505:5)
    at renderRootSync (/Users/heidsoft/Downloads/research/itsm/itsm-prototype/node_modules/react-dom/cjs/react-dom.development.js:26473:7)
    at recoverFromConcurrentError (/Users/heidsoft/Downloads/research/itsm/itsm-prototype/node_modules/react-dom/cjs/react-dom.development.js:25889:20)
    at performConcurrentWorkOnRoot (/Users/heidsoft/Downloads/research/itsm/itsm-prototype/node_modules/react-dom/cjs/react-dom.development.js:25789:22)
    at flushActQueue (/Users/heidsoft/Downloads/research/itsm/itsm-prototype/node_modules/react/cjs/react.development.js:2667:24)
    at act (/Users/heidsoft/Downloads/research/itsm/itsm-prototype/node_modules/react/cjs/react.development.js:2582:11)
    at /Users/heidsoft/Downloads/research/itsm/itsm-prototype/node_modules/@testing-library/react/dist/act-compat.js:47:25
    at renderRoot (/Users/heidsoft/Downloads/research/itsm/itsm-prototype/node_modules/@testing-library/react/dist/pure.js:180:26)
    at render (/Users/heidsoft/Downloads/research/itsm/itsm-prototype/node_modules/@testing-library/react/dist/pure.js:271:10)
    at Object.&lt;anonymous&gt; (/Users/heidsoft/Downloads/research/itsm/itsm-prototype/src/app/__tests__/e2e/ticket-workflow.e2e.test.tsx:112:13)
    at processTicksAndRejections (node:internal/process/task_queues:105:5)</failure>
    </testcase>
    <testcase classname="工单管理端到端测试 › 基础功能测试" name="应该支持用户交互" time="0.024">
      <failure>Error: Element type is invalid: expected a string (for built-in components) or a class/function (for composite components) but got: object.
    at createFiberFromTypeAndProps (/Users/heidsoft/Downloads/research/itsm/itsm-prototype/node_modules/react-dom/cjs/react-dom.development.js:28478:17)
    at createFiberFromElement (/Users/heidsoft/Downloads/research/itsm/itsm-prototype/node_modules/react-dom/cjs/react-dom.development.js:28504:15)
    at createChild (/Users/heidsoft/Downloads/research/itsm/itsm-prototype/node_modules/react-dom/cjs/react-dom.development.js:13345:28)
    at reconcileChildrenArray (/Users/heidsoft/Downloads/research/itsm/itsm-prototype/node_modules/react-dom/cjs/react-dom.development.js:13640:25)
    at reconcileChildFibers (/Users/heidsoft/Downloads/research/itsm/itsm-prototype/node_modules/react-dom/cjs/react-dom.development.js:14057:16)
    at reconcileChildren (/Users/heidsoft/Downloads/research/itsm/itsm-prototype/node_modules/react-dom/cjs/react-dom.development.js:19186:28)
    at updateContextProvider (/Users/heidsoft/Downloads/research/itsm/itsm-prototype/node_modules/react-dom/cjs/react-dom.development.js:21193:3)
    at beginWork (/Users/heidsoft/Downloads/research/itsm/itsm-prototype/node_modules/react-dom/cjs/react-dom.development.js:21688:14)
    at beginWork$1 (/Users/heidsoft/Downloads/research/itsm/itsm-prototype/node_modules/react-dom/cjs/react-dom.development.js:27465:14)
    at performUnitOfWork (/Users/heidsoft/Downloads/research/itsm/itsm-prototype/node_modules/react-dom/cjs/react-dom.development.js:26599:12)
    at workLoopSync (/Users/heidsoft/Downloads/research/itsm/itsm-prototype/node_modules/react-dom/cjs/react-dom.development.js:26505:5)
    at renderRootSync (/Users/heidsoft/Downloads/research/itsm/itsm-prototype/node_modules/react-dom/cjs/react-dom.development.js:26473:7)
    at recoverFromConcurrentError (/Users/heidsoft/Downloads/research/itsm/itsm-prototype/node_modules/react-dom/cjs/react-dom.development.js:25889:20)
    at performConcurrentWorkOnRoot (/Users/heidsoft/Downloads/research/itsm/itsm-prototype/node_modules/react-dom/cjs/react-dom.development.js:25789:22)
    at flushActQueue (/Users/heidsoft/Downloads/research/itsm/itsm-prototype/node_modules/react/cjs/react.development.js:2667:24)
    at act (/Users/heidsoft/Downloads/research/itsm/itsm-prototype/node_modules/react/cjs/react.development.js:2582:11)
    at /Users/heidsoft/Downloads/research/itsm/itsm-prototype/node_modules/@testing-library/react/dist/act-compat.js:47:25
    at renderRoot (/Users/heidsoft/Downloads/research/itsm/itsm-prototype/node_modules/@testing-library/react/dist/pure.js:180:26)
    at render (/Users/heidsoft/Downloads/research/itsm/itsm-prototype/node_modules/@testing-library/react/dist/pure.js:271:10)
    at Object.&lt;anonymous&gt; (/Users/heidsoft/Downloads/research/itsm/itsm-prototype/src/app/__tests__/e2e/ticket-workflow.e2e.test.tsx:127:13)
    at processTicksAndRejections (node:internal/process/task_queues:105:5)</failure>
    </testcase>
    <testcase classname="工单管理端到端测试 › 数据加载测试" name="应该正确处理工单数据" time="0.019">
      <failure>Error: Element type is invalid: expected a string (for built-in components) or a class/function (for composite components) but got: object.
    at createFiberFromTypeAndProps (/Users/heidsoft/Downloads/research/itsm/itsm-prototype/node_modules/react-dom/cjs/react-dom.development.js:28478:17)
    at createFiberFromElement (/Users/heidsoft/Downloads/research/itsm/itsm-prototype/node_modules/react-dom/cjs/react-dom.development.js:28504:15)
    at createChild (/Users/heidsoft/Downloads/research/itsm/itsm-prototype/node_modules/react-dom/cjs/react-dom.development.js:13345:28)
    at reconcileChildrenArray (/Users/heidsoft/Downloads/research/itsm/itsm-prototype/node_modules/react-dom/cjs/react-dom.development.js:13640:25)
    at reconcileChildFibers (/Users/heidsoft/Downloads/research/itsm/itsm-prototype/node_modules/react-dom/cjs/react-dom.development.js:14057:16)
    at reconcileChildren (/Users/heidsoft/Downloads/research/itsm/itsm-prototype/node_modules/react-dom/cjs/react-dom.development.js:19186:28)
    at updateContextProvider (/Users/heidsoft/Downloads/research/itsm/itsm-prototype/node_modules/react-dom/cjs/react-dom.development.js:21193:3)
    at beginWork (/Users/heidsoft/Downloads/research/itsm/itsm-prototype/node_modules/react-dom/cjs/react-dom.development.js:21688:14)
    at beginWork$1 (/Users/heidsoft/Downloads/research/itsm/itsm-prototype/node_modules/react-dom/cjs/react-dom.development.js:27465:14)
    at performUnitOfWork (/Users/heidsoft/Downloads/research/itsm/itsm-prototype/node_modules/react-dom/cjs/react-dom.development.js:26599:12)
    at workLoopSync (/Users/heidsoft/Downloads/research/itsm/itsm-prototype/node_modules/react-dom/cjs/react-dom.development.js:26505:5)
    at renderRootSync (/Users/heidsoft/Downloads/research/itsm/itsm-prototype/node_modules/react-dom/cjs/react-dom.development.js:26473:7)
    at recoverFromConcurrentError (/Users/heidsoft/Downloads/research/itsm/itsm-prototype/node_modules/react-dom/cjs/react-dom.development.js:25889:20)
    at performConcurrentWorkOnRoot (/Users/heidsoft/Downloads/research/itsm/itsm-prototype/node_modules/react-dom/cjs/react-dom.development.js:25789:22)
    at flushActQueue (/Users/heidsoft/Downloads/research/itsm/itsm-prototype/node_modules/react/cjs/react.development.js:2667:24)
    at act (/Users/heidsoft/Downloads/research/itsm/itsm-prototype/node_modules/react/cjs/react.development.js:2582:11)
    at /Users/heidsoft/Downloads/research/itsm/itsm-prototype/node_modules/@testing-library/react/dist/act-compat.js:47:25
    at renderRoot (/Users/heidsoft/Downloads/research/itsm/itsm-prototype/node_modules/@testing-library/react/dist/pure.js:180:26)
    at render (/Users/heidsoft/Downloads/research/itsm/itsm-prototype/node_modules/@testing-library/react/dist/pure.js:271:10)
    at Object.&lt;anonymous&gt; (/Users/heidsoft/Downloads/research/itsm/itsm-prototype/src/app/__tests__/e2e/ticket-workflow.e2e.test.tsx:145:13)
    at processTicksAndRejections (node:internal/process/task_queues:105:5)</failure>
    </testcase>
    <testcase classname="工单管理端到端测试 › 数据加载测试" name="应该正确处理统计数据" time="0.021">
      <failure>Error: Element type is invalid: expected a string (for built-in components) or a class/function (for composite components) but got: object.
    at createFiberFromTypeAndProps (/Users/heidsoft/Downloads/research/itsm/itsm-prototype/node_modules/react-dom/cjs/react-dom.development.js:28478:17)
    at createFiberFromElement (/Users/heidsoft/Downloads/research/itsm/itsm-prototype/node_modules/react-dom/cjs/react-dom.development.js:28504:15)
    at createChild (/Users/heidsoft/Downloads/research/itsm/itsm-prototype/node_modules/react-dom/cjs/react-dom.development.js:13345:28)
    at reconcileChildrenArray (/Users/heidsoft/Downloads/research/itsm/itsm-prototype/node_modules/react-dom/cjs/react-dom.development.js:13640:25)
    at reconcileChildFibers (/Users/heidsoft/Downloads/research/itsm/itsm-prototype/node_modules/react-dom/cjs/react-dom.development.js:14057:16)
    at reconcileChildren (/Users/heidsoft/Downloads/research/itsm/itsm-prototype/node_modules/react-dom/cjs/react-dom.development.js:19186:28)
    at updateContextProvider (/Users/heidsoft/Downloads/research/itsm/itsm-prototype/node_modules/react-dom/cjs/react-dom.development.js:21193:3)
    at beginWork (/Users/heidsoft/Downloads/research/itsm/itsm-prototype/node_modules/react-dom/cjs/react-dom.development.js:21688:14)
    at beginWork$1 (/Users/heidsoft/Downloads/research/itsm/itsm-prototype/node_modules/react-dom/cjs/react-dom.development.js:27465:14)
    at performUnitOfWork (/Users/heidsoft/Downloads/research/itsm/itsm-prototype/node_modules/react-dom/cjs/react-dom.development.js:26599:12)
    at workLoopSync (/Users/heidsoft/Downloads/research/itsm/itsm-prototype/node_modules/react-dom/cjs/react-dom.development.js:26505:5)
    at renderRootSync (/Users/heidsoft/Downloads/research/itsm/itsm-prototype/node_modules/react-dom/cjs/react-dom.development.js:26473:7)
    at recoverFromConcurrentError (/Users/heidsoft/Downloads/research/itsm/itsm-prototype/node_modules/react-dom/cjs/react-dom.development.js:25889:20)
    at performConcurrentWorkOnRoot (/Users/heidsoft/Downloads/research/itsm/itsm-prototype/node_modules/react-dom/cjs/react-dom.development.js:25789:22)
    at flushActQueue (/Users/heidsoft/Downloads/research/itsm/itsm-prototype/node_modules/react/cjs/react.development.js:2667:24)
    at act (/Users/heidsoft/Downloads/research/itsm/itsm-prototype/node_modules/react/cjs/react.development.js:2582:11)
    at /Users/heidsoft/Downloads/research/itsm/itsm-prototype/node_modules/@testing-library/react/dist/act-compat.js:47:25
    at renderRoot (/Users/heidsoft/Downloads/research/itsm/itsm-prototype/node_modules/@testing-library/react/dist/pure.js:180:26)
    at render (/Users/heidsoft/Downloads/research/itsm/itsm-prototype/node_modules/@testing-library/react/dist/pure.js:271:10)
    at Object.&lt;anonymous&gt; (/Users/heidsoft/Downloads/research/itsm/itsm-prototype/src/app/__tests__/e2e/ticket-workflow.e2e.test.tsx:161:13)
    at processTicksAndRejections (node:internal/process/task_queues:105:5)</failure>
    </testcase>
    <testcase classname="工单管理端到端测试 › 错误处理测试" name="应该处理页面加载错误" time="0.014">
    </testcase>
    <testcase classname="工单管理端到端测试 › 响应式设计测试" name="应该在不同屏幕尺寸下正确显示" time="0.022">
      <failure>Error: Element type is invalid: expected a string (for built-in components) or a class/function (for composite components) but got: object.
    at createFiberFromTypeAndProps (/Users/heidsoft/Downloads/research/itsm/itsm-prototype/node_modules/react-dom/cjs/react-dom.development.js:28478:17)
    at createFiberFromElement (/Users/heidsoft/Downloads/research/itsm/itsm-prototype/node_modules/react-dom/cjs/react-dom.development.js:28504:15)
    at createChild (/Users/heidsoft/Downloads/research/itsm/itsm-prototype/node_modules/react-dom/cjs/react-dom.development.js:13345:28)
    at reconcileChildrenArray (/Users/heidsoft/Downloads/research/itsm/itsm-prototype/node_modules/react-dom/cjs/react-dom.development.js:13640:25)
    at reconcileChildFibers (/Users/heidsoft/Downloads/research/itsm/itsm-prototype/node_modules/react-dom/cjs/react-dom.development.js:14057:16)
    at reconcileChildren (/Users/heidsoft/Downloads/research/itsm/itsm-prototype/node_modules/react-dom/cjs/react-dom.development.js:19186:28)
    at updateContextProvider (/Users/heidsoft/Downloads/research/itsm/itsm-prototype/node_modules/react-dom/cjs/react-dom.development.js:21193:3)
    at beginWork (/Users/heidsoft/Downloads/research/itsm/itsm-prototype/node_modules/react-dom/cjs/react-dom.development.js:21688:14)
    at beginWork$1 (/Users/heidsoft/Downloads/research/itsm/itsm-prototype/node_modules/react-dom/cjs/react-dom.development.js:27465:14)
    at performUnitOfWork (/Users/heidsoft/Downloads/research/itsm/itsm-prototype/node_modules/react-dom/cjs/react-dom.development.js:26599:12)
    at workLoopSync (/Users/heidsoft/Downloads/research/itsm/itsm-prototype/node_modules/react-dom/cjs/react-dom.development.js:26505:5)
    at renderRootSync (/Users/heidsoft/Downloads/research/itsm/itsm-prototype/node_modules/react-dom/cjs/react-dom.development.js:26473:7)
    at recoverFromConcurrentError (/Users/heidsoft/Downloads/research/itsm/itsm-prototype/node_modules/react-dom/cjs/react-dom.development.js:25889:20)
    at performConcurrentWorkOnRoot (/Users/heidsoft/Downloads/research/itsm/itsm-prototype/node_modules/react-dom/cjs/react-dom.development.js:25789:22)
    at flushActQueue (/Users/heidsoft/Downloads/research/itsm/itsm-prototype/node_modules/react/cjs/react.development.js:2667:24)
    at act (/Users/heidsoft/Downloads/research/itsm/itsm-prototype/node_modules/react/cjs/react.development.js:2582:11)
    at /Users/heidsoft/Downloads/research/itsm/itsm-prototype/node_modules/@testing-library/react/dist/act-compat.js:47:25
    at renderRoot (/Users/heidsoft/Downloads/research/itsm/itsm-prototype/node_modules/@testing-library/react/dist/pure.js:180:26)
    at render (/Users/heidsoft/Downloads/research/itsm/itsm-prototype/node_modules/@testing-library/react/dist/pure.js:271:10)
    at Object.&lt;anonymous&gt; (/Users/heidsoft/Downloads/research/itsm/itsm-prototype/src/app/__tests__/e2e/ticket-workflow.e2e.test.tsx:211:13)
    at processTicksAndRejections (node:internal/process/task_queues:105:5)</failure>
    </testcase>
    <testcase classname="工单管理端到端测试 › 国际化测试" name="应该正确显示中文界面" time="0.022">
      <failure>Error: Element type is invalid: expected a string (for built-in components) or a class/function (for composite components) but got: object.
    at createFiberFromTypeAndProps (/Users/heidsoft/Downloads/research/itsm/itsm-prototype/node_modules/react-dom/cjs/react-dom.development.js:28478:17)
    at createFiberFromElement (/Users/heidsoft/Downloads/research/itsm/itsm-prototype/node_modules/react-dom/cjs/react-dom.development.js:28504:15)
    at createChild (/Users/heidsoft/Downloads/research/itsm/itsm-prototype/node_modules/react-dom/cjs/react-dom.development.js:13345:28)
    at reconcileChildrenArray (/Users/heidsoft/Downloads/research/itsm/itsm-prototype/node_modules/react-dom/cjs/react-dom.development.js:13640:25)
    at reconcileChildFibers (/Users/heidsoft/Downloads/research/itsm/itsm-prototype/node_modules/react-dom/cjs/react-dom.development.js:14057:16)
    at reconcileChildren (/Users/heidsoft/Downloads/research/itsm/itsm-prototype/node_modules/react-dom/cjs/react-dom.development.js:19186:28)
    at updateContextProvider (/Users/heidsoft/Downloads/research/itsm/itsm-prototype/node_modules/react-dom/cjs/react-dom.development.js:21193:3)
    at beginWork (/Users/heidsoft/Downloads/research/itsm/itsm-prototype/node_modules/react-dom/cjs/react-dom.development.js:21688:14)
    at beginWork$1 (/Users/heidsoft/Downloads/research/itsm/itsm-prototype/node_modules/react-dom/cjs/react-dom.development.js:27465:14)
    at performUnitOfWork (/Users/heidsoft/Downloads/research/itsm/itsm-prototype/node_modules/react-dom/cjs/react-dom.development.js:26599:12)
    at workLoopSync (/Users/heidsoft/Downloads/research/itsm/itsm-prototype/node_modules/react-dom/cjs/react-dom.development.js:26505:5)
    at renderRootSync (/Users/heidsoft/Downloads/research/itsm/itsm-prototype/node_modules/react-dom/cjs/react-dom.development.js:26473:7)
    at recoverFromConcurrentError (/Users/heidsoft/Downloads/research/itsm/itsm-prototype/node_modules/react-dom/cjs/react-dom.development.js:25889:20)
    at performConcurrentWorkOnRoot (/Users/heidsoft/Downloads/research/itsm/itsm-prototype/node_modules/react-dom/cjs/react-dom.development.js:25789:22)
    at flushActQueue (/Users/heidsoft/Downloads/research/itsm/itsm-prototype/node_modules/react/cjs/react.development.js:2667:24)
    at act (/Users/heidsoft/Downloads/research/itsm/itsm-prototype/node_modules/react/cjs/react.development.js:2582:11)
    at /Users/heidsoft/Downloads/research/itsm/itsm-prototype/node_modules/@testing-library/react/dist/act-compat.js:47:25
    at renderRoot (/Users/heidsoft/Downloads/research/itsm/itsm-prototype/node_modules/@testing-library/react/dist/pure.js:180:26)
    at render (/Users/heidsoft/Downloads/research/itsm/itsm-prototype/node_modules/@testing-library/react/dist/pure.js:271:10)
    at Object.&lt;anonymous&gt; (/Users/heidsoft/Downloads/research/itsm/itsm-prototype/src/app/__tests__/e2e/ticket-workflow.e2e.test.tsx:237:13)
    at processTicksAndRejections (node:internal/process/task_queues:105:5)</failure>
    </testcase>
    <testcase classname="工单管理端到端测试 › 国际化测试" name="应该正确处理日期格式" time="0.026">
      <failure>Error: Element type is invalid: expected a string (for built-in components) or a class/function (for composite components) but got: object.
    at createFiberFromTypeAndProps (/Users/heidsoft/Downloads/research/itsm/itsm-prototype/node_modules/react-dom/cjs/react-dom.development.js:28478:17)
    at createFiberFromElement (/Users/heidsoft/Downloads/research/itsm/itsm-prototype/node_modules/react-dom/cjs/react-dom.development.js:28504:15)
    at createChild (/Users/heidsoft/Downloads/research/itsm/itsm-prototype/node_modules/react-dom/cjs/react-dom.development.js:13345:28)
    at reconcileChildrenArray (/Users/heidsoft/Downloads/research/itsm/itsm-prototype/node_modules/react-dom/cjs/react-dom.development.js:13640:25)
    at reconcileChildFibers (/Users/heidsoft/Downloads/research/itsm/itsm-prototype/node_modules/react-dom/cjs/react-dom.development.js:14057:16)
    at reconcileChildren (/Users/heidsoft/Downloads/research/itsm/itsm-prototype/node_modules/react-dom/cjs/react-dom.development.js:19186:28)
    at updateContextProvider (/Users/heidsoft/Downloads/research/itsm/itsm-prototype/node_modules/react-dom/cjs/react-dom.development.js:21193:3)
    at beginWork (/Users/heidsoft/Downloads/research/itsm/itsm-prototype/node_modules/react-dom/cjs/react-dom.development.js:21688:14)
    at beginWork$1 (/Users/heidsoft/Downloads/research/itsm/itsm-prototype/node_modules/react-dom/cjs/react-dom.development.js:27465:14)
    at performUnitOfWork (/Users/heidsoft/Downloads/research/itsm/itsm-prototype/node_modules/react-dom/cjs/react-dom.development.js:26599:12)
    at workLoopSync (/Users/heidsoft/Downloads/research/itsm/itsm-prototype/node_modules/react-dom/cjs/react-dom.development.js:26505:5)
    at renderRootSync (/Users/heidsoft/Downloads/research/itsm/itsm-prototype/node_modules/react-dom/cjs/react-dom.development.js:26473:7)
    at recoverFromConcurrentError (/Users/heidsoft/Downloads/research/itsm/itsm-prototype/node_modules/react-dom/cjs/react-dom.development.js:25889:20)
    at performConcurrentWorkOnRoot (/Users/heidsoft/Downloads/research/itsm/itsm-prototype/node_modules/react-dom/cjs/react-dom.development.js:25789:22)
    at flushActQueue (/Users/heidsoft/Downloads/research/itsm/itsm-prototype/node_modules/react/cjs/react.development.js:2667:24)
    at act (/Users/heidsoft/Downloads/research/itsm/itsm-prototype/node_modules/react/cjs/react.development.js:2582:11)
    at /Users/heidsoft/Downloads/research/itsm/itsm-prototype/node_modules/@testing-library/react/dist/act-compat.js:47:25
    at renderRoot (/Users/heidsoft/Downloads/research/itsm/itsm-prototype/node_modules/@testing-library/react/dist/pure.js:180:26)
    at render (/Users/heidsoft/Downloads/research/itsm/itsm-prototype/node_modules/@testing-library/react/dist/pure.js:271:10)
    at Object.&lt;anonymous&gt; (/Users/heidsoft/Downloads/research/itsm/itsm-prototype/src/app/__tests__/e2e/ticket-workflow.e2e.test.tsx:250:13)
    at processTicksAndRejections (node:internal/process/task_queues:105:5)</failure>
    </testcase>
    <testcase classname="工单管理端到端测试 › 性能测试" name="应该在合理时间内加载页面" time="0.018">
      <failure>Error: Element type is invalid: expected a string (for built-in components) or a class/function (for composite components) but got: object.
    at createFiberFromTypeAndProps (/Users/heidsoft/Downloads/research/itsm/itsm-prototype/node_modules/react-dom/cjs/react-dom.development.js:28478:17)
    at createFiberFromElement (/Users/heidsoft/Downloads/research/itsm/itsm-prototype/node_modules/react-dom/cjs/react-dom.development.js:28504:15)
    at createChild (/Users/heidsoft/Downloads/research/itsm/itsm-prototype/node_modules/react-dom/cjs/react-dom.development.js:13345:28)
    at reconcileChildrenArray (/Users/heidsoft/Downloads/research/itsm/itsm-prototype/node_modules/react-dom/cjs/react-dom.development.js:13640:25)
    at reconcileChildFibers (/Users/heidsoft/Downloads/research/itsm/itsm-prototype/node_modules/react-dom/cjs/react-dom.development.js:14057:16)
    at reconcileChildren (/Users/heidsoft/Downloads/research/itsm/itsm-prototype/node_modules/react-dom/cjs/react-dom.development.js:19186:28)
    at updateContextProvider (/Users/heidsoft/Downloads/research/itsm/itsm-prototype/node_modules/react-dom/cjs/react-dom.development.js:21193:3)
    at beginWork (/Users/heidsoft/Downloads/research/itsm/itsm-prototype/node_modules/react-dom/cjs/react-dom.development.js:21688:14)
    at beginWork$1 (/Users/heidsoft/Downloads/research/itsm/itsm-prototype/node_modules/react-dom/cjs/react-dom.development.js:27465:14)
    at performUnitOfWork (/Users/heidsoft/Downloads/research/itsm/itsm-prototype/node_modules/react-dom/cjs/react-dom.development.js:26599:12)
    at workLoopSync (/Users/heidsoft/Downloads/research/itsm/itsm-prototype/node_modules/react-dom/cjs/react-dom.development.js:26505:5)
    at renderRootSync (/Users/heidsoft/Downloads/research/itsm/itsm-prototype/node_modules/react-dom/cjs/react-dom.development.js:26473:7)
    at recoverFromConcurrentError (/Users/heidsoft/Downloads/research/itsm/itsm-prototype/node_modules/react-dom/cjs/react-dom.development.js:25889:20)
    at performConcurrentWorkOnRoot (/Users/heidsoft/Downloads/research/itsm/itsm-prototype/node_modules/react-dom/cjs/react-dom.development.js:25789:22)
    at flushActQueue (/Users/heidsoft/Downloads/research/itsm/itsm-prototype/node_modules/react/cjs/react.development.js:2667:24)
    at act (/Users/heidsoft/Downloads/research/itsm/itsm-prototype/node_modules/react/cjs/react.development.js:2582:11)
    at /Users/heidsoft/Downloads/research/itsm/itsm-prototype/node_modules/@testing-library/react/dist/act-compat.js:47:25
    at renderRoot (/Users/heidsoft/Downloads/research/itsm/itsm-prototype/node_modules/@testing-library/react/dist/pure.js:180:26)
    at render (/Users/heidsoft/Downloads/research/itsm/itsm-prototype/node_modules/@testing-library/react/dist/pure.js:271:10)
    at Object.&lt;anonymous&gt; (/Users/heidsoft/Downloads/research/itsm/itsm-prototype/src/app/__tests__/e2e/ticket-workflow.e2e.test.tsx:267:13)
    at processTicksAndRejections (node:internal/process/task_queues:105:5)</failure>
    </testcase>
    <testcase classname="工单管理端到端测试 › 性能测试" name="应该正确处理大量数据" time="0.032">
      <failure>Error: Element type is invalid: expected a string (for built-in components) or a class/function (for composite components) but got: object.
    at createFiberFromTypeAndProps (/Users/heidsoft/Downloads/research/itsm/itsm-prototype/node_modules/react-dom/cjs/react-dom.development.js:28478:17)
    at createFiberFromElement (/Users/heidsoft/Downloads/research/itsm/itsm-prototype/node_modules/react-dom/cjs/react-dom.development.js:28504:15)
    at createChild (/Users/heidsoft/Downloads/research/itsm/itsm-prototype/node_modules/react-dom/cjs/react-dom.development.js:13345:28)
    at reconcileChildrenArray (/Users/heidsoft/Downloads/research/itsm/itsm-prototype/node_modules/react-dom/cjs/react-dom.development.js:13640:25)
    at reconcileChildFibers (/Users/heidsoft/Downloads/research/itsm/itsm-prototype/node_modules/react-dom/cjs/react-dom.development.js:14057:16)
    at reconcileChildren (/Users/heidsoft/Downloads/research/itsm/itsm-prototype/node_modules/react-dom/cjs/react-dom.development.js:19186:28)
    at updateContextProvider (/Users/heidsoft/Downloads/research/itsm/itsm-prototype/node_modules/react-dom/cjs/react-dom.development.js:21193:3)
    at beginWork (/Users/heidsoft/Downloads/research/itsm/itsm-prototype/node_modules/react-dom/cjs/react-dom.development.js:21688:14)
    at beginWork$1 (/Users/heidsoft/Downloads/research/itsm/itsm-prototype/node_modules/react-dom/cjs/react-dom.development.js:27465:14)
    at performUnitOfWork (/Users/heidsoft/Downloads/research/itsm/itsm-prototype/node_modules/react-dom/cjs/react-dom.development.js:26599:12)
    at workLoopSync (/Users/heidsoft/Downloads/research/itsm/itsm-prototype/node_modules/react-dom/cjs/react-dom.development.js:26505:5)
    at renderRootSync (/Users/heidsoft/Downloads/research/itsm/itsm-prototype/node_modules/react-dom/cjs/react-dom.development.js:26473:7)
    at recoverFromConcurrentError (/Users/heidsoft/Downloads/research/itsm/itsm-prototype/node_modules/react-dom/cjs/react-dom.development.js:25889:20)
    at performConcurrentWorkOnRoot (/Users/heidsoft/Downloads/research/itsm/itsm-prototype/node_modules/react-dom/cjs/react-dom.development.js:25789:22)
    at flushActQueue (/Users/heidsoft/Downloads/research/itsm/itsm-prototype/node_modules/react/cjs/react.development.js:2667:24)
    at act (/Users/heidsoft/Downloads/research/itsm/itsm-prototype/node_modules/react/cjs/react.development.js:2582:11)
    at /Users/heidsoft/Downloads/research/itsm/itsm-prototype/node_modules/@testing-library/react/dist/act-compat.js:47:25
    at renderRoot (/Users/heidsoft/Downloads/research/itsm/itsm-prototype/node_modules/@testing-library/react/dist/pure.js:180:26)
    at render (/Users/heidsoft/Downloads/research/itsm/itsm-prototype/node_modules/@testing-library/react/dist/pure.js:271:10)
    at Object.&lt;anonymous&gt; (/Users/heidsoft/Downloads/research/itsm/itsm-prototype/src/app/__tests__/e2e/ticket-workflow.e2e.test.tsx:284:13)
    at processTicksAndRejections (node:internal/process/task_queues:105:5)</failure>
    </testcase>
  </testsuite>
  <testsuite name="src/app/__tests__/performance/performance.test.tsx" errors="0" failures="3" skipped="0" timestamp="2025-10-05T00:15:08" time="7.395" tests="18">
    <testcase classname="性能测试 › 渲染性能测试" name="应该在合理时间内渲染小型组件" time="0.091">
      <failure>Error: expect(received).toBeLessThan(expected)

Expected: &lt; 50
Received:   80
    at Object.toBeLessThan (/Users/heidsoft/Downloads/research/itsm/itsm-prototype/src/app/__tests__/performance/performance.test.tsx:214:26)
    at Promise.then.completed (/Users/heidsoft/Downloads/research/itsm/itsm-prototype/node_modules/jest-circus/build/utils.js:298:28)
    at new Promise (&lt;anonymous&gt;)
    at callAsyncCircusFn (/Users/heidsoft/Downloads/research/itsm/itsm-prototype/node_modules/jest-circus/build/utils.js:231:10)
    at _callCircusTest (/Users/heidsoft/Downloads/research/itsm/itsm-prototype/node_modules/jest-circus/build/run.js:316:40)
    at processTicksAndRejections (node:internal/process/task_queues:105:5)
    at _runTest (/Users/heidsoft/Downloads/research/itsm/itsm-prototype/node_modules/jest-circus/build/run.js:252:3)
    at _runTestsForDescribeBlock (/Users/heidsoft/Downloads/research/itsm/itsm-prototype/node_modules/jest-circus/build/run.js:126:9)
    at _runTestsForDescribeBlock (/Users/heidsoft/Downloads/research/itsm/itsm-prototype/node_modules/jest-circus/build/run.js:121:9)
    at _runTestsForDescribeBlock (/Users/heidsoft/Downloads/research/itsm/itsm-prototype/node_modules/jest-circus/build/run.js:121:9)
    at run (/Users/heidsoft/Downloads/research/itsm/itsm-prototype/node_modules/jest-circus/build/run.js:71:3)
    at runAndTransformResultsToJestFormat (/Users/heidsoft/Downloads/research/itsm/itsm-prototype/node_modules/jest-circus/build/legacy-code-todo-rewrite/jestAdapterInit.js:122:21)
    at jestAdapter (/Users/heidsoft/Downloads/research/itsm/itsm-prototype/node_modules/jest-circus/build/legacy-code-todo-rewrite/jestAdapter.js:79:19)
    at runTestInternal (/Users/heidsoft/Downloads/research/itsm/itsm-prototype/node_modules/jest-runner/build/runTest.js:367:16)
    at runTest (/Users/heidsoft/Downloads/research/itsm/itsm-prototype/node_modules/jest-runner/build/runTest.js:444:34)
    at Object.worker (/Users/heidsoft/Downloads/research/itsm/itsm-prototype/node_modules/jest-runner/build/testWorker.js:106:12)</failure>
    </testcase>
    <testcase classname="性能测试 › 渲染性能测试" name="应该高效渲染中等复杂度组件" time="0.149">
    </testcase>
    <testcase classname="性能测试 › 渲染性能测试" name="应该处理大量数据的渲染" time="0.016">
    </testcase>
    <testcase classname="性能测试 › 渲染性能测试" name="应该优化重复渲染" time="0.019">
    </testcase>
    <testcase classname="性能测试 › 内存使用测试" name="应该正确清理事件监听器" time="0.011">
    </testcase>
    <testcase classname="性能测试 › 内存使用测试" name="应该正确清理定时器" time="0.011">
    </testcase>
    <testcase classname="性能测试 › 内存使用测试" name="应该避免内存泄漏" time="0.014">
    </testcase>
    <testcase classname="性能测试 › 异步加载性能测试" name="应该高效处理懒加载组件" time="0.017">
    </testcase>
    <testcase classname="性能测试 › 异步加载性能测试" name="应该优化并发请求" time="0.015">
    </testcase>
    <testcase classname="性能测试 › 用户交互性能测试" name="应该快速响应用户点击" time="0.065">
    </testcase>
    <testcase classname="性能测试 › 用户交互性能测试" name="应该高效处理输入事件" time="0.073">
    </testcase>
    <testcase classname="性能测试 › 用户交互性能测试" name="应该优化滚动性能" time="0.181">
    </testcase>
    <testcase classname="性能测试 › 资源加载性能测试" name="应该优化图片加载" time="0.073">
      <failure>TestingLibraryElementError: Unable to find an element by: [data-testid=&quot;image-loaded&quot;]

Ignored nodes: comments, script, style
&lt;body&gt;
  &lt;div&gt;
    &lt;div
      data-testid=&quot;image-loading&quot;
    &gt;
      Loading image...
    &lt;/div&gt;
  &lt;/div&gt;
&lt;/body&gt;
    at Object.getElementError (/Users/heidsoft/Downloads/research/itsm/itsm-prototype/node_modules/@testing-library/dom/dist/config.js:37:19)
    at /Users/heidsoft/Downloads/research/itsm/itsm-prototype/node_modules/@testing-library/dom/dist/query-helpers.js:76:38
    at /Users/heidsoft/Downloads/research/itsm/itsm-prototype/node_modules/@testing-library/dom/dist/query-helpers.js:52:17
    at /Users/heidsoft/Downloads/research/itsm/itsm-prototype/node_modules/@testing-library/dom/dist/query-helpers.js:95:19
    at Object.getByTestId (/Users/heidsoft/Downloads/research/itsm/itsm-prototype/src/app/__tests__/performance/performance.test.tsx:635:21)
    at Promise.then.completed (/Users/heidsoft/Downloads/research/itsm/itsm-prototype/node_modules/jest-circus/build/utils.js:298:28)
    at new Promise (&lt;anonymous&gt;)
    at callAsyncCircusFn (/Users/heidsoft/Downloads/research/itsm/itsm-prototype/node_modules/jest-circus/build/utils.js:231:10)
    at _callCircusTest (/Users/heidsoft/Downloads/research/itsm/itsm-prototype/node_modules/jest-circus/build/run.js:316:40)
    at _runTest (/Users/heidsoft/Downloads/research/itsm/itsm-prototype/node_modules/jest-circus/build/run.js:252:3)
    at _runTestsForDescribeBlock (/Users/heidsoft/Downloads/research/itsm/itsm-prototype/node_modules/jest-circus/build/run.js:126:9)
    at _runTestsForDescribeBlock (/Users/heidsoft/Downloads/research/itsm/itsm-prototype/node_modules/jest-circus/build/run.js:121:9)
    at _runTestsForDescribeBlock (/Users/heidsoft/Downloads/research/itsm/itsm-prototype/node_modules/jest-circus/build/run.js:121:9)
    at run (/Users/heidsoft/Downloads/research/itsm/itsm-prototype/node_modules/jest-circus/build/run.js:71:3)
    at runAndTransformResultsToJestFormat (/Users/heidsoft/Downloads/research/itsm/itsm-prototype/node_modules/jest-circus/build/legacy-code-todo-rewrite/jestAdapterInit.js:122:21)
    at jestAdapter (/Users/heidsoft/Downloads/research/itsm/itsm-prototype/node_modules/jest-circus/build/legacy-code-todo-rewrite/jestAdapter.js:79:19)
    at runTestInternal (/Users/heidsoft/Downloads/research/itsm/itsm-prototype/node_modules/jest-runner/build/runTest.js:367:16)
    at runTest (/Users/heidsoft/Downloads/research/itsm/itsm-prototype/node_modules/jest-runner/build/runTest.js:444:34)
    at Object.worker (/Users/heidsoft/Downloads/research/itsm/itsm-prototype/node_modules/jest-runner/build/testWorker.js:106:12)</failure>
    </testcase>
    <testcase classname="性能测试 › 资源加载性能测试" name="应该实现资源预加载" time="0.013">
      <failure>ReferenceError: document is not defined
    at Document.&lt;anonymous&gt; (/Users/heidsoft/Downloads/research/itsm/itsm-prototype/src/app/__tests__/performance/performance.test.tsx:649:9)
    at /Users/heidsoft/Downloads/research/itsm/itsm-prototype/node_modules/jest-mock/build/index.js:397:39
    at Document.&lt;anonymous&gt; (/Users/heidsoft/Downloads/research/itsm/itsm-prototype/node_modules/jest-mock/build/index.js:404:13)
    at Document.mockConstructor [as createElement] (/Users/heidsoft/Downloads/research/itsm/itsm-prototype/node_modules/jest-mock/build/index.js:148:19)
    at Document.createElement (/Users/heidsoft/Downloads/research/itsm/itsm-prototype/src/app/__tests__/performance/performance.test.tsx:649:25)
    at /Users/heidsoft/Downloads/research/itsm/itsm-prototype/node_modules/jest-mock/build/index.js:397:39
    at Document.&lt;anonymous&gt; (/Users/heidsoft/Downloads/research/itsm/itsm-prototype/node_modules/jest-mock/build/index.js:404:13)
    at Document.mockConstructor [as createElement] (/Users/heidsoft/Downloads/research/itsm/itsm-prototype/node_modules/jest-mock/build/index.js:148:19)
    at Document.createElement (/Users/heidsoft/Downloads/research/itsm/itsm-prototype/src/app/__tests__/performance/performance.test.tsx:649:25)
    at /Users/heidsoft/Downloads/research/itsm/itsm-prototype/node_modules/jest-mock/build/index.js:397:39
    at Document.&lt;anonymous&gt; (/Users/heidsoft/Downloads/research/itsm/itsm-prototype/node_modules/jest-mock/build/index.js:404:13)
    at Document.mockConstructor [as createElement] (/Users/heidsoft/Downloads/research/itsm/itsm-prototype/node_modules/jest-mock/build/index.js:148:19)
    at Document.createElement (/Users/heidsoft/Downloads/research/itsm/itsm-prototype/src/app/__tests__/performance/performance.test.tsx:649:25)
    at /Users/heidsoft/Downloads/research/itsm/itsm-prototype/node_modules/jest-mock/build/index.js:397:39
    at Document.&lt;anonymous&gt; (/Users/heidsoft/Downloads/research/itsm/itsm-prototype/node_modules/jest-mock/build/index.js:404:13)
    at Document.mockConstructor [as createElement] (/Users/heidsoft/Downloads/research/itsm/itsm-prototype/node_modules/jest-mock/build/index.js:148:19)
    at Document.createElement (/Users/heidsoft/Downloads/research/itsm/itsm-prototype/src/app/__tests__/performance/performance.test.tsx:649:25)
    at /Users/heidsoft/Downloads/research/itsm/itsm-prototype/node_modules/jest-mock/build/index.js:397:39
    at Document.&lt;anonymous&gt; (/Users/heidsoft/Downloads/research/itsm/itsm-prototype/node_modules/jest-mock/build/index.js:404:13)
    at Document.mockConstructor [as createElement] (/Users/heidsoft/Downloads/research/itsm/itsm-prototype/node_modules/jest-mock/build/index.js:148:19)
    at Document.createElement (/Users/heidsoft/Downloads/research/itsm/itsm-prototype/src/app/__tests__/performance/performance.test.tsx:649:25)
    at /Users/heidsoft/Downloads/research/itsm/itsm-prototype/node_modules/jest-mock/build/index.js:397:39
    at Document.&lt;anonymous&gt; (/Users/heidsoft/Downloads/research/itsm/itsm-prototype/node_modules/jest-mock/build/index.js:404:13)
    at Document.mockConstructor [as createElement] (/Users/heidsoft/Downloads/research/itsm/itsm-prototype/node_modules/jest-mock/build/index.js:148:19)
    at Document.createElement (/Users/heidsoft/Downloads/research/itsm/itsm-prototype/src/app/__tests__/performance/performance.test.tsx:649:25)
    at /Users/heidsoft/Downloads/research/itsm/itsm-prototype/node_modules/jest-mock/build/index.js:397:39
    at Document.&lt;anonymous&gt; (/Users/heidsoft/Downloads/research/itsm/itsm-prototype/node_modules/jest-mock/build/index.js:404:13)
    at Document.mockConstructor [as createElement] (/Users/heidsoft/Downloads/research/itsm/itsm-prototype/node_modules/jest-mock/build/index.js:148:19)
    at Document.createElement (/Users/heidsoft/Downloads/research/itsm/itsm-prototype/src/app/__tests__/performance/performance.test.tsx:649:25)
    at /Users/heidsoft/Downloads/research/itsm/itsm-prototype/node_modules/jest-mock/build/index.js:397:39
    at Document.&lt;anonymous&gt; (/Users/heidsoft/Downloads/research/itsm/itsm-prototype/node_modules/jest-mock/build/index.js:404:13)
    at Document.mockConstructor [as createElement] (/Users/heidsoft/Downloads/research/itsm/itsm-prototype/node_modules/jest-mock/build/index.js:148:19)
    at Document.createElement (/Users/heidsoft/Downloads/research/itsm/itsm-prototype/src/app/__tests__/performance/performance.test.tsx:649:25)
    at /Users/heidsoft/Downloads/research/itsm/itsm-prototype/node_modules/jest-mock/build/index.js:397:39
    at Document.&lt;anonymous&gt; (/Users/heidsoft/Downloads/research/itsm/itsm-prototype/node_modules/jest-mock/build/index.js:404:13)
    at Document.mockConstructor [as createElement] (/Users/heidsoft/Downloads/research/itsm/itsm-prototype/node_modules/jest-mock/build/index.js:148:19)
    at Document.createElement (/Users/heidsoft/Downloads/research/itsm/itsm-prototype/src/app/__tests__/performance/performance.test.tsx:649:25)
    at /Users/heidsoft/Downloads/research/itsm/itsm-prototype/node_modules/jest-mock/build/index.js:397:39
    at Document.&lt;anonymous&gt; (/Users/heidsoft/Downloads/research/itsm/itsm-prototype/node_modules/jest-mock/build/index.js:404:13)
    at Document.mockConstructor [as createElement] (/Users/heidsoft/Downloads/research/itsm/itsm-prototype/node_modules/jest-mock/build/index.js:148:19)
    at Document.createElement (/Users/heidsoft/Downloads/research/itsm/itsm-prototype/src/app/__tests__/performance/performance.test.tsx:649:25)
    at /Users/heidsoft/Downloads/research/itsm/itsm-prototype/node_modules/jest-mock/build/index.js:397:39
    at Document.&lt;anonymous&gt; (/Users/heidsoft/Downloads/research/itsm/itsm-prototype/node_modules/jest-mock/build/index.js:404:13)
    at Document.mockConstructor [as createElement] (/Users/heidsoft/Downloads/research/itsm/itsm-prototype/node_modules/jest-mock/build/index.js:148:19)
    at Document.createElement (/Users/heidsoft/Downloads/research/itsm/itsm-prototype/src/app/__tests__/performance/performance.test.tsx:649:25)
    at /Users/heidsoft/Downloads/research/itsm/itsm-prototype/node_modules/jest-mock/build/index.js:397:39
    at Document.&lt;anonymous&gt; (/Users/heidsoft/Downloads/research/itsm/itsm-prototype/node_modules/jest-mock/build/index.js:404:13)
    at Document.mockConstructor [as createElement] (/Users/heidsoft/Downloads/research/itsm/itsm-prototype/node_modules/jest-mock/build/index.js:148:19)
    at Document.createElement (/Users/heidsoft/Downloads/research/itsm/itsm-prototype/src/app/__tests__/performance/performance.test.tsx:649:25)
    at /Users/heidsoft/Downloads/research/itsm/itsm-prototype/node_modules/jest-mock/build/index.js:397:39
    at Document.&lt;anonymous&gt; (/Users/heidsoft/Downloads/research/itsm/itsm-prototype/node_modules/jest-mock/build/index.js:404:13)
    at Document.mockConstructor [as createElement] (/Users/heidsoft/Downloads/research/itsm/itsm-prototype/node_modules/jest-mock/build/index.js:148:19)
    at Document.createElement (/Users/heidsoft/Downloads/research/itsm/itsm-prototype/src/app/__tests__/performance/performance.test.tsx:649:25)
    at /Users/heidsoft/Downloads/research/itsm/itsm-prototype/node_modules/jest-mock/build/index.js:397:39
    at Document.&lt;anonymous&gt; (/Users/heidsoft/Downloads/research/itsm/itsm-prototype/node_modules/jest-mock/build/index.js:404:13)
    at Document.mockConstructor [as createElement] (/Users/heidsoft/Downloads/research/itsm/itsm-prototype/node_modules/jest-mock/build/index.js:148:19)
    at Document.createElement (/Users/heidsoft/Downloads/research/itsm/itsm-prototype/src/app/__tests__/performance/performance.test.tsx:649:25)
    at /Users/heidsoft/Downloads/research/itsm/itsm-prototype/node_modules/jest-mock/build/index.js:397:39
    at Document.&lt;anonymous&gt; (/Users/heidsoft/Downloads/research/itsm/itsm-prototype/node_modules/jest-mock/build/index.js:404:13)
    at Document.mockConstructor [as createElement] (/Users/heidsoft/Downloads/research/itsm/itsm-prototype/node_modules/jest-mock/build/index.js:148:19)
    at Document.createElement (/Users/heidsoft/Downloads/research/itsm/itsm-prototype/src/app/__tests__/performance/performance.test.tsx:649:25)
    at /Users/heidsoft/Downloads/research/itsm/itsm-prototype/node_modules/jest-mock/build/index.js:397:39
    at Document.&lt;anonymous&gt; (/Users/heidsoft/Downloads/research/itsm/itsm-prototype/node_modules/jest-mock/build/index.js:404:13)
    at Document.mockConstructor [as createElement] (/Users/heidsoft/Downloads/research/itsm/itsm-prototype/node_modules/jest-mock/build/index.js:148:19)
    at Document.createElement (/Users/heidsoft/Downloads/research/itsm/itsm-prototype/src/app/__tests__/performance/performance.test.tsx:649:25)
    at /Users/heidsoft/Downloads/research/itsm/itsm-prototype/node_modules/jest-mock/build/index.js:397:39
    at Document.&lt;anonymous&gt; (/Users/heidsoft/Downloads/research/itsm/itsm-prototype/node_modules/jest-mock/build/index.js:404:13)
    at Document.mockConstructor [as createElement] (/Users/heidsoft/Downloads/research/itsm/itsm-prototype/node_modules/jest-mock/build/index.js:148:19)
    at Document.createElement (/Users/heidsoft/Downloads/research/itsm/itsm-prototype/src/app/__tests__/performance/performance.test.tsx:649:25)
    at /Users/heidsoft/Downloads/research/itsm/itsm-prototype/node_modules/jest-mock/build/index.js:397:39
    at Document.&lt;anonymous&gt; (/Users/heidsoft/Downloads/research/itsm/itsm-prototype/node_modules/jest-mock/build/index.js:404:13)
    at Document.mockConstructor [as createElement] (/Users/heidsoft/Downloads/research/itsm/itsm-prototype/node_modules/jest-mock/build/index.js:148:19)
    at Document.createElement (/Users/heidsoft/Downloads/research/itsm/itsm-prototype/src/app/__tests__/performance/performance.test.tsx:649:25)
    at /Users/heidsoft/Downloads/research/itsm/itsm-prototype/node_modules/jest-mock/build/index.js:397:39
    at Document.&lt;anonymous&gt; (/Users/heidsoft/Downloads/research/itsm/itsm-prototype/node_modules/jest-mock/build/index.js:404:13)
    at Document.mockConstructor [as createElement] (/Users/heidsoft/Downloads/research/itsm/itsm-prototype/node_modules/jest-mock/build/index.js:148:19)
    at Document.createElement (/Users/heidsoft/Downloads/research/itsm/itsm-prototype/src/app/__tests__/performance/performance.test.tsx:649:25)
    at /Users/heidsoft/Downloads/research/itsm/itsm-prototype/node_modules/jest-mock/build/index.js:397:39
    at Document.&lt;anonymous&gt; (/Users/heidsoft/Downloads/research/itsm/itsm-prototype/node_modules/jest-mock/build/index.js:404:13)
    at Document.mockConstructor [as createElement] (/Users/heidsoft/Downloads/research/itsm/itsm-prototype/node_modules/jest-mock/build/index.js:148:19)
    at Document.createElement (/Users/heidsoft/Downloads/research/itsm/itsm-prototype/src/app/__tests__/performance/performance.test.tsx:649:25)
    at /Users/heidsoft/Downloads/research/itsm/itsm-prototype/node_modules/jest-mock/build/index.js:397:39
    at Document.&lt;anonymous&gt; (/Users/heidsoft/Downloads/research/itsm/itsm-prototype/node_modules/jest-mock/build/index.js:404:13)
    at Document.mockConstructor [as createElement] (/Users/heidsoft/Downloads/research/itsm/itsm-prototype/node_modules/jest-mock/build/index.js:148:19)
    at Document.createElement (/Users/heidsoft/Downloads/research/itsm/itsm-prototype/src/app/__tests__/performance/performance.test.tsx:649:25)
    at /Users/heidsoft/Downloads/research/itsm/itsm-prototype/node_modules/jest-mock/build/index.js:397:39
    at Document.&lt;anonymous&gt; (/Users/heidsoft/Downloads/research/itsm/itsm-prototype/node_modules/jest-mock/build/index.js:404:13)
    at Document.mockConstructor [as createElement] (/Users/heidsoft/Downloads/research/itsm/itsm-prototype/node_modules/jest-mock/build/index.js:148:19)
    at Document.createElement (/Users/heidsoft/Downloads/research/itsm/itsm-prototype/src/app/__tests__/performance/performance.test.tsx:649:25)
    at /Users/heidsoft/Downloads/research/itsm/itsm-prototype/node_modules/jest-mock/build/index.js:397:39
    at Document.&lt;anonymous&gt; (/Users/heidsoft/Downloads/research/itsm/itsm-prototype/node_modules/jest-mock/build/index.js:404:13)
    at Document.mockConstructor [as createElement] (/Users/heidsoft/Downloads/research/itsm/itsm-prototype/node_modules/jest-mock/build/index.js:148:19)
    at Document.createElement (/Users/heidsoft/Downloads/research/itsm/itsm-prototype/src/app/__tests__/performance/performance.test.tsx:649:25)
    at /Users/heidsoft/Downloads/research/itsm/itsm-prototype/node_modules/jest-mock/build/index.js:397:39
    at Document.&lt;anonymous&gt; (/Users/heidsoft/Downloads/research/itsm/itsm-prototype/node_modules/jest-mock/build/index.js:404:13)
    at Document.mockConstructor [as createElement] (/Users/heidsoft/Downloads/research/itsm/itsm-prototype/node_modules/jest-mock/build/index.js:148:19)
    at Document.createElement (/Users/heidsoft/Downloads/research/itsm/itsm-prototype/src/app/__tests__/performance/performance.test.tsx:649:25)
    at /Users/heidsoft/Downloads/research/itsm/itsm-prototype/node_modules/jest-mock/build/index.js:397:39
    at Document.&lt;anonymous&gt; (/Users/heidsoft/Downloads/research/itsm/itsm-prototype/node_modules/jest-mock/build/index.js:404:13)
    at Document.mockConstructor [as createElement] (/Users/heidsoft/Downloads/research/itsm/itsm-prototype/node_modules/jest-mock/build/index.js:148:19)</failure>
    </testcase>
    <testcase classname="性能测试 › Bundle大小优化测试" name="应该支持代码分割" time="0.023">
    </testcase>
    <testcase classname="性能测试 › Bundle大小优化测试" name="应该优化依赖包大小" time="0.008">
    </testcase>
    <testcase classname="性能测试 › 缓存策略测试" name="应该实现组件级缓存" time="0.01">
    </testcase>
    <testcase classname="性能测试 › 缓存策略测试" name="应该实现请求缓存" time="0.014">
    </testcase>
  </testsuite>
  <testsuite name="src/app/__tests__/ux/user-experience.test.tsx" errors="0" failures="0" skipped="0" timestamp="2025-10-05T00:15:08" time="8.044" tests="22">
    <testcase classname="用户体验测试 › 加载状态测试" name="应该显示加载中的骨架屏" time="0.098">
    </testcase>
    <testcase classname="用户体验测试 › 加载状态测试" name="应该在表单提交时显示加载状态" time="0.181">
    </testcase>
    <testcase classname="用户体验测试 › 加载状态测试" name="应该显示加载中的旋转图标" time="0.021">
    </testcase>
    <testcase classname="用户体验测试 › 错误处理测试" name="应该显示表单验证错误" time="0.016">
    </testcase>
    <testcase classname="用户体验测试 › 错误处理测试" name="应该显示网络错误状态" time="0.012">
    </testcase>
    <testcase classname="用户体验测试 › 错误处理测试" name="应该处理组件错误边界" time="0.162">
    </testcase>
    <testcase classname="用户体验测试 › 错误处理测试" name="应该支持错误重试功能" time="0.024">
    </testcase>
    <testcase classname="用户体验测试 › 交互反馈测试" name="应该显示成功消息" time="0.117">
    </testcase>
    <testcase classname="用户体验测试 › 交互反馈测试" name="应该显示失败消息" time="0.113">
    </testcase>
    <testcase classname="用户体验测试 › 交互反馈测试" name="应该提供视觉反馈" time="0.025">
    </testcase>
    <testcase classname="用户体验测试 › 交互反馈测试" name="应该支持键盘导航" time="0.05">
    </testcase>
    <testcase classname="用户体验测试 › 空状态测试" name="应该显示空状态页面" time="0.009">
    </testcase>
    <testcase classname="用户体验测试 › 空状态测试" name="应该在有数据时显示列表" time="0.009">
    </testcase>
    <testcase classname="用户体验测试 › 表单验证测试" name="应该验证必填字段" time="0.081">
    </testcase>
    <testcase classname="用户体验测试 › 表单验证测试" name="应该实时验证输入内容" time="0.09">
    </testcase>
    <testcase classname="用户体验测试 › 响应式交互测试" name="应该在移动设备上正确显示" time="0.012">
    </testcase>
    <testcase classname="用户体验测试 › 响应式交互测试" name="应该支持触摸交互" time="0.023">
    </testcase>
    <testcase classname="用户体验测试 › 性能优化测试" name="应该防止重复提交" time="0.121">
    </testcase>
    <testcase classname="用户体验测试 › 性能优化测试" name="应该优化大量数据的渲染" time="0.297">
    </testcase>
    <testcase classname="用户体验测试 › 无障碍访问测试" name="应该提供正确的ARIA标签" time="0.014">
    </testcase>
    <testcase classname="用户体验测试 › 无障碍访问测试" name="应该支持屏幕阅读器" time="0.022">
    </testcase>
    <testcase classname="用户体验测试 › 无障碍访问测试" name="应该提供键盘快捷键支持" time="0.015">
    </testcase>
  </testsuite>
</testsuites>